[ 2015-06-23T00:42:47+08:00 ] 127.0.0.1 /WarehouseManagementSystem/server/index.php/Home/Index/login?username=ztf&password=123245
INFO: [ app_init ] --START--
INFO: Run Behavior\BuildLiteBehavior [ RunTime:0.000035s ]
INFO: [ app_init ] --END-- [ RunTime:0.001436s ]
INFO: [ app_begin ] --START--
INFO: Run Behavior\ReadHtmlCacheBehavior [ RunTime:0.002009s ]
INFO: [ app_begin ] --END-- [ RunTime:0.002222s ]
SQL: SHOW COLUMNS FROM `user` [ RunTime:0.0638s ]
SQL: SELECT * FROM `user` WHERE `username` = 'ztf' AND `password` = '123245'  [ RunTime:0.0239s ]

[ 2015-06-23T00:44:59+08:00 ] 127.0.0.1 /WarehouseManagementSystem/server/index.php/Home/Index/login?username=xinliuruoxi&password=ztf123245
INFO: [ app_init ] --START--
INFO: Run Behavior\BuildLiteBehavior [ RunTime:0.000021s ]
INFO: [ app_init ] --END-- [ RunTime:0.000629s ]
INFO: [ app_begin ] --START--
INFO: Run Behavior\ReadHtmlCacheBehavior [ RunTime:0.000931s ]
INFO: [ app_begin ] --END-- [ RunTime:0.001010s ]
SQL: SHOW COLUMNS FROM `user` [ RunTime:0.0049s ]
SQL: SELECT * FROM `user` WHERE `username` = 'xinliuruoxi' AND `password` = 'ztf123245'  [ RunTime:0.0005s ]

[ 2015-06-23T00:45:21+08:00 ] 127.0.0.1 /WarehouseManagementSystem/server/index.php/Home/Index/login?username=xinliuruoxi&password=ztf123245
INFO: [ app_init ] --START--
INFO: Run Behavior\BuildLiteBehavior [ RunTime:0.000019s ]
INFO: [ app_init ] --END-- [ RunTime:0.000747s ]
INFO: [ app_begin ] --START--
INFO: Run Behavior\ReadHtmlCacheBehavior [ RunTime:0.000963s ]
INFO: [ app_begin ] --END-- [ RunTime:0.001043s ]
SQL: SHOW COLUMNS FROM `user` [ RunTime:0.0048s ]
SQL: SELECT * FROM `user` WHERE `username` = 'xinliuruoxi' AND `password` = 'ztf123245'  [ RunTime:0.0004s ]

[ 2015-06-23T00:46:10+08:00 ] 127.0.0.1 /WarehouseManagementSystem/server/index.php/Home/Index/login?username=xinliuruoxi&password=ztf123245
INFO: [ app_init ] --START--
INFO: Run Behavior\BuildLiteBehavior [ RunTime:0.000014s ]
INFO: [ app_init ] --END-- [ RunTime:0.000414s ]
INFO: [ app_begin ] --START--
INFO: Run Behavior\ReadHtmlCacheBehavior [ RunTime:0.000620s ]
INFO: [ app_begin ] --END-- [ RunTime:0.000674s ]
SQL: SHOW COLUMNS FROM `user` [ RunTime:0.0047s ]
SQL: SELECT * FROM `user` WHERE `username` = 'xinliuruoxi' AND `password` = 'ztf123245'  [ RunTime:0.0005s ]

[ 2015-06-23T00:50:13+08:00 ] 127.0.0.1 /WarehouseManagementSystem/server/index.php/Home/Index/login?username=xinliuruoxi&password=ztf123245
INFO: [ app_init ] --START--
INFO: Run Behavior\BuildLiteBehavior [ RunTime:0.000013s ]
INFO: [ app_init ] --END-- [ RunTime:0.000436s ]
INFO: [ app_begin ] --START--
INFO: Run Behavior\ReadHtmlCacheBehavior [ RunTime:0.000616s ]
INFO: [ app_begin ] --END-- [ RunTime:0.000674s ]
SQL: SHOW COLUMNS FROM `user` [ RunTime:0.0049s ]
SQL: SELECT * FROM `user` WHERE `username` = 'xinliuruoxi' AND `password` = 'ztf123245'  [ RunTime:0.0004s ]

[ 2015-06-23T00:52:19+08:00 ] 127.0.0.1 /WarehouseManagementSystem/server/index.php/Home/Index/login?username=xinliuruoxi&password=ztf123245
INFO: [ app_init ] --START--
INFO: Run Behavior\BuildLiteBehavior [ RunTime:0.000014s ]
INFO: [ app_init ] --END-- [ RunTime:0.000419s ]
INFO: [ app_begin ] --START--
INFO: Run Behavior\ReadHtmlCacheBehavior [ RunTime:0.000629s ]
INFO: [ app_begin ] --END-- [ RunTime:0.000682s ]
SQL: SHOW COLUMNS FROM `user` [ RunTime:0.0051s ]
SQL: SELECT * FROM `user` WHERE `username` = 'xinliuruoxi' AND `password` = 'ztf123245'  [ RunTime:0.0005s ]

[ 2015-06-23T00:52:48+08:00 ] 127.0.0.1 /WarehouseManagementSystem/server/index.php/Home/Index/Login?username=xinliuruoxi&password=ztf123245
INFO: [ app_init ] --START--
INFO: Run Behavior\BuildLiteBehavior [ RunTime:0.000025s ]
INFO: [ app_init ] --END-- [ RunTime:0.000506s ]
INFO: [ app_begin ] --START--
INFO: Run Behavior\ReadHtmlCacheBehavior [ RunTime:0.000575s ]
INFO: [ app_begin ] --END-- [ RunTime:0.000622s ]
SQL: SHOW COLUMNS FROM `user` [ RunTime:0.0052s ]
SQL: SELECT * FROM `user` WHERE `username` = 'xinliuruoxi' AND `password` = 'ztf123245'  [ RunTime:0.0004s ]

[ 2015-06-23T00:52:53+08:00 ] 127.0.0.1 /WarehouseManagementSystem/server/index.php/Home/Index/Login?username=xinliuruox&password=
INFO: [ app_init ] --START--
INFO: Run Behavior\BuildLiteBehavior [ RunTime:0.000031s ]
INFO: [ app_init ] --END-- [ RunTime:0.000985s ]
INFO: [ app_begin ] --START--
INFO: Run Behavior\ReadHtmlCacheBehavior [ RunTime:0.001507s ]
INFO: [ app_begin ] --END-- [ RunTime:0.001646s ]
SQL: SHOW COLUMNS FROM `user` [ RunTime:0.0049s ]
SQL: SELECT * FROM `user` WHERE `username` = 'xinliuruox' AND `password` = ''  [ RunTime:0.0004s ]

[ 2015-06-23T00:52:56+08:00 ] 127.0.0.1 /WarehouseManagementSystem/server/index.php/Home/Index/Login?username=xinliuruoxi&password=ztf123245
INFO: [ app_init ] --START--
INFO: Run Behavior\BuildLiteBehavior [ RunTime:0.000016s ]
INFO: [ app_init ] --END-- [ RunTime:0.000448s ]
INFO: [ app_begin ] --START--
INFO: Run Behavior\ReadHtmlCacheBehavior [ RunTime:0.000648s ]
INFO: [ app_begin ] --END-- [ RunTime:0.000705s ]
SQL: SHOW COLUMNS FROM `user` [ RunTime:0.0052s ]
SQL: SELECT * FROM `user` WHERE `username` = 'xinliuruoxi' AND `password` = 'ztf123245'  [ RunTime:0.0004s ]

[ 2015-06-23T00:53:39+08:00 ] 127.0.0.1 /WarehouseManagementSystem/server/index.php/Home/Index/Login?username=xinliuruoxi&password=ztf123245
INFO: [ app_init ] --START--
INFO: Run Behavior\BuildLiteBehavior [ RunTime:0.000014s ]
INFO: [ app_init ] --END-- [ RunTime:0.000499s ]
INFO: [ app_begin ] --START--
INFO: Run Behavior\ReadHtmlCacheBehavior [ RunTime:0.000536s ]
INFO: [ app_begin ] --END-- [ RunTime:0.000588s ]
ERR: 非法操作:Login

[ 2015-06-23T00:53:39+08:00 ] 127.0.0.1 /WarehouseManagementSystem/server/index.php/Home/Index/Login?username=xinliuruoxi&password=ztf123245
INFO: [ app_init ] --START--
INFO: Run Behavior\BuildLiteBehavior [ RunTime:0.000034s ]
INFO: [ app_init ] --END-- [ RunTime:0.001185s ]
INFO: [ app_begin ] --START--
INFO: Run Behavior\ReadHtmlCacheBehavior [ RunTime:0.000914s ]
INFO: [ app_begin ] --END-- [ RunTime:0.000994s ]
ERR: 非法操作:Login

[ 2015-06-23T00:53:54+08:00 ] 127.0.0.1 /WarehouseManagementSystem/server/index.php/Home/Index/loginCheck?username=xinliuruoxi&password=ztf123245
INFO: [ app_init ] --START--
INFO: Run Behavior\BuildLiteBehavior [ RunTime:0.000014s ]
INFO: [ app_init ] --END-- [ RunTime:0.000393s ]
INFO: [ app_begin ] --START--
INFO: Run Behavior\ReadHtmlCacheBehavior [ RunTime:0.000507s ]
INFO: [ app_begin ] --END-- [ RunTime:0.000554s ]
SQL: SHOW COLUMNS FROM `user` [ RunTime:0.0051s ]
SQL: SELECT * FROM `user` WHERE `username` = 'xinliuruoxi' AND `password` = 'ztf123245'  [ RunTime:0.0005s ]

[ 2015-06-23T00:59:09+08:00 ] 127.0.0.1 /WarehouseManagementSystem/server/index.php/Home/Index/loginCheck?username=xinliuruoxi&password=ztf123245
INFO: [ app_init ] --START--
INFO: Run Behavior\BuildLiteBehavior [ RunTime:0.000019s ]
INFO: [ app_init ] --END-- [ RunTime:0.000581s ]
INFO: [ app_begin ] --START--
INFO: Run Behavior\ReadHtmlCacheBehavior [ RunTime:0.000960s ]
INFO: [ app_begin ] --END-- [ RunTime:0.001041s ]
SQL: SHOW COLUMNS FROM `user` [ RunTime:0.0068s ]
SQL: SELECT * FROM `user` WHERE `username` = 'xinliuruoxi' AND `password` = 'ztf123245'  [ RunTime:0.0005s ]
SQL: UPDATE `user` SET `lasttime`='2015-06-22' WHERE `username` = 'xinliuruoxi' AND `password` = 'ztf123245' [ RunTime:0.1001s ]

[ 2015-06-23T01:00:24+08:00 ] 127.0.0.1 /WarehouseManagementSystem/server/index.php/Home/Index/loginCheck?username=xinliuruoxi&password=ztf123245
INFO: [ app_init ] --START--
INFO: Run Behavior\BuildLiteBehavior [ RunTime:0.000014s ]
INFO: [ app_init ] --END-- [ RunTime:0.000406s ]
INFO: [ app_begin ] --START--
INFO: Run Behavior\ReadHtmlCacheBehavior [ RunTime:0.000595s ]
INFO: [ app_begin ] --END-- [ RunTime:0.000648s ]
SQL: SHOW COLUMNS FROM `user` [ RunTime:0.0049s ]
SQL: SELECT * FROM `user` WHERE `username` = 'xinliuruoxi' AND `password` = 'ztf123245'  [ RunTime:0.0005s ]
SQL: UPDATE `user` SET `lasttime`='15-06-23 01:00:24' WHERE `username` = 'xinliuruoxi' AND `password` = 'ztf123245' [ RunTime:0.0766s ]

[ 2015-06-23T01:01:31+08:00 ] 127.0.0.1 /WarehouseManagementSystem/server/index.php/Home/Index/loginCheck?username=xinliuruoxi&password=ztf123245
INFO: [ app_init ] --START--
INFO: Run Behavior\BuildLiteBehavior [ RunTime:0.000018s ]
INFO: [ app_init ] --END-- [ RunTime:0.000572s ]
INFO: [ app_begin ] --START--
INFO: Run Behavior\ReadHtmlCacheBehavior [ RunTime:0.000769s ]
INFO: [ app_begin ] --END-- [ RunTime:0.000829s ]
SQL: SHOW COLUMNS FROM `user` [ RunTime:0.0060s ]
SQL: SELECT * FROM `user` WHERE `username` = 'xinliuruoxi' AND `password` = 'ztf123245'  [ RunTime:0.0005s ]
SQL: UPDATE `user` SET `lasttime`='15-06-23 01:01:30' WHERE `username` = 'xinliuruoxi' AND `password` = 'ztf123245' [ RunTime:0.1047s ]

[ 2015-06-23T15:06:29+08:00 ] 127.0.0.1 /Esms/server/index.php/Home/Index/loginCheck?username=xinliuruoxi&password=ztf123245
INFO: [ app_init ] --START--
INFO: Run Behavior\BuildLiteBehavior [ RunTime:0.000016s ]
INFO: [ app_init ] --END-- [ RunTime:0.006932s ]
INFO: [ app_begin ] --START--
INFO: Run Behavior\ReadHtmlCacheBehavior [ RunTime:0.001682s ]
INFO: [ app_begin ] --END-- [ RunTime:0.001824s ]
SQL: SHOW COLUMNS FROM `user` [ RunTime:0.0618s ]
SQL: SELECT * FROM `user` WHERE `username` = 'xinliuruoxi' AND `password` = 'ztf123245'  [ RunTime:0.0145s ]
SQL: UPDATE `user` SET `lasttime`='15-06-23 03:06:29' WHERE `username` = 'xinliuruoxi' AND `password` = 'ztf123245' [ RunTime:0.0977s ]

[ 2015-06-23T15:14:12+08:00 ] 127.0.0.1 /Esms/server/index.php/Home/Index/loginCheck?username=xinliuruoxi&password=ztf123245
INFO: [ app_init ] --START--
INFO: Run Behavior\BuildLiteBehavior [ RunTime:0.000015s ]
INFO: [ app_init ] --END-- [ RunTime:0.000453s ]
INFO: [ app_begin ] --START--
INFO: Run Behavior\ReadHtmlCacheBehavior [ RunTime:0.000664s ]
INFO: [ app_begin ] --END-- [ RunTime:0.000717s ]
SQL: SHOW COLUMNS FROM `user` [ RunTime:0.0042s ]
SQL: SELECT * FROM `user` WHERE `username` = 'xinliuruoxi' AND `password` = 'ztf123245'  [ RunTime:0.0004s ]
SQL: UPDATE `user` SET `lasttime`='15-06-23 03:06:12' WHERE `username` = 'xinliuruoxi' AND `password` = 'ztf123245' [ RunTime:0.0825s ]

[ 2015-06-23T15:14:43+08:00 ] 127.0.0.1 /Esms/server/index.php/Home/Index/loginCheck?username=xinliuruoxi&password=ztf123245
INFO: [ app_init ] --START--
INFO: Run Behavior\BuildLiteBehavior [ RunTime:0.000035s ]
INFO: [ app_init ] --END-- [ RunTime:0.001226s ]
INFO: [ app_begin ] --START--
INFO: Run Behavior\ReadHtmlCacheBehavior [ RunTime:0.001690s ]
INFO: [ app_begin ] --END-- [ RunTime:0.001835s ]
SQL: SHOW COLUMNS FROM `user` [ RunTime:0.0046s ]
SQL: SELECT * FROM `user` WHERE `username` = 'xinliuruoxi' AND `password` = 'ztf123245'  [ RunTime:0.0004s ]
SQL: UPDATE `user` SET `lasttime`='15-06-23 03:14:43' WHERE `username` = 'xinliuruoxi' AND `password` = 'ztf123245' [ RunTime:0.1879s ]

[ 2015-06-23T15:16:48+08:00 ] 127.0.0.1 /Esms/server/index.php/Home/Index/loginCheck?username=xinliuruoxi&password=ztf123245
INFO: [ app_init ] --START--
INFO: Run Behavior\BuildLiteBehavior [ RunTime:0.000019s ]
INFO: [ app_init ] --END-- [ RunTime:0.000577s ]
INFO: [ app_begin ] --START--
INFO: Run Behavior\ReadHtmlCacheBehavior [ RunTime:0.000881s ]
INFO: [ app_begin ] --END-- [ RunTime:0.000963s ]
SQL: SHOW COLUMNS FROM `user` [ RunTime:0.0051s ]
SQL: SELECT * FROM `user` WHERE `username` = 'xinliuruoxi' AND `password` = 'ztf123245'  [ RunTime:0.0006s ]
SQL: UPDATE `user` SET `lasttime`='15-06-23 15:16:48' WHERE `username` = 'xinliuruoxi' AND `password` = 'ztf123245' [ RunTime:0.1918s ]

[ 2015-06-23T15:28:19+08:00 ] 127.0.0.1 /Esms/server/index.php/Home/Index/loginCheck?username=xinliuruoxi&password=ztf123245
INFO: [ app_init ] --START--
INFO: Run Behavior\BuildLiteBehavior [ RunTime:0.000017s ]
INFO: [ app_init ] --END-- [ RunTime:0.000985s ]
INFO: [ app_begin ] --START--
INFO: Run Behavior\ReadHtmlCacheBehavior [ RunTime:0.000697s ]
INFO: [ app_begin ] --END-- [ RunTime:0.000754s ]
SQL: SHOW COLUMNS FROM `user` [ RunTime:0.0039s ]
SQL: SELECT * FROM `user` WHERE `username` = 'xinliuruoxi' AND `password` = 'ztf123245'  [ RunTime:0.0005s ]
SQL: UPDATE `user` SET `lasttime`='15-06-23 15:28:19' WHERE `username` = 'xinliuruoxi' AND `password` = 'ztf123245' [ RunTime:0.1029s ]

[ 2015-06-23T16:19:32+08:00 ] 127.0.0.1 /Esms/server/index.php/Home/Index/loginCheck?username=xinliuruoxi&password=ztf123245
INFO: [ app_init ] --START--
INFO: Run Behavior\BuildLiteBehavior [ RunTime:0.000022s ]
INFO: [ app_init ] --END-- [ RunTime:0.000909s ]
INFO: [ app_begin ] --START--
INFO: Run Behavior\ReadHtmlCacheBehavior [ RunTime:0.000847s ]
INFO: [ app_begin ] --END-- [ RunTime:0.000921s ]
SQL: SHOW COLUMNS FROM `user` [ RunTime:0.0036s ]
SQL: SELECT * FROM `user` WHERE `username` = 'xinliuruoxi' AND `password` = 'ztf123245'  [ RunTime:0.0005s ]
SQL: UPDATE `user` SET `lasttime`='15-06-23 16:19:32' WHERE `username` = 'xinliuruoxi' AND `password` = 'ztf123245' [ RunTime:0.0977s ]
NOTIC: [8] Undefined index: userid D:\WampServer2.1a-x32\WampServer\wamp\www\Esms\server\Application\Home\Controller\IndexController.class.php 第 30 行.

[ 2015-06-23T16:32:27+08:00 ] 127.0.0.1 /Esms/server/
INFO: [ app_init ] --START--
INFO: Run Behavior\BuildLiteBehavior [ RunTime:0.000020s ]
INFO: [ app_init ] --END-- [ RunTime:0.000573s ]
INFO: [ app_begin ] --START--
INFO: Run Behavior\ReadHtmlCacheBehavior [ RunTime:0.000805s ]
INFO: [ app_begin ] --END-- [ RunTime:0.000876s ]
INFO: [ app_end ] --START--
INFO: Run Behavior\ShowPageTraceBehavior [ RunTime:0.024769s ]
INFO: [ app_end ] --END-- [ RunTime:0.024866s ]

[ 2015-06-23T16:33:12+08:00 ] 127.0.0.1 /Esms/server/index.php/Home/User/getUser
INFO: [ app_init ] --START--
INFO: Run Behavior\BuildLiteBehavior [ RunTime:0.000015s ]
INFO: [ app_init ] --END-- [ RunTime:0.000399s ]
INFO: [ app_begin ] --START--
INFO: Run Behavior\ReadHtmlCacheBehavior [ RunTime:0.000604s ]
INFO: [ app_begin ] --END-- [ RunTime:0.000664s ]
ERR: 无法加载控制器:User

[ 2015-06-23T16:33:39+08:00 ] 127.0.0.1 /Esms/server/index.php/Home/User/getUser
INFO: [ app_init ] --START--
INFO: Run Behavior\BuildLiteBehavior [ RunTime:0.000016s ]
INFO: [ app_init ] --END-- [ RunTime:0.000427s ]
INFO: [ app_begin ] --START--
INFO: Run Behavior\ReadHtmlCacheBehavior [ RunTime:0.000593s ]
INFO: [ app_begin ] --END-- [ RunTime:0.000651s ]
SQL: SHOW COLUMNS FROM `user` [ RunTime:0.0035s ]
SQL: SELECT * FROM `user` `u`,`department` `d` WHERE ( u.d_id=d.d_id )  [ RunTime:0.0004s ]
INFO: [ app_end ] --START--
INFO: Run Behavior\ShowPageTraceBehavior [ RunTime:0.001461s ]
INFO: [ app_end ] --END-- [ RunTime:0.001595s ]

[ 2015-06-23T16:36:21+08:00 ] 127.0.0.1 /Esms/server/index.php/Home/User/getUser
INFO: [ app_init ] --START--
INFO: Run Behavior\BuildLiteBehavior [ RunTime:0.000020s ]
INFO: [ app_init ] --END-- [ RunTime:0.000490s ]
INFO: [ app_begin ] --START--
INFO: Run Behavior\ReadHtmlCacheBehavior [ RunTime:0.000599s ]
INFO: [ app_begin ] --END-- [ RunTime:0.000657s ]
SQL: SHOW COLUMNS FROM `user` [ RunTime:0.0051s ]
SQL: SELECT * FROM `user` `u`,`department` `d` WHERE ( u.d_id=d.d_id ) GROUP BY u_id,type  [ RunTime:0.0006s ]
INFO: [ app_end ] --START--
INFO: Run Behavior\ShowPageTraceBehavior [ RunTime:0.000740s ]
INFO: [ app_end ] --END-- [ RunTime:0.000810s ]

[ 2015-06-23T16:36:23+08:00 ] 127.0.0.1 /Esms/server/index.php/Home/User/getUser
INFO: [ app_init ] --START--
INFO: Run Behavior\BuildLiteBehavior [ RunTime:0.000014s ]
INFO: [ app_init ] --END-- [ RunTime:0.000334s ]
INFO: [ app_begin ] --START--
INFO: Run Behavior\ReadHtmlCacheBehavior [ RunTime:0.000476s ]
INFO: [ app_begin ] --END-- [ RunTime:0.000530s ]
SQL: SHOW COLUMNS FROM `user` [ RunTime:0.0040s ]
SQL: SELECT * FROM `user` `u`,`department` `d` WHERE ( u.d_id=d.d_id ) GROUP BY u_id,type  [ RunTime:0.0006s ]
INFO: [ app_end ] --START--
INFO: Run Behavior\ShowPageTraceBehavior [ RunTime:0.000688s ]
INFO: [ app_end ] --END-- [ RunTime:0.000752s ]

[ 2015-06-23T16:36:24+08:00 ] 127.0.0.1 /Esms/server/index.php/Home/User/getUser
INFO: [ app_init ] --START--
INFO: Run Behavior\BuildLiteBehavior [ RunTime:0.000032s ]
INFO: [ app_init ] --END-- [ RunTime:0.000755s ]
INFO: [ app_begin ] --START--
INFO: Run Behavior\ReadHtmlCacheBehavior [ RunTime:0.000578s ]
INFO: [ app_begin ] --END-- [ RunTime:0.000657s ]
SQL: SHOW COLUMNS FROM `user` [ RunTime:0.0038s ]
SQL: SELECT * FROM `user` `u`,`department` `d` WHERE ( u.d_id=d.d_id ) GROUP BY u_id,type  [ RunTime:0.0007s ]
INFO: [ app_end ] --START--
INFO: Run Behavior\ShowPageTraceBehavior [ RunTime:0.000886s ]
INFO: [ app_end ] --END-- [ RunTime:0.000975s ]

[ 2015-06-23T16:36:45+08:00 ] 127.0.0.1 /Esms/server/index.php/Home/User/getUser
INFO: [ app_init ] --START--
INFO: Run Behavior\BuildLiteBehavior [ RunTime:0.000020s ]
INFO: [ app_init ] --END-- [ RunTime:0.000566s ]
INFO: [ app_begin ] --START--
INFO: Run Behavior\ReadHtmlCacheBehavior [ RunTime:0.000911s ]
INFO: [ app_begin ] --END-- [ RunTime:0.001039s ]
SQL: SHOW COLUMNS FROM `user` [ RunTime:0.0037s ]
SQL: SELECT * FROM `user` `u`,`department` `d`  [ RunTime:0.0037s ]
INFO: [ app_end ] --START--
INFO: Run Behavior\ShowPageTraceBehavior [ RunTime:0.000919s ]
INFO: [ app_end ] --END-- [ RunTime:0.000991s ]

[ 2015-06-23T16:36:58+08:00 ] 127.0.0.1 /Esms/server/index.php/Home/User/getUser
INFO: [ app_init ] --START--
INFO: Run Behavior\BuildLiteBehavior [ RunTime:0.000015s ]
INFO: [ app_init ] --END-- [ RunTime:0.000377s ]
INFO: [ app_begin ] --START--
INFO: Run Behavior\ReadHtmlCacheBehavior [ RunTime:0.000526s ]
INFO: [ app_begin ] --END-- [ RunTime:0.000585s ]
SQL: SHOW COLUMNS FROM `user` [ RunTime:0.0037s ]
SQL: SELECT * FROM `user` `u`,`department` `d` WHERE ( u.d_id=d.d_id )  [ RunTime:0.0004s ]
INFO: [ app_end ] --START--
INFO: Run Behavior\ShowPageTraceBehavior [ RunTime:0.004397s ]
INFO: [ app_end ] --END-- [ RunTime:0.004510s ]

[ 2015-06-23T16:38:23+08:00 ] 127.0.0.1 /Esms/server/index.php/Home/User/getUser
INFO: [ app_init ] --START--
INFO: Run Behavior\BuildLiteBehavior [ RunTime:0.000026s ]
INFO: [ app_init ] --END-- [ RunTime:0.000543s ]
INFO: [ app_begin ] --START--
INFO: Run Behavior\ReadHtmlCacheBehavior [ RunTime:0.000618s ]
INFO: [ app_begin ] --END-- [ RunTime:0.000682s ]
SQL: SHOW COLUMNS FROM `user` [ RunTime:0.0041s ]
SQL: SELECT `u_id`,`type` FROM `user` `u`,`department` `d` WHERE ( u.d_id=d.d_id )  [ RunTime:0.0004s ]
INFO: [ app_end ] --START--
INFO: Run Behavior\ShowPageTraceBehavior [ RunTime:0.000849s ]
INFO: [ app_end ] --END-- [ RunTime:0.000927s ]

[ 2015-06-23T16:41:07+08:00 ] 127.0.0.1 /Esms/server/index.php/Home/User/getUser
INFO: [ app_init ] --START--
INFO: Run Behavior\BuildLiteBehavior [ RunTime:0.000015s ]
INFO: [ app_init ] --END-- [ RunTime:0.000413s ]
INFO: [ app_begin ] --START--
INFO: Run Behavior\ReadHtmlCacheBehavior [ RunTime:0.000584s ]
INFO: [ app_begin ] --END-- [ RunTime:0.000643s ]
SQL: SHOW COLUMNS FROM `user` [ RunTime:0.0036s ]
SQL: SELECT `u_id`,`username`,`usertype`,`type`,`createtime`,`lasttime` FROM `user` `u`,`department` `d` WHERE ( u.d_id=d.d_id )  [ RunTime:0.0004s ]
INFO: [ app_end ] --START--
INFO: Run Behavior\ShowPageTraceBehavior [ RunTime:0.000721s ]
INFO: [ app_end ] --END-- [ RunTime:0.000785s ]

[ 2015-06-23T16:43:03+08:00 ] 127.0.0.1 /Esms/server/index.php/Home/User/getUser
INFO: [ app_init ] --START--
INFO: Run Behavior\BuildLiteBehavior [ RunTime:0.000015s ]
INFO: [ app_init ] --END-- [ RunTime:0.000408s ]
INFO: [ app_begin ] --START--
INFO: Run Behavior\ReadHtmlCacheBehavior [ RunTime:0.000551s ]
INFO: [ app_begin ] --END-- [ RunTime:0.000613s ]
SQL: SHOW COLUMNS FROM `user` [ RunTime:0.0050s ]
SQL: SELECT `u_id`,`username`,`usertype`,`type`,`createtime`,`lasttime` FROM `user` `u`,`department` `d` WHERE ( u.d_id=d.d_id )  [ RunTime:0.0004s ]

[ 2015-06-23T16:45:28+08:00 ] 127.0.0.1 /Esms/server/index.php/Home/Index/loginCheck?username=xinliuruoxi&password=ztf123245
INFO: [ app_init ] --START--
INFO: Run Behavior\BuildLiteBehavior [ RunTime:0.000021s ]
INFO: [ app_init ] --END-- [ RunTime:0.000603s ]
INFO: [ app_begin ] --START--
INFO: Run Behavior\ReadHtmlCacheBehavior [ RunTime:0.000919s ]
INFO: [ app_begin ] --END-- [ RunTime:0.001003s ]
SQL: SHOW COLUMNS FROM `user` [ RunTime:0.0038s ]
SQL: SELECT * FROM `user` WHERE `username` = 'xinliuruoxi' AND `password` = 'ztf123245'  [ RunTime:0.0005s ]
SQL: UPDATE `user` SET `lasttime`='15-06-23 16:45:28' WHERE `username` = 'xinliuruoxi' AND `password` = 'ztf123245' [ RunTime:0.0825s ]
NOTIC: [8] Undefined index: userid D:\WampServer2.1a-x32\WampServer\wamp\www\Esms\server\Application\Home\Controller\IndexController.class.php 第 30 行.

[ 2015-06-23T16:45:54+08:00 ] 127.0.0.1 /Esms/server/index.php/Home/Index/loginCheck?username=xinliuruoxi&password=ztf123245
INFO: [ app_init ] --START--
INFO: Run Behavior\BuildLiteBehavior [ RunTime:0.000015s ]
INFO: [ app_init ] --END-- [ RunTime:0.000411s ]
INFO: [ app_begin ] --START--
INFO: Run Behavior\ReadHtmlCacheBehavior [ RunTime:0.000594s ]
INFO: [ app_begin ] --END-- [ RunTime:0.000647s ]
SQL: SHOW COLUMNS FROM `user` [ RunTime:0.0036s ]
SQL: SELECT * FROM `user` WHERE `username` = 'xinliuruoxi' AND `password` = 'ztf123245'  [ RunTime:0.0005s ]
SQL: UPDATE `user` SET `lasttime`='15-06-23 16:45:54' WHERE `username` = 'xinliuruoxi' AND `password` = 'ztf123245' [ RunTime:0.1157s ]

[ 2015-06-23T16:50:24+08:00 ] 127.0.0.1 /Esms/server/index.php/Home/User/getUser
INFO: [ app_init ] --START--
INFO: Run Behavior\BuildLiteBehavior [ RunTime:0.000017s ]
INFO: [ app_init ] --END-- [ RunTime:0.000413s ]
INFO: [ app_begin ] --START--
INFO: Run Behavior\ReadHtmlCacheBehavior [ RunTime:0.000597s ]
INFO: [ app_begin ] --END-- [ RunTime:0.000654s ]
SQL: SHOW COLUMNS FROM `user` [ RunTime:0.0034s ]
SQL: SELECT `u_id`,`username`,`usertype`,`type`,`createtime`,`lasttime` FROM `user` `u`,`department` `d` WHERE ( u.d_id=d.d_id )  [ RunTime:0.0004s ]

[ 2015-06-23T16:51:35+08:00 ] 127.0.0.1 /Esms/server/index.php/Home/User/getUser
INFO: [ app_init ] --START--
INFO: Run Behavior\BuildLiteBehavior [ RunTime:0.000015s ]
INFO: [ app_init ] --END-- [ RunTime:0.000377s ]
INFO: [ app_begin ] --START--
INFO: Run Behavior\ReadHtmlCacheBehavior [ RunTime:0.000526s ]
INFO: [ app_begin ] --END-- [ RunTime:0.000584s ]
SQL: SHOW COLUMNS FROM `user` [ RunTime:0.0041s ]
SQL: SELECT `u_id`,`username`,`usertype`,`type`,`createtime`,`lasttime` FROM `user` `u`,`department` `d` WHERE ( u.d_id=d.d_id )  [ RunTime:0.0006s ]

[ 2015-06-23T17:05:04+08:00 ] 127.0.0.1 /Esms/server/index.php/Home/User/getUser?userid=1
INFO: [ app_init ] --START--
INFO: Run Behavior\BuildLiteBehavior [ RunTime:0.000023s ]
INFO: [ app_init ] --END-- [ RunTime:0.000655s ]
INFO: [ app_begin ] --START--
INFO: Run Behavior\ReadHtmlCacheBehavior [ RunTime:0.000973s ]
INFO: [ app_begin ] --END-- [ RunTime:0.001077s ]
SQL: SHOW COLUMNS FROM `user` [ RunTime:0.0053s ]
SQL: SELECT `u_id`,`username`,`usertype`,`type`,`createtime`,`lasttime` FROM `user` `u`,`department` `d` WHERE ( u.d_id=d.d_id )  [ RunTime:0.0004s ]

[ 2015-06-23T17:08:16+08:00 ] 127.0.0.1 /Esms/server/index.php/Home/User/getUser?userid=1
INFO: [ app_init ] --START--
INFO: Run Behavior\BuildLiteBehavior [ RunTime:0.000018s ]
INFO: [ app_init ] --END-- [ RunTime:0.000523s ]
INFO: [ app_begin ] --START--
INFO: Run Behavior\ReadHtmlCacheBehavior [ RunTime:0.001301s ]
INFO: [ app_begin ] --END-- [ RunTime:0.001438s ]
SQL: SHOW COLUMNS FROM `user` [ RunTime:0.0044s ]
SQL: SELECT `u_id`,`username`,`usertype`,`type`,`createtime`,`lasttime` FROM `user` `u`,`department` `d` WHERE ( u.d_id=d.d_id )  [ RunTime:0.0004s ]

[ 2015-06-23T17:08:58+08:00 ] 127.0.0.1 /Esms/server/index.php/Home/User/getUser?userid=1
INFO: [ app_init ] --START--
INFO: Run Behavior\BuildLiteBehavior [ RunTime:0.000017s ]
INFO: [ app_init ] --END-- [ RunTime:0.000432s ]
INFO: [ app_begin ] --START--
INFO: Run Behavior\ReadHtmlCacheBehavior [ RunTime:0.000569s ]
INFO: [ app_begin ] --END-- [ RunTime:0.000631s ]
SQL: SHOW COLUMNS FROM `user` [ RunTime:0.0041s ]
SQL: SELECT `u_id`,`username`,`usertype`,`type`,`createtime`,`lasttime` FROM `user` `u`,`department` `d` WHERE ( u.d_id=d.d_id )  [ RunTime:0.0004s ]

[ 2015-06-23T17:09:11+08:00 ] 127.0.0.1 /Esms/server/index.php/Home/User/getUser?userid=1
INFO: [ app_init ] --START--
INFO: Run Behavior\BuildLiteBehavior [ RunTime:0.000037s ]
INFO: [ app_init ] --END-- [ RunTime:0.000616s ]
INFO: [ app_begin ] --START--
INFO: Run Behavior\ReadHtmlCacheBehavior [ RunTime:0.000821s ]
INFO: [ app_begin ] --END-- [ RunTime:0.000898s ]
SQL: SHOW COLUMNS FROM `user` [ RunTime:0.0042s ]
SQL: SELECT `u_id`,`username`,`usertype`,`type`,`createtime`,`lasttime` FROM `user` `u`,`department` `d` WHERE ( u.d_id=d.d_id )  [ RunTime:0.0003s ]

[ 2015-06-23T17:09:20+08:00 ] 127.0.0.1 /Esms/server/index.php/Home/User/getUser?userid=1
INFO: [ app_init ] --START--
INFO: Run Behavior\BuildLiteBehavior [ RunTime:0.000029s ]
INFO: [ app_init ] --END-- [ RunTime:0.000675s ]
INFO: [ app_begin ] --START--
INFO: Run Behavior\ReadHtmlCacheBehavior [ RunTime:0.001175s ]
INFO: [ app_begin ] --END-- [ RunTime:0.001291s ]
SQL: SHOW COLUMNS FROM `user` [ RunTime:0.0054s ]
SQL: SELECT `u_id`,`username`,`usertype`,`type`,`createtime`,`lasttime` FROM `user` `u`,`department` `d` WHERE ( u.d_id=d.d_id )  [ RunTime:0.0004s ]

[ 2015-06-23T17:09:25+08:00 ] 127.0.0.1 /Esms/server/index.php/Home/User/getUser?userid=1
INFO: [ app_init ] --START--
INFO: Run Behavior\BuildLiteBehavior [ RunTime:0.000020s ]
INFO: [ app_init ] --END-- [ RunTime:0.000725s ]
INFO: [ app_begin ] --START--
INFO: Run Behavior\ReadHtmlCacheBehavior [ RunTime:0.000865s ]
INFO: [ app_begin ] --END-- [ RunTime:0.000986s ]
SQL: SHOW COLUMNS FROM `user` [ RunTime:0.0054s ]
SQL: SELECT `u_id`,`username`,`usertype`,`type`,`createtime`,`lasttime` FROM `user` `u`,`department` `d` WHERE ( u.d_id=d.d_id )  [ RunTime:0.0011s ]

[ 2015-06-23T17:10:34+08:00 ] 127.0.0.1 /Esms/server/index.php/Home/User/getUser?userid=1
INFO: [ app_init ] --START--
INFO: Run Behavior\BuildLiteBehavior [ RunTime:0.000015s ]
INFO: [ app_init ] --END-- [ RunTime:0.000456s ]
INFO: [ app_begin ] --START--
INFO: Run Behavior\ReadHtmlCacheBehavior [ RunTime:0.000612s ]
INFO: [ app_begin ] --END-- [ RunTime:0.000666s ]
SQL: SHOW COLUMNS FROM `user` [ RunTime:0.0040s ]
ERR: SQLSTATE[42S22]: Column not found: 1054 Unknown column 'admin' in 'where clause'

[ 2015-06-23T17:11:31+08:00 ] 127.0.0.1 /Esms/server/index.php/Home/User/getUser?userid=1
INFO: [ app_init ] --START--
INFO: Run Behavior\BuildLiteBehavior [ RunTime:0.000022s ]
INFO: [ app_init ] --END-- [ RunTime:0.000644s ]
INFO: [ app_begin ] --START--
INFO: Run Behavior\ReadHtmlCacheBehavior [ RunTime:0.003461s ]
INFO: [ app_begin ] --END-- [ RunTime:0.003715s ]
SQL: SHOW COLUMNS FROM `user` [ RunTime:0.0050s ]
ERR: SQLSTATE[42S22]: Column not found: 1054 Unknown column 'admin' in 'where clause'

[ 2015-06-23T17:11:44+08:00 ] 127.0.0.1 /Esms/server/index.php/Home/User/getUser?userid=1
INFO: [ app_init ] --START--
INFO: Run Behavior\BuildLiteBehavior [ RunTime:0.000016s ]
INFO: [ app_init ] --END-- [ RunTime:0.000532s ]
INFO: [ app_begin ] --START--
INFO: Run Behavior\ReadHtmlCacheBehavior [ RunTime:0.001587s ]
INFO: [ app_begin ] --END-- [ RunTime:0.001715s ]
SQL: SHOW COLUMNS FROM `user` [ RunTime:0.0041s ]
ERR: SQLSTATE[42000]: Syntax error or access violation: 1064 You have an error in your SQL syntax; check the manual that corresponds to your MySQL server version for the right syntax to use near 'admin )' at line 1

[ 2015-06-23T17:11:53+08:00 ] 127.0.0.1 /Esms/server/index.php/Home/User/getUser?userid=1
INFO: [ app_init ] --START--
INFO: Run Behavior\BuildLiteBehavior [ RunTime:0.000023s ]
INFO: [ app_init ] --END-- [ RunTime:0.000531s ]
INFO: [ app_begin ] --START--
INFO: Run Behavior\ReadHtmlCacheBehavior [ RunTime:0.000750s ]
INFO: [ app_begin ] --END-- [ RunTime:0.000824s ]
SQL: SHOW COLUMNS FROM `user` [ RunTime:0.0044s ]
SQL: SELECT `u_id`,`username`,`usertype`,`type`,`createtime`,`lasttime` FROM `user` `u`,`department` `d` WHERE ( u.d_id=d.d_id )  [ RunTime:0.0004s ]

[ 2015-06-23T17:12:25+08:00 ] 127.0.0.1 /Esms/server/index.php/Home/User/getUser?userid=1
INFO: [ app_init ] --START--
INFO: Run Behavior\BuildLiteBehavior [ RunTime:0.000017s ]
INFO: [ app_init ] --END-- [ RunTime:0.000526s ]
INFO: [ app_begin ] --START--
INFO: Run Behavior\ReadHtmlCacheBehavior [ RunTime:0.000615s ]
INFO: [ app_begin ] --END-- [ RunTime:0.000669s ]
SQL: SHOW COLUMNS FROM `user` [ RunTime:0.0038s ]
SQL: SELECT `u_id`,`username`,`usertype`,`type`,`createtime`,`lasttime` FROM `user` `u`,`department` `d` WHERE ( u.d_id=d.d_id )  [ RunTime:0.0004s ]

[ 2015-06-23T17:12:31+08:00 ] 127.0.0.1 /Esms/server/index.php/Home/User/getUser?userid=1
INFO: [ app_init ] --START--
INFO: Run Behavior\BuildLiteBehavior [ RunTime:0.000032s ]
INFO: [ app_init ] --END-- [ RunTime:0.000723s ]
INFO: [ app_begin ] --START--
INFO: Run Behavior\ReadHtmlCacheBehavior [ RunTime:0.000832s ]
INFO: [ app_begin ] --END-- [ RunTime:0.000971s ]
SQL: SHOW COLUMNS FROM `user` [ RunTime:0.0042s ]
SQL: SELECT `u_id`,`username`,`usertype`,`type`,`createtime`,`lasttime` FROM `user` `u`,`department` `d` WHERE ( u.d_id=d.d_id )  [ RunTime:0.0004s ]

[ 2015-06-23T17:12:36+08:00 ] 127.0.0.1 /Esms/server/index.php/Home/User/getUser?userid=1
INFO: [ app_init ] --START--
INFO: Run Behavior\BuildLiteBehavior [ RunTime:0.000014s ]
INFO: [ app_init ] --END-- [ RunTime:0.000382s ]
INFO: [ app_begin ] --START--
INFO: Run Behavior\ReadHtmlCacheBehavior [ RunTime:0.000543s ]
INFO: [ app_begin ] --END-- [ RunTime:0.000599s ]
SQL: SHOW COLUMNS FROM `user` [ RunTime:0.0040s ]
SQL: SELECT `u_id`,`username`,`usertype`,`type`,`createtime`,`lasttime` FROM `user` `u`,`department` `d` WHERE ( u.d_id=d.d_id )  [ RunTime:0.0004s ]

[ 2015-06-23T17:12:43+08:00 ] 127.0.0.1 /Esms/server/index.php/Home/User/getUser?userid=1
INFO: [ app_init ] --START--
INFO: Run Behavior\BuildLiteBehavior [ RunTime:0.000015s ]
INFO: [ app_init ] --END-- [ RunTime:0.000394s ]
INFO: [ app_begin ] --START--
INFO: Run Behavior\ReadHtmlCacheBehavior [ RunTime:0.000534s ]
INFO: [ app_begin ] --END-- [ RunTime:0.000586s ]
SQL: SHOW COLUMNS FROM `user` [ RunTime:0.0043s ]
SQL: SELECT `u_id`,`username`,`usertype`,`type`,`createtime`,`lasttime` FROM `user` `u`,`department` `d` WHERE ( u.d_id=d.d_id )  [ RunTime:0.0004s ]

[ 2015-06-23T17:14:50+08:00 ] 127.0.0.1 /Esms/server/index.php/Home/User/getUser?userid=1
INFO: [ app_init ] --START--
INFO: Run Behavior\BuildLiteBehavior [ RunTime:0.000025s ]
INFO: [ app_init ] --END-- [ RunTime:0.000529s ]
INFO: [ app_begin ] --START--
INFO: Run Behavior\ReadHtmlCacheBehavior [ RunTime:0.000805s ]
INFO: [ app_begin ] --END-- [ RunTime:0.000901s ]
SQL: SHOW COLUMNS FROM `user` [ RunTime:0.0040s ]
SQL: SELECT `u_id`,`username`,`usertype`,`type`,`createtime`,`lasttime` FROM `user` `u`,`department` `d` WHERE ( u.d_id=d.d_id )  [ RunTime:0.0004s ]

[ 2015-06-23T17:14:57+08:00 ] 127.0.0.1 /Esms/server/index.php/Home/User/getUser?userid=1
INFO: [ app_init ] --START--
INFO: Run Behavior\BuildLiteBehavior [ RunTime:0.000022s ]
INFO: [ app_init ] --END-- [ RunTime:0.000644s ]
INFO: [ app_begin ] --START--
INFO: Run Behavior\ReadHtmlCacheBehavior [ RunTime:0.000686s ]
INFO: [ app_begin ] --END-- [ RunTime:0.000764s ]
SQL: SHOW COLUMNS FROM `user` [ RunTime:0.0047s ]
SQL: SELECT `u_id`,`username`,`usertype`,`type`,`createtime`,`lasttime` FROM `user` `u`,`department` `d` WHERE ( u.d_id=d.d_id )  [ RunTime:0.0004s ]

[ 2015-06-23T17:17:16+08:00 ] 127.0.0.1 /Esms/server/index.php/Home/User/getUser?userid=1
INFO: [ app_init ] --START--
INFO: Run Behavior\BuildLiteBehavior [ RunTime:0.000024s ]
INFO: [ app_init ] --END-- [ RunTime:0.000750s ]
INFO: [ app_begin ] --START--
INFO: Run Behavior\ReadHtmlCacheBehavior [ RunTime:0.001086s ]
INFO: [ app_begin ] --END-- [ RunTime:0.001184s ]
SQL: SHOW COLUMNS FROM `user` [ RunTime:0.0041s ]
SQL: SELECT `u_id`,`username`,`usertype`,`type`,`createtime`,`lasttime` FROM `user` `u`,`department` `d` WHERE ( u.d_id=d.d_id )  [ RunTime:0.0005s ]

[ 2015-06-23T17:18:47+08:00 ] 127.0.0.1 /Esms/server/index.php/Home/User/getUser?userid=1
INFO: [ app_init ] --START--
INFO: Run Behavior\BuildLiteBehavior [ RunTime:0.000019s ]
INFO: [ app_init ] --END-- [ RunTime:0.000685s ]
INFO: [ app_begin ] --START--
INFO: Run Behavior\ReadHtmlCacheBehavior [ RunTime:0.000639s ]
INFO: [ app_begin ] --END-- [ RunTime:0.000700s ]
SQL: SHOW COLUMNS FROM `user` [ RunTime:0.0045s ]
SQL: SELECT `u_id`,`username`,`usertype`,`type`,`createtime`,`lasttime` FROM `user` `u`,`department` `d` WHERE ( u.d_id=d.d_id )  [ RunTime:0.0004s ]

[ 2015-06-23T17:19:17+08:00 ] 127.0.0.1 /Esms/server/index.php/Home/User/getUser?userid=1
INFO: [ app_init ] --START--
INFO: Run Behavior\BuildLiteBehavior [ RunTime:0.000021s ]
INFO: [ app_init ] --END-- [ RunTime:0.000544s ]
INFO: [ app_begin ] --START--
INFO: Run Behavior\ReadHtmlCacheBehavior [ RunTime:0.000629s ]
INFO: [ app_begin ] --END-- [ RunTime:0.000705s ]
SQL: SHOW COLUMNS FROM `user` [ RunTime:0.0051s ]
SQL: SELECT `u_id`,`username`,`usertype`,`type`,`createtime`,`lasttime` FROM `user` `u`,`department` `d` WHERE ( u.d_id=d.d_id )  [ RunTime:0.0004s ]

[ 2015-06-23T17:19:22+08:00 ] 127.0.0.1 /Esms/server/index.php/Home/User/getUser?userid=1
INFO: [ app_init ] --START--
INFO: Run Behavior\BuildLiteBehavior [ RunTime:0.000014s ]
INFO: [ app_init ] --END-- [ RunTime:0.000388s ]
INFO: [ app_begin ] --START--
INFO: Run Behavior\ReadHtmlCacheBehavior [ RunTime:0.000759s ]
INFO: [ app_begin ] --END-- [ RunTime:0.000837s ]
SQL: SHOW COLUMNS FROM `user` [ RunTime:0.0043s ]
SQL: SELECT `u_id`,`username`,`usertype`,`type`,`createtime`,`lasttime` FROM `user` `u`,`department` `d` WHERE ( u.d_id=d.d_id )  [ RunTime:0.0004s ]

[ 2015-06-23T17:19:25+08:00 ] 127.0.0.1 /Esms/server/index.php/Home/User/getUser?userid=1
INFO: [ app_init ] --START--
INFO: Run Behavior\BuildLiteBehavior [ RunTime:0.000016s ]
INFO: [ app_init ] --END-- [ RunTime:0.000403s ]
INFO: [ app_begin ] --START--
INFO: Run Behavior\ReadHtmlCacheBehavior [ RunTime:0.000668s ]
INFO: [ app_begin ] --END-- [ RunTime:0.000793s ]
SQL: SHOW COLUMNS FROM `user` [ RunTime:0.0042s ]
SQL: SELECT `u_id`,`username`,`usertype`,`type`,`createtime`,`lasttime` FROM `user` `u`,`department` `d` WHERE ( u.d_id=d.d_id )  [ RunTime:0.0007s ]

[ 2015-06-23T17:37:32+08:00 ] 127.0.0.1 /Esms/server/index.php/Home/User/getUser?userid=1
INFO: [ app_init ] --START--
INFO: Run Behavior\BuildLiteBehavior [ RunTime:0.000014s ]
INFO: [ app_init ] --END-- [ RunTime:0.000405s ]
INFO: [ app_begin ] --START--
INFO: Run Behavior\ReadHtmlCacheBehavior [ RunTime:0.000817s ]
INFO: [ app_begin ] --END-- [ RunTime:0.000897s ]
SQL: SHOW COLUMNS FROM `user` [ RunTime:0.0055s ]
SQL: SELECT `u_id`,`username`,`usertype`,`type`,`createtime`,`lasttime` FROM `user` `u`,`department` `d` WHERE ( u.d_id=d.d_id )  [ RunTime:0.0005s ]

[ 2015-06-23T20:17:38+08:00 ] 127.0.0.1 /Esms/server/index.php/Home/User/getUser?userid=1
INFO: [ app_init ] --START--
INFO: Run Behavior\BuildLiteBehavior [ RunTime:0.000026s ]
INFO: [ app_init ] --END-- [ RunTime:0.001119s ]
INFO: [ app_begin ] --START--
INFO: Run Behavior\ReadHtmlCacheBehavior [ RunTime:0.002289s ]
INFO: [ app_begin ] --END-- [ RunTime:0.002365s ]
SQL: SHOW COLUMNS FROM `user` [ RunTime:0.0051s ]
SQL: SELECT `u_id`,`username`,`usertype`,`type`,`createtime`,`lasttime` FROM `user` `u`,`department` `d` WHERE ( u.d_id=d.d_id )  [ RunTime:0.0006s ]

[ 2015-06-23T20:18:14+08:00 ] 127.0.0.1 /Esms/server/index.php/Home/User/getUser?userid=1
INFO: [ app_init ] --START--
INFO: Run Behavior\BuildLiteBehavior [ RunTime:0.000016s ]
INFO: [ app_init ] --END-- [ RunTime:0.000429s ]
INFO: [ app_begin ] --START--
INFO: Run Behavior\ReadHtmlCacheBehavior [ RunTime:0.000788s ]
INFO: [ app_begin ] --END-- [ RunTime:0.000874s ]
SQL: SHOW COLUMNS FROM `user` [ RunTime:0.0055s ]
SQL: SELECT `u_id`,`username`,`usertype`,`type`,`createtime`,`lasttime` FROM `user` `u`,`department` `d` WHERE ( u.d_id=d.d_id )  [ RunTime:0.0004s ]

[ 2015-06-23T20:18:56+08:00 ] 127.0.0.1 /Esms/server/index.php/Home/User/getUser?userid=1
INFO: [ app_init ] --START--
INFO: Run Behavior\BuildLiteBehavior [ RunTime:0.000016s ]
INFO: [ app_init ] --END-- [ RunTime:0.000423s ]
INFO: [ app_begin ] --START--
INFO: Run Behavior\ReadHtmlCacheBehavior [ RunTime:0.000924s ]
INFO: [ app_begin ] --END-- [ RunTime:0.001006s ]
SQL: SHOW COLUMNS FROM `user` [ RunTime:0.0061s ]
SQL: SELECT `u_id`,`username`,`usertype`,`type`,`createtime`,`lasttime` FROM `user` `u`,`department` `d` WHERE ( u.d_id=d.d_id )  [ RunTime:0.0004s ]

[ 2015-06-23T20:18:59+08:00 ] 127.0.0.1 /Esms/server/index.php/Home/User/getUser?userid=1
INFO: [ app_init ] --START--
INFO: Run Behavior\BuildLiteBehavior [ RunTime:0.000015s ]
INFO: [ app_init ] --END-- [ RunTime:0.000389s ]
INFO: [ app_begin ] --START--
INFO: Run Behavior\ReadHtmlCacheBehavior [ RunTime:0.000533s ]
INFO: [ app_begin ] --END-- [ RunTime:0.000586s ]
SQL: SHOW COLUMNS FROM `user` [ RunTime:0.0051s ]
SQL: SELECT `u_id`,`username`,`usertype`,`type`,`createtime`,`lasttime` FROM `user` `u`,`department` `d` WHERE ( u.d_id=d.d_id )  [ RunTime:0.0004s ]

[ 2015-06-23T21:20:48+08:00 ] 127.0.0.1 /Esms/server/index.php/Home/User/getUser?userid=1
INFO: [ app_init ] --START--
INFO: Run Behavior\BuildLiteBehavior [ RunTime:0.000014s ]
INFO: [ app_init ] --END-- [ RunTime:0.000416s ]
INFO: [ app_begin ] --START--
INFO: Run Behavior\ReadHtmlCacheBehavior [ RunTime:0.000617s ]
INFO: [ app_begin ] --END-- [ RunTime:0.000671s ]
SQL: SHOW COLUMNS FROM `user` [ RunTime:0.0061s ]
SQL: SELECT `u_id`,`username`,`usertype`,`type`,`createtime`,`lasttime` FROM `user` `u`,`department` `d` WHERE ( u.d_id=d.d_id )  [ RunTime:0.0004s ]

[ 2015-06-23T21:53:36+08:00 ] 127.0.0.1 /Esms/server/index.php/Home/User/getUser?userid=1
INFO: [ app_init ] --START--
INFO: Run Behavior\BuildLiteBehavior [ RunTime:0.000059s ]
INFO: [ app_init ] --END-- [ RunTime:0.001247s ]
INFO: [ app_begin ] --START--
INFO: Run Behavior\ReadHtmlCacheBehavior [ RunTime:0.000970s ]
INFO: [ app_begin ] --END-- [ RunTime:0.001070s ]
SQL: SHOW COLUMNS FROM `user` [ RunTime:0.0079s ]
SQL: SELECT `u_id`,`username`,`usertype`,`type`,`createtime`,`lasttime` FROM `user` `u`,`department` `d` WHERE ( u.d_id=d.d_id )  [ RunTime:0.0006s ]

[ 2015-06-23T21:53:39+08:00 ] 127.0.0.1 /Esms/server/index.php/Home/User/getUser?userid=1
INFO: [ app_init ] --START--
INFO: Run Behavior\BuildLiteBehavior [ RunTime:0.000038s ]
INFO: [ app_init ] --END-- [ RunTime:0.000802s ]
INFO: [ app_begin ] --START--
INFO: Run Behavior\ReadHtmlCacheBehavior [ RunTime:0.000851s ]
INFO: [ app_begin ] --END-- [ RunTime:0.000939s ]
SQL: SHOW COLUMNS FROM `user` [ RunTime:0.0075s ]
SQL: SELECT `u_id`,`username`,`usertype`,`type`,`createtime`,`lasttime` FROM `user` `u`,`department` `d` WHERE ( u.d_id=d.d_id )  [ RunTime:0.0004s ]

[ 2015-06-23T21:53:53+08:00 ] 127.0.0.1 /Esms/server/index.php/Home/User/getUser?userid=1
INFO: [ app_init ] --START--
INFO: Run Behavior\BuildLiteBehavior [ RunTime:0.000020s ]
INFO: [ app_init ] --END-- [ RunTime:0.000558s ]
INFO: [ app_begin ] --START--
INFO: Run Behavior\ReadHtmlCacheBehavior [ RunTime:0.001155s ]
INFO: [ app_begin ] --END-- [ RunTime:0.001302s ]
SQL: SHOW COLUMNS FROM `user` [ RunTime:0.0084s ]
SQL: SELECT `u_id`,`username`,`usertype`,`type`,`createtime`,`lasttime` FROM `user` `u`,`department` `d` WHERE ( u.d_id=d.d_id )  [ RunTime:0.0004s ]

[ 2015-06-23T21:54:09+08:00 ] 127.0.0.1 /Esms/server/index.php/Home/User/getUser?userid=1
INFO: [ app_init ] --START--
INFO: Run Behavior\BuildLiteBehavior [ RunTime:0.000023s ]
INFO: [ app_init ] --END-- [ RunTime:0.000606s ]
INFO: [ app_begin ] --START--
INFO: Run Behavior\ReadHtmlCacheBehavior [ RunTime:0.000671s ]
INFO: [ app_begin ] --END-- [ RunTime:0.000750s ]
SQL: SHOW COLUMNS FROM `user` [ RunTime:0.0091s ]
SQL: SELECT `u_id`,`username`,`usertype`,`type`,`createtime`,`lasttime` FROM `user` `u`,`department` `d` WHERE ( u.d_id=d.d_id )  [ RunTime:0.0004s ]

[ 2015-06-23T21:54:21+08:00 ] 127.0.0.1 /Esms/server/index.php/Home/User/getUser?userid=1
INFO: [ app_init ] --START--
INFO: Run Behavior\BuildLiteBehavior [ RunTime:0.000015s ]
INFO: [ app_init ] --END-- [ RunTime:0.000376s ]
INFO: [ app_begin ] --START--
INFO: Run Behavior\ReadHtmlCacheBehavior [ RunTime:0.000515s ]
INFO: [ app_begin ] --END-- [ RunTime:0.000571s ]
SQL: SHOW COLUMNS FROM `user` [ RunTime:0.0052s ]
SQL: SELECT `u_id`,`username`,`usertype`,`type`,`createtime`,`lasttime` FROM `user` `u`,`department` `d` WHERE ( u.d_id=d.d_id )  [ RunTime:0.0003s ]

[ 2015-06-23T21:54:22+08:00 ] 127.0.0.1 /Esms/server/index.php/Home/User/getUser?userid=1
INFO: [ app_init ] --START--
INFO: Run Behavior\BuildLiteBehavior [ RunTime:0.000030s ]
INFO: [ app_init ] --END-- [ RunTime:0.000734s ]
INFO: [ app_begin ] --START--
INFO: Run Behavior\ReadHtmlCacheBehavior [ RunTime:0.000793s ]
INFO: [ app_begin ] --END-- [ RunTime:0.000881s ]
SQL: SHOW COLUMNS FROM `user` [ RunTime:0.0071s ]
SQL: SELECT `u_id`,`username`,`usertype`,`type`,`createtime`,`lasttime` FROM `user` `u`,`department` `d` WHERE ( u.d_id=d.d_id )  [ RunTime:0.0005s ]

[ 2015-06-23T21:54:22+08:00 ] 127.0.0.1 /Esms/server/index.php/Home/User/getUser?userid=1
INFO: [ app_init ] --START--
INFO: Run Behavior\BuildLiteBehavior [ RunTime:0.000018s ]
INFO: [ app_init ] --END-- [ RunTime:0.000469s ]
INFO: [ app_begin ] --START--
INFO: Run Behavior\ReadHtmlCacheBehavior [ RunTime:0.000919s ]
INFO: [ app_begin ] --END-- [ RunTime:0.001047s ]
SQL: SHOW COLUMNS FROM `user` [ RunTime:0.0083s ]
SQL: SELECT `u_id`,`username`,`usertype`,`type`,`createtime`,`lasttime` FROM `user` `u`,`department` `d` WHERE ( u.d_id=d.d_id )  [ RunTime:0.0004s ]

[ 2015-06-23T21:54:51+08:00 ] 127.0.0.1 /Esms/server/index.php/Home/User/getUser?userid=1
INFO: [ app_init ] --START--
INFO: Run Behavior\BuildLiteBehavior [ RunTime:0.000015s ]
INFO: [ app_init ] --END-- [ RunTime:0.000403s ]
INFO: [ app_begin ] --START--
INFO: Run Behavior\ReadHtmlCacheBehavior [ RunTime:0.000752s ]
INFO: [ app_begin ] --END-- [ RunTime:0.000842s ]
SQL: SHOW COLUMNS FROM `user` [ RunTime:0.0096s ]
SQL: SELECT `u_id`,`username`,`usertype`,`type`,`createtime`,`lasttime` FROM `user` `u`,`department` `d` WHERE ( u.d_id=d.d_id )  [ RunTime:0.0005s ]

[ 2015-06-23T21:54:52+08:00 ] 127.0.0.1 /Esms/server/index.php/Home/User/getUser?userid=1
INFO: [ app_init ] --START--
INFO: Run Behavior\BuildLiteBehavior [ RunTime:0.000022s ]
INFO: [ app_init ] --END-- [ RunTime:0.000578s ]
INFO: [ app_begin ] --START--
INFO: Run Behavior\ReadHtmlCacheBehavior [ RunTime:0.000755s ]
INFO: [ app_begin ] --END-- [ RunTime:0.000839s ]
SQL: SHOW COLUMNS FROM `user` [ RunTime:0.0080s ]
SQL: SELECT `u_id`,`username`,`usertype`,`type`,`createtime`,`lasttime` FROM `user` `u`,`department` `d` WHERE ( u.d_id=d.d_id )  [ RunTime:0.0006s ]

[ 2015-06-23T21:54:52+08:00 ] 127.0.0.1 /Esms/server/index.php/Home/User/getUser?userid=1
INFO: [ app_init ] --START--
INFO: Run Behavior\BuildLiteBehavior [ RunTime:0.000044s ]
INFO: [ app_init ] --END-- [ RunTime:0.000840s ]
INFO: [ app_begin ] --START--
INFO: Run Behavior\ReadHtmlCacheBehavior [ RunTime:0.000821s ]
INFO: [ app_begin ] --END-- [ RunTime:0.000919s ]
SQL: SHOW COLUMNS FROM `user` [ RunTime:0.0161s ]
SQL: SELECT `u_id`,`username`,`usertype`,`type`,`createtime`,`lasttime` FROM `user` `u`,`department` `d` WHERE ( u.d_id=d.d_id )  [ RunTime:0.0006s ]

[ 2015-06-23T21:54:52+08:00 ] 127.0.0.1 /Esms/server/index.php/Home/User/getUser?userid=1
INFO: [ app_init ] --START--
INFO: Run Behavior\BuildLiteBehavior [ RunTime:0.000023s ]
INFO: [ app_init ] --END-- [ RunTime:0.001694s ]
INFO: [ app_begin ] --START--
INFO: Run Behavior\ReadHtmlCacheBehavior [ RunTime:0.000577s ]
INFO: [ app_begin ] --END-- [ RunTime:0.000644s ]
SQL: SHOW COLUMNS FROM `user` [ RunTime:0.0066s ]
SQL: SELECT `u_id`,`username`,`usertype`,`type`,`createtime`,`lasttime` FROM `user` `u`,`department` `d` WHERE ( u.d_id=d.d_id )  [ RunTime:0.0006s ]

[ 2015-06-23T21:54:53+08:00 ] 127.0.0.1 /Esms/server/index.php/Home/User/getUser?userid=1
INFO: [ app_init ] --START--
INFO: Run Behavior\BuildLiteBehavior [ RunTime:0.000077s ]
INFO: [ app_init ] --END-- [ RunTime:0.001627s ]
INFO: [ app_begin ] --START--
INFO: Run Behavior\ReadHtmlCacheBehavior [ RunTime:0.003437s ]
INFO: [ app_begin ] --END-- [ RunTime:0.003580s ]
SQL: SHOW COLUMNS FROM `user` [ RunTime:0.0102s ]
SQL: SELECT `u_id`,`username`,`usertype`,`type`,`createtime`,`lasttime` FROM `user` `u`,`department` `d` WHERE ( u.d_id=d.d_id )  [ RunTime:0.0006s ]

[ 2015-06-23T21:54:53+08:00 ] 127.0.0.1 /Esms/server/index.php/Home/User/getUser?userid=1
INFO: [ app_init ] --START--
INFO: Run Behavior\BuildLiteBehavior [ RunTime:0.000025s ]
INFO: [ app_init ] --END-- [ RunTime:0.000632s ]
INFO: [ app_begin ] --START--
INFO: Run Behavior\ReadHtmlCacheBehavior [ RunTime:0.001791s ]
INFO: [ app_begin ] --END-- [ RunTime:0.001939s ]
SQL: SHOW COLUMNS FROM `user` [ RunTime:0.0085s ]
SQL: SELECT `u_id`,`username`,`usertype`,`type`,`createtime`,`lasttime` FROM `user` `u`,`department` `d` WHERE ( u.d_id=d.d_id )  [ RunTime:0.0007s ]

[ 2015-06-23T21:54:53+08:00 ] 127.0.0.1 /Esms/server/index.php/Home/User/getUser?userid=1
INFO: [ app_init ] --START--
INFO: Run Behavior\BuildLiteBehavior [ RunTime:0.000017s ]
INFO: [ app_init ] --END-- [ RunTime:0.000579s ]
INFO: [ app_begin ] --START--
INFO: Run Behavior\ReadHtmlCacheBehavior [ RunTime:0.000812s ]
INFO: [ app_begin ] --END-- [ RunTime:0.000909s ]
SQL: SHOW COLUMNS FROM `user` [ RunTime:0.0059s ]
SQL: SELECT `u_id`,`username`,`usertype`,`type`,`createtime`,`lasttime` FROM `user` `u`,`department` `d` WHERE ( u.d_id=d.d_id )  [ RunTime:0.0004s ]

[ 2015-06-23T21:55:06+08:00 ] 127.0.0.1 /Esms/server/index.php/Home/Index/loginCheck?username=xinliuruoxi&password=ztf123245
INFO: [ app_init ] --START--
INFO: Run Behavior\BuildLiteBehavior [ RunTime:0.000017s ]
INFO: [ app_init ] --END-- [ RunTime:0.000490s ]
INFO: [ app_begin ] --START--
INFO: Run Behavior\ReadHtmlCacheBehavior [ RunTime:0.000692s ]
INFO: [ app_begin ] --END-- [ RunTime:0.000761s ]
SQL: SHOW COLUMNS FROM `user` [ RunTime:0.0065s ]
SQL: SELECT * FROM `user` WHERE `username` = 'xinliuruoxi' AND `password` = 'ztf123245'  [ RunTime:0.0006s ]
SQL: UPDATE `user` SET `lasttime`='15-06-23 21:55:06' WHERE `username` = 'xinliuruoxi' AND `password` = 'ztf123245' [ RunTime:0.1778s ]

[ 2015-06-23T21:55:08+08:00 ] 127.0.0.1 /Esms/server/index.php/Home/User/getUser?userid=1
INFO: [ app_init ] --START--
INFO: Run Behavior\BuildLiteBehavior [ RunTime:0.000022s ]
INFO: [ app_init ] --END-- [ RunTime:0.000598s ]
INFO: [ app_begin ] --START--
INFO: Run Behavior\ReadHtmlCacheBehavior [ RunTime:0.001190s ]
INFO: [ app_begin ] --END-- [ RunTime:0.001372s ]
SQL: SHOW COLUMNS FROM `user` [ RunTime:0.0054s ]
SQL: SELECT `u_id`,`username`,`usertype`,`type`,`createtime`,`lasttime` FROM `user` `u`,`department` `d` WHERE ( u.d_id=d.d_id )  [ RunTime:0.0004s ]

[ 2015-06-23T21:55:28+08:00 ] 127.0.0.1 /Esms/server/index.php/Home/User/getUser?userid=1
INFO: [ app_init ] --START--
INFO: Run Behavior\BuildLiteBehavior [ RunTime:0.000023s ]
INFO: [ app_init ] --END-- [ RunTime:0.000570s ]
INFO: [ app_begin ] --START--
INFO: Run Behavior\ReadHtmlCacheBehavior [ RunTime:0.000988s ]
INFO: [ app_begin ] --END-- [ RunTime:0.001137s ]
SQL: SHOW COLUMNS FROM `user` [ RunTime:0.0062s ]
SQL: SELECT `u_id`,`username`,`usertype`,`type`,`createtime`,`lasttime` FROM `user` `u`,`department` `d` WHERE ( u.d_id=d.d_id )  [ RunTime:0.0004s ]

[ 2015-06-23T21:55:52+08:00 ] 127.0.0.1 /Esms/server/index.php/Home/User/getUser?userid=1
INFO: [ app_init ] --START--
INFO: Run Behavior\BuildLiteBehavior [ RunTime:0.000033s ]
INFO: [ app_init ] --END-- [ RunTime:0.000629s ]
INFO: [ app_begin ] --START--
INFO: Run Behavior\ReadHtmlCacheBehavior [ RunTime:0.000713s ]
INFO: [ app_begin ] --END-- [ RunTime:0.000791s ]
SQL: SHOW COLUMNS FROM `user` [ RunTime:0.0070s ]
SQL: SELECT `u_id`,`username`,`usertype`,`type`,`createtime`,`lasttime` FROM `user` `u`,`department` `d` WHERE ( u.d_id=d.d_id )  [ RunTime:0.0004s ]

[ 2015-06-23T21:55:57+08:00 ] 127.0.0.1 /Esms/server/index.php/Home/User/getUser?userid=1
INFO: [ app_init ] --START--
INFO: Run Behavior\BuildLiteBehavior [ RunTime:0.000018s ]
INFO: [ app_init ] --END-- [ RunTime:0.000452s ]
INFO: [ app_begin ] --START--
INFO: Run Behavior\ReadHtmlCacheBehavior [ RunTime:0.000678s ]
INFO: [ app_begin ] --END-- [ RunTime:0.000768s ]
SQL: SHOW COLUMNS FROM `user` [ RunTime:0.0116s ]
SQL: SELECT `u_id`,`username`,`usertype`,`type`,`createtime`,`lasttime` FROM `user` `u`,`department` `d` WHERE ( u.d_id=d.d_id )  [ RunTime:0.0004s ]

[ 2015-06-23T21:56:16+08:00 ] 127.0.0.1 /Esms/server/index.php/Home/User/getUser?userid=1
INFO: [ app_init ] --START--
INFO: Run Behavior\BuildLiteBehavior [ RunTime:0.000018s ]
INFO: [ app_init ] --END-- [ RunTime:0.000404s ]
INFO: [ app_begin ] --START--
INFO: Run Behavior\ReadHtmlCacheBehavior [ RunTime:0.000565s ]
INFO: [ app_begin ] --END-- [ RunTime:0.000626s ]
SQL: SHOW COLUMNS FROM `user` [ RunTime:0.0051s ]
SQL: SELECT `u_id`,`username`,`usertype`,`type`,`createtime`,`lasttime` FROM `user` `u`,`department` `d` WHERE ( u.d_id=d.d_id )  [ RunTime:0.0004s ]

[ 2015-06-23T21:57:44+08:00 ] 127.0.0.1 /Esms/server/index.php/Home/Index/loginCheck?username=xinliuruoxi&password=ztf123245
INFO: [ app_init ] --START--
INFO: Run Behavior\BuildLiteBehavior [ RunTime:0.000034s ]
INFO: [ app_init ] --END-- [ RunTime:0.001056s ]
INFO: [ app_begin ] --START--
INFO: Run Behavior\ReadHtmlCacheBehavior [ RunTime:0.000768s ]
INFO: [ app_begin ] --END-- [ RunTime:0.000822s ]
SQL: SHOW COLUMNS FROM `user` [ RunTime:0.0052s ]
SQL: SELECT * FROM `user` WHERE `username` = 'xinliuruoxi' AND `password` = 'ztf123245'  [ RunTime:0.0005s ]
SQL: UPDATE `user` SET `lasttime`='15-06-23 21:57:44' WHERE `username` = 'xinliuruoxi' AND `password` = 'ztf123245' [ RunTime:0.3371s ]

[ 2015-06-23T21:57:46+08:00 ] 127.0.0.1 /Esms/server/index.php/Home/User/getUser?userid=1
INFO: [ app_init ] --START--
INFO: Run Behavior\BuildLiteBehavior [ RunTime:0.000016s ]
INFO: [ app_init ] --END-- [ RunTime:0.000418s ]
INFO: [ app_begin ] --START--
INFO: Run Behavior\ReadHtmlCacheBehavior [ RunTime:0.000778s ]
INFO: [ app_begin ] --END-- [ RunTime:0.000866s ]
SQL: SHOW COLUMNS FROM `user` [ RunTime:0.0053s ]
SQL: SELECT `u_id`,`username`,`usertype`,`type`,`createtime`,`lasttime` FROM `user` `u`,`department` `d` WHERE ( u.d_id=d.d_id )  [ RunTime:0.0004s ]

[ 2015-06-23T21:58:47+08:00 ] 127.0.0.1 /Esms/server/index.php/Home/Index/loginCheck?username=xinliuruoxi&password=ztf123245
INFO: [ app_init ] --START--
INFO: Run Behavior\BuildLiteBehavior [ RunTime:0.000019s ]
INFO: [ app_init ] --END-- [ RunTime:0.000586s ]
INFO: [ app_begin ] --START--
INFO: Run Behavior\ReadHtmlCacheBehavior [ RunTime:0.000829s ]
INFO: [ app_begin ] --END-- [ RunTime:0.000911s ]
SQL: SHOW COLUMNS FROM `user` [ RunTime:0.0055s ]
SQL: SELECT * FROM `user` WHERE `username` = 'xinliuruoxi' AND `password` = 'ztf123245'  [ RunTime:0.0004s ]
SQL: UPDATE `user` SET `lasttime`='15-06-23 21:58:47' WHERE `username` = 'xinliuruoxi' AND `password` = 'ztf123245' [ RunTime:0.0785s ]

[ 2015-06-23T21:58:49+08:00 ] 127.0.0.1 /Esms/server/index.php/Home/User/getUser?userid=1
INFO: [ app_init ] --START--
INFO: Run Behavior\BuildLiteBehavior [ RunTime:0.000016s ]
INFO: [ app_init ] --END-- [ RunTime:0.000572s ]
INFO: [ app_begin ] --START--
INFO: Run Behavior\ReadHtmlCacheBehavior [ RunTime:0.000803s ]
INFO: [ app_begin ] --END-- [ RunTime:0.000894s ]
SQL: SHOW COLUMNS FROM `user` [ RunTime:0.0051s ]
SQL: SELECT `u_id`,`username`,`usertype`,`type`,`createtime`,`lasttime` FROM `user` `u`,`department` `d` WHERE ( u.d_id=d.d_id )  [ RunTime:0.0004s ]

[ 2015-06-23T21:59:15+08:00 ] 127.0.0.1 /Esms/server/index.php/Home/User/getUser?userid=1
INFO: [ app_init ] --START--
INFO: Run Behavior\BuildLiteBehavior [ RunTime:0.000022s ]
INFO: [ app_init ] --END-- [ RunTime:0.000547s ]
INFO: [ app_begin ] --START--
INFO: Run Behavior\ReadHtmlCacheBehavior [ RunTime:0.000549s ]
INFO: [ app_begin ] --END-- [ RunTime:0.000609s ]
SQL: SHOW COLUMNS FROM `user` [ RunTime:0.0050s ]
SQL: SELECT `u_id`,`username`,`usertype`,`type`,`createtime`,`lasttime` FROM `user` `u`,`department` `d` WHERE ( u.d_id=d.d_id )  [ RunTime:0.0004s ]

[ 2015-06-23T22:00:01+08:00 ] 127.0.0.1 /Esms/server/index.php/Home/User/getUser?userid=1
INFO: [ app_init ] --START--
INFO: Run Behavior\BuildLiteBehavior [ RunTime:0.000022s ]
INFO: [ app_init ] --END-- [ RunTime:0.000541s ]
INFO: [ app_begin ] --START--
INFO: Run Behavior\ReadHtmlCacheBehavior [ RunTime:0.000665s ]
INFO: [ app_begin ] --END-- [ RunTime:0.000729s ]
SQL: SHOW COLUMNS FROM `user` [ RunTime:0.0060s ]
SQL: SELECT `u_id`,`username`,`usertype`,`type`,`createtime`,`lasttime` FROM `user` `u`,`department` `d` WHERE ( u.d_id=d.d_id )  [ RunTime:0.0004s ]

[ 2015-06-23T22:00:06+08:00 ] 127.0.0.1 /Esms/server/index.php/Home/User/getUser?userid=1
INFO: [ app_init ] --START--
INFO: Run Behavior\BuildLiteBehavior [ RunTime:0.000019s ]
INFO: [ app_init ] --END-- [ RunTime:0.001081s ]
INFO: [ app_begin ] --START--
INFO: Run Behavior\ReadHtmlCacheBehavior [ RunTime:0.000639s ]
INFO: [ app_begin ] --END-- [ RunTime:0.000703s ]
SQL: SHOW COLUMNS FROM `user` [ RunTime:0.0050s ]
SQL: SELECT `u_id`,`username`,`usertype`,`type`,`createtime`,`lasttime` FROM `user` `u`,`department` `d` WHERE ( u.d_id=d.d_id )  [ RunTime:0.0003s ]

[ 2015-06-23T22:00:15+08:00 ] 127.0.0.1 /Esms/server/index.php/Home/User/getUser?userid=1
INFO: [ app_init ] --START--
INFO: Run Behavior\BuildLiteBehavior [ RunTime:0.000015s ]
INFO: [ app_init ] --END-- [ RunTime:0.000429s ]
INFO: [ app_begin ] --START--
INFO: Run Behavior\ReadHtmlCacheBehavior [ RunTime:0.000633s ]
INFO: [ app_begin ] --END-- [ RunTime:0.000687s ]
SQL: SHOW COLUMNS FROM `user` [ RunTime:0.0058s ]
SQL: SELECT `u_id`,`username`,`usertype`,`type`,`createtime`,`lasttime` FROM `user` `u`,`department` `d` WHERE ( u.d_id=d.d_id )  [ RunTime:0.0005s ]

[ 2015-06-23T22:01:26+08:00 ] 127.0.0.1 /Esms/server/index.php/Home/User/getUser?userid=1
INFO: [ app_init ] --START--
INFO: Run Behavior\BuildLiteBehavior [ RunTime:0.000015s ]
INFO: [ app_init ] --END-- [ RunTime:0.000435s ]
INFO: [ app_begin ] --START--
INFO: Run Behavior\ReadHtmlCacheBehavior [ RunTime:0.000604s ]
INFO: [ app_begin ] --END-- [ RunTime:0.000665s ]
SQL: SHOW COLUMNS FROM `user` [ RunTime:0.0066s ]
SQL: SELECT `u_id`,`username`,`usertype`,`type`,`createtime`,`lasttime` FROM `user` `u`,`department` `d` WHERE ( u.d_id=d.d_id )  [ RunTime:0.0006s ]

[ 2015-06-23T22:02:57+08:00 ] 127.0.0.1 /Esms/server/index.php/Home/User/getUser?userid=1
INFO: [ app_init ] --START--
INFO: Run Behavior\BuildLiteBehavior [ RunTime:0.000014s ]
INFO: [ app_init ] --END-- [ RunTime:0.000410s ]
INFO: [ app_begin ] --START--
INFO: Run Behavior\ReadHtmlCacheBehavior [ RunTime:0.000606s ]
INFO: [ app_begin ] --END-- [ RunTime:0.000658s ]
SQL: SHOW COLUMNS FROM `user` [ RunTime:0.0053s ]
SQL: SELECT `u_id`,`username`,`usertype`,`type`,`createtime`,`lasttime` FROM `user` `u`,`department` `d` WHERE ( u.d_id=d.d_id )  [ RunTime:0.0005s ]

[ 2015-06-23T22:05:50+08:00 ] 127.0.0.1 /Esms/server/index.php/Home/User/getUser?userid=1
INFO: [ app_init ] --START--
INFO: Run Behavior\BuildLiteBehavior [ RunTime:0.000031s ]
INFO: [ app_init ] --END-- [ RunTime:0.000656s ]
INFO: [ app_begin ] --START--
INFO: Run Behavior\ReadHtmlCacheBehavior [ RunTime:0.000721s ]
INFO: [ app_begin ] --END-- [ RunTime:0.000811s ]
SQL: SHOW COLUMNS FROM `user` [ RunTime:0.0077s ]
SQL: SELECT `u_id`,`username`,`usertype`,`type`,`createtime`,`lasttime` FROM `user` `u`,`department` `d` WHERE ( u.d_id=d.d_id )  [ RunTime:0.0005s ]

[ 2015-06-23T22:08:27+08:00 ] 127.0.0.1 /Esms/server/index.php/Home/Index/loginCheck?username=xinliuruoxi&password=ztf123245
INFO: [ app_init ] --START--
INFO: Run Behavior\BuildLiteBehavior [ RunTime:0.000020s ]
INFO: [ app_init ] --END-- [ RunTime:0.000571s ]
INFO: [ app_begin ] --START--
INFO: Run Behavior\ReadHtmlCacheBehavior [ RunTime:0.000956s ]
INFO: [ app_begin ] --END-- [ RunTime:0.001134s ]
SQL: SHOW COLUMNS FROM `user` [ RunTime:0.0055s ]
SQL: SELECT * FROM `user` WHERE `username` = 'xinliuruoxi' AND `password` = 'ztf123245'  [ RunTime:0.0006s ]
SQL: UPDATE `user` SET `lasttime`='15-06-23 22:08:27' WHERE `username` = 'xinliuruoxi' AND `password` = 'ztf123245' [ RunTime:0.1433s ]

[ 2015-06-23T22:09:01+08:00 ] 127.0.0.1 /Esms/server/index.php/Home/User/getUser
INFO: [ app_init ] --START--
INFO: Run Behavior\BuildLiteBehavior [ RunTime:0.000015s ]
INFO: [ app_init ] --END-- [ RunTime:0.000440s ]
INFO: [ app_begin ] --START--
INFO: Run Behavior\ReadHtmlCacheBehavior [ RunTime:0.000749s ]
INFO: [ app_begin ] --END-- [ RunTime:0.000827s ]
SQL: SHOW COLUMNS FROM `user` [ RunTime:0.0061s ]
SQL: SELECT `u_id`,`username`,`usertype`,`type`,`createtime`,`lasttime` FROM `user` `u`,`department` `d` WHERE ( u.d_id=d.d_id )  [ RunTime:0.0012s ]

[ 2015-06-23T22:09:19+08:00 ] 127.0.0.1 /Esms/server/index.php/Home/User/getDepartment
INFO: [ app_init ] --START--
INFO: Run Behavior\BuildLiteBehavior [ RunTime:0.000021s ]
INFO: [ app_init ] --END-- [ RunTime:0.000951s ]
INFO: [ app_begin ] --START--
INFO: Run Behavior\ReadHtmlCacheBehavior [ RunTime:0.001014s ]
INFO: [ app_begin ] --END-- [ RunTime:0.001136s ]
SQL: SHOW COLUMNS FROM `department` [ RunTime:0.0070s ]
SQL: SELECT * FROM `department`  [ RunTime:0.0003s ]

[ 2015-06-23T22:13:35+08:00 ] 127.0.0.1 /Esms/server/index.php/Home/User/getDepartment
INFO: [ app_init ] --START--
INFO: Run Behavior\BuildLiteBehavior [ RunTime:0.000016s ]
INFO: [ app_init ] --END-- [ RunTime:0.000883s ]
INFO: [ app_begin ] --START--
INFO: Run Behavior\ReadHtmlCacheBehavior [ RunTime:0.001120s ]
INFO: [ app_begin ] --END-- [ RunTime:0.001188s ]

[ 2015-06-23T22:13:58+08:00 ] 127.0.0.1 /Esms/server/index.php/Home/User/getDepartment
INFO: [ app_init ] --START--
INFO: Run Behavior\BuildLiteBehavior [ RunTime:0.000015s ]
INFO: [ app_init ] --END-- [ RunTime:0.000416s ]
INFO: [ app_begin ] --START--
INFO: Run Behavior\ReadHtmlCacheBehavior [ RunTime:0.000606s ]
INFO: [ app_begin ] --END-- [ RunTime:0.000665s ]
SQL: SHOW COLUMNS FROM `department` [ RunTime:0.0387s ]
SQL: SELECT * FROM `department`  [ RunTime:0.0004s ]

[ 2015-06-23T22:14:19+08:00 ] 127.0.0.1 /Esms/server/index.php/Home/User/getDepartment
INFO: [ app_init ] --START--
INFO: Run Behavior\BuildLiteBehavior [ RunTime:0.000014s ]
INFO: [ app_init ] --END-- [ RunTime:0.000409s ]
INFO: [ app_begin ] --START--
INFO: Run Behavior\ReadHtmlCacheBehavior [ RunTime:0.000620s ]
INFO: [ app_begin ] --END-- [ RunTime:0.000698s ]
SQL: SHOW COLUMNS FROM `department` [ RunTime:0.0050s ]
SQL: SELECT * FROM `department`  [ RunTime:0.0004s ]

[ 2015-06-23T22:14:37+08:00 ] 127.0.0.1 /Esms/server/index.php/Home/User/getDepartment
INFO: [ app_init ] --START--
INFO: Run Behavior\BuildLiteBehavior [ RunTime:0.000017s ]
INFO: [ app_init ] --END-- [ RunTime:0.000457s ]
INFO: [ app_begin ] --START--
INFO: Run Behavior\ReadHtmlCacheBehavior [ RunTime:0.000662s ]
INFO: [ app_begin ] --END-- [ RunTime:0.000728s ]
SQL: SHOW COLUMNS FROM `department` [ RunTime:0.0056s ]
SQL: SELECT * FROM `department`  [ RunTime:0.0004s ]

[ 2015-06-23T22:17:00+08:00 ] 127.0.0.1 /Esms/server/index.php/Home/User/getUser?userid=1
INFO: [ app_init ] --START--
INFO: Run Behavior\BuildLiteBehavior [ RunTime:0.000014s ]
INFO: [ app_init ] --END-- [ RunTime:0.000418s ]
INFO: [ app_begin ] --START--
INFO: Run Behavior\ReadHtmlCacheBehavior [ RunTime:0.000626s ]
INFO: [ app_begin ] --END-- [ RunTime:0.000694s ]
SQL: SHOW COLUMNS FROM `user` [ RunTime:0.0058s ]
SQL: SELECT `u_id`,`username`,`usertype`,`type`,`createtime`,`lasttime` FROM `user` `u`,`department` `d` WHERE ( u.d_id=d.d_id )  [ RunTime:0.0004s ]

[ 2015-06-23T22:18:22+08:00 ] 127.0.0.1 /Esms/server/index.php/Home/User/getUser?userid=1
INFO: [ app_init ] --START--
INFO: Run Behavior\BuildLiteBehavior [ RunTime:0.000026s ]
INFO: [ app_init ] --END-- [ RunTime:0.001543s ]
INFO: [ app_begin ] --START--
INFO: Run Behavior\ReadHtmlCacheBehavior [ RunTime:0.001473s ]
INFO: [ app_begin ] --END-- [ RunTime:0.001590s ]
SQL: SHOW COLUMNS FROM `user` [ RunTime:0.0076s ]
SQL: SELECT `u_id`,`username`,`usertype`,`type`,`createtime`,`lasttime` FROM `user` `u`,`department` `d` WHERE ( u.d_id=d.d_id )  [ RunTime:0.0005s ]

[ 2015-06-23T22:18:42+08:00 ] 127.0.0.1 /Esms/server/index.php/Home/User/getUser?userid=1
INFO: [ app_init ] --START--
INFO: Run Behavior\BuildLiteBehavior [ RunTime:0.000027s ]
INFO: [ app_init ] --END-- [ RunTime:0.000584s ]
INFO: [ app_begin ] --START--
INFO: Run Behavior\ReadHtmlCacheBehavior [ RunTime:0.000630s ]
INFO: [ app_begin ] --END-- [ RunTime:0.000704s ]
SQL: SHOW COLUMNS FROM `user` [ RunTime:0.0062s ]
SQL: SELECT `u_id`,`username`,`usertype`,`type`,`createtime`,`lasttime` FROM `user` `u`,`department` `d` WHERE ( u.d_id=d.d_id )  [ RunTime:0.0004s ]

[ 2015-06-23T22:18:43+08:00 ] 127.0.0.1 /Esms/server/index.php/Home/User/getDepartment
INFO: [ app_init ] --START--
INFO: Run Behavior\BuildLiteBehavior [ RunTime:0.000022s ]
INFO: [ app_init ] --END-- [ RunTime:0.000608s ]
INFO: [ app_begin ] --START--
INFO: Run Behavior\ReadHtmlCacheBehavior [ RunTime:0.000836s ]
INFO: [ app_begin ] --END-- [ RunTime:0.000935s ]
SQL: SHOW COLUMNS FROM `department` [ RunTime:0.0109s ]
SQL: SELECT * FROM `department`  [ RunTime:0.0014s ]

[ 2015-06-23T22:20:45+08:00 ] 127.0.0.1 /Esms/server/index.php/Home/User/getUser?userid=1
INFO: [ app_init ] --START--
INFO: Run Behavior\BuildLiteBehavior [ RunTime:0.000014s ]
INFO: [ app_init ] --END-- [ RunTime:0.000625s ]
INFO: [ app_begin ] --START--
INFO: Run Behavior\ReadHtmlCacheBehavior [ RunTime:0.000644s ]
INFO: [ app_begin ] --END-- [ RunTime:0.000696s ]
SQL: SHOW COLUMNS FROM `user` [ RunTime:0.0052s ]
SQL: SELECT `u_id`,`username`,`usertype`,`type`,`createtime`,`lasttime` FROM `user` `u`,`department` `d` WHERE ( u.d_id=d.d_id )  [ RunTime:0.0005s ]

[ 2015-06-23T22:20:46+08:00 ] 127.0.0.1 /Esms/server/index.php/Home/User/getDepartment
INFO: [ app_init ] --START--
INFO: Run Behavior\BuildLiteBehavior [ RunTime:0.000022s ]
INFO: [ app_init ] --END-- [ RunTime:0.000609s ]
INFO: [ app_begin ] --START--
INFO: Run Behavior\ReadHtmlCacheBehavior [ RunTime:0.000842s ]
INFO: [ app_begin ] --END-- [ RunTime:0.000951s ]
SQL: SHOW COLUMNS FROM `department` [ RunTime:0.0074s ]
SQL: SELECT * FROM `department`  [ RunTime:0.0004s ]

[ 2015-06-23T22:21:21+08:00 ] 127.0.0.1 /Esms/server/index.php/Home/User/getUser?userid=1
INFO: [ app_init ] --START--
INFO: Run Behavior\BuildLiteBehavior [ RunTime:0.000015s ]
INFO: [ app_init ] --END-- [ RunTime:0.000455s ]
INFO: [ app_begin ] --START--
INFO: Run Behavior\ReadHtmlCacheBehavior [ RunTime:0.000681s ]
INFO: [ app_begin ] --END-- [ RunTime:0.000753s ]
SQL: SHOW COLUMNS FROM `user` [ RunTime:0.0074s ]
SQL: SELECT `u_id`,`username`,`usertype`,`type`,`createtime`,`lasttime` FROM `user` `u`,`department` `d` WHERE ( u.d_id=d.d_id )  [ RunTime:0.0005s ]

[ 2015-06-23T22:21:22+08:00 ] 127.0.0.1 /Esms/server/index.php/Home/User/getDepartment
INFO: [ app_init ] --START--
INFO: Run Behavior\BuildLiteBehavior [ RunTime:0.000048s ]
INFO: [ app_init ] --END-- [ RunTime:0.000957s ]
INFO: [ app_begin ] --START--
INFO: Run Behavior\ReadHtmlCacheBehavior [ RunTime:0.000935s ]
INFO: [ app_begin ] --END-- [ RunTime:0.001043s ]
SQL: SHOW COLUMNS FROM `department` [ RunTime:0.0102s ]
SQL: SELECT * FROM `department`  [ RunTime:0.0005s ]

[ 2015-06-23T22:23:13+08:00 ] 127.0.0.1 /Esms/server/index.php/Home/User/getUser?userid=1
INFO: [ app_init ] --START--
INFO: Run Behavior\BuildLiteBehavior [ RunTime:0.000022s ]
INFO: [ app_init ] --END-- [ RunTime:0.000420s ]
INFO: [ app_begin ] --START--
INFO: Run Behavior\ReadHtmlCacheBehavior [ RunTime:0.000603s ]
INFO: [ app_begin ] --END-- [ RunTime:0.000655s ]
SQL: SHOW COLUMNS FROM `user` [ RunTime:0.0052s ]
SQL: SELECT `u_id`,`username`,`usertype`,`type`,`createtime`,`lasttime` FROM `user` `u`,`department` `d` WHERE ( u.d_id=d.d_id )  [ RunTime:0.0004s ]

[ 2015-06-23T22:23:15+08:00 ] 127.0.0.1 /Esms/server/index.php/Home/User/getDepartment
INFO: [ app_init ] --START--
INFO: Run Behavior\BuildLiteBehavior [ RunTime:0.000025s ]
INFO: [ app_init ] --END-- [ RunTime:0.000747s ]
INFO: [ app_begin ] --START--
INFO: Run Behavior\ReadHtmlCacheBehavior [ RunTime:0.000911s ]
INFO: [ app_begin ] --END-- [ RunTime:0.001028s ]
SQL: SHOW COLUMNS FROM `department` [ RunTime:0.0100s ]
SQL: SELECT * FROM `department`  [ RunTime:0.0004s ]

