[ 2015-06-21T19:24:20+08:00 ] 127.0.0.1 /One's%20World/server/
INFO: [ app_init ] --START--
INFO: Run Behavior\BuildLiteBehavior [ RunTime:0.000022s ]
INFO: [ app_init ] --END-- [ RunTime:0.024626s ]
INFO: [ app_begin ] --START--
INFO: Run Behavior\ReadHtmlCacheBehavior [ RunTime:0.000909s ]
INFO: [ app_begin ] --END-- [ RunTime:0.000976s ]
INFO: [ app_end ] --START--
INFO: Run Behavior\ShowPageTraceBehavior [ RunTime:0.015761s ]
INFO: [ app_end ] --END-- [ RunTime:0.015875s ]

[ 2015-06-21T19:24:23+08:00 ] 127.0.0.1 /One's%20World/server/
INFO: [ app_init ] --START--
INFO: Run Behavior\BuildLiteBehavior [ RunTime:0.000020s ]
INFO: [ app_init ] --END-- [ RunTime:0.000672s ]
INFO: [ app_begin ] --START--
INFO: Run Behavior\ReadHtmlCacheBehavior [ RunTime:0.000672s ]
INFO: [ app_begin ] --END-- [ RunTime:0.000746s ]
INFO: [ app_end ] --START--
INFO: Run Behavior\ShowPageTraceBehavior [ RunTime:0.000596s ]
INFO: [ app_end ] --END-- [ RunTime:0.000662s ]

[ 2015-06-21T19:24:26+08:00 ] 127.0.0.1 /One's%20World/server/
INFO: [ app_init ] --START--
INFO: Run Behavior\BuildLiteBehavior [ RunTime:0.000021s ]
INFO: [ app_init ] --END-- [ RunTime:0.000586s ]
INFO: [ app_begin ] --START--
INFO: Run Behavior\ReadHtmlCacheBehavior [ RunTime:0.000801s ]
INFO: [ app_begin ] --END-- [ RunTime:0.000889s ]
INFO: [ app_end ] --START--
INFO: Run Behavior\ShowPageTraceBehavior [ RunTime:0.000789s ]
INFO: [ app_end ] --END-- [ RunTime:0.000879s ]

[ 2015-06-21T19:24:43+08:00 ] 127.0.0.1 /One's%20World/server/
INFO: [ app_init ] --START--
INFO: Run Behavior\BuildLiteBehavior [ RunTime:0.000022s ]
INFO: [ app_init ] --END-- [ RunTime:0.000730s ]
INFO: [ app_begin ] --START--
INFO: Run Behavior\ReadHtmlCacheBehavior [ RunTime:0.000688s ]
INFO: [ app_begin ] --END-- [ RunTime:0.000747s ]
INFO: [ app_end ] --START--
INFO: Run Behavior\ShowPageTraceBehavior [ RunTime:0.000579s ]
INFO: [ app_end ] --END-- [ RunTime:0.000638s ]

[ 2015-06-21T19:24:49+08:00 ] 127.0.0.1 /One's%20World/server/
INFO: [ app_init ] --START--
INFO: Run Behavior\BuildLiteBehavior [ RunTime:0.000015s ]
INFO: [ app_init ] --END-- [ RunTime:0.000425s ]
INFO: [ app_begin ] --START--
INFO: Run Behavior\ReadHtmlCacheBehavior [ RunTime:0.000565s ]
INFO: [ app_begin ] --END-- [ RunTime:0.000623s ]
INFO: [ app_end ] --START--
INFO: Run Behavior\ShowPageTraceBehavior [ RunTime:0.000557s ]
INFO: [ app_end ] --END-- [ RunTime:0.000615s ]

[ 2015-06-21T19:24:59+08:00 ] 127.0.0.1 /One's%20World/server/
INFO: [ app_init ] --START--
INFO: Run Behavior\BuildLiteBehavior [ RunTime:0.000030s ]
INFO: [ app_init ] --END-- [ RunTime:0.001316s ]
INFO: [ app_begin ] --START--
INFO: Run Behavior\ReadHtmlCacheBehavior [ RunTime:0.000698s ]
INFO: [ app_begin ] --END-- [ RunTime:0.000766s ]
INFO: [ app_end ] --START--
INFO: Run Behavior\ShowPageTraceBehavior [ RunTime:0.000603s ]
INFO: [ app_end ] --END-- [ RunTime:0.000661s ]

[ 2015-06-21T19:26:33+08:00 ] 127.0.0.1 /One's%20World/server/
INFO: [ app_init ] --START--
INFO: Run Behavior\BuildLiteBehavior [ RunTime:0.000024s ]
INFO: [ app_init ] --END-- [ RunTime:0.000517s ]
INFO: [ app_begin ] --START--
INFO: Run Behavior\ReadHtmlCacheBehavior [ RunTime:0.000603s ]
INFO: [ app_begin ] --END-- [ RunTime:0.000677s ]
ERR: SQLSTATE[28000] [1045] Access denied for user 'root'@'localhost' (using password: YES)

[ 2015-06-21T19:26:44+08:00 ] 127.0.0.1 /One's%20World/server/
INFO: [ app_init ] --START--
INFO: Run Behavior\BuildLiteBehavior [ RunTime:0.000013s ]
INFO: [ app_init ] --END-- [ RunTime:0.000369s ]
INFO: [ app_begin ] --START--
INFO: Run Behavior\ReadHtmlCacheBehavior [ RunTime:0.000523s ]
INFO: [ app_begin ] --END-- [ RunTime:0.000580s ]
SQL: SHOW COLUMNS FROM `admin` [ RunTime:0.0490s ]
SQL: SELECT * FROM `admin`  [ RunTime:0.0004s ]
INFO: [ app_end ] --START--
INFO: Run Behavior\ShowPageTraceBehavior [ RunTime:0.000793s ]
INFO: [ app_end ] --END-- [ RunTime:0.000885s ]

[ 2015-06-21T19:27:12+08:00 ] 127.0.0.1 /One's%20World/server/
INFO: [ app_init ] --START--
INFO: Run Behavior\BuildLiteBehavior [ RunTime:0.000014s ]
INFO: [ app_init ] --END-- [ RunTime:0.000384s ]
INFO: [ app_begin ] --START--
INFO: Run Behavior\ReadHtmlCacheBehavior [ RunTime:0.000686s ]
INFO: [ app_begin ] --END-- [ RunTime:0.000759s ]
SQL: SHOW COLUMNS FROM `admin` [ RunTime:0.0085s ]
SQL: SELECT * FROM `admin`  [ RunTime:0.0005s ]
INFO: [ app_end ] --START--
INFO: Run Behavior\ShowPageTraceBehavior [ RunTime:0.000763s ]
INFO: [ app_end ] --END-- [ RunTime:0.000827s ]

[ 2015-06-21T19:27:33+08:00 ] 127.0.0.1 /One's%20World/server/
INFO: [ app_init ] --START--
INFO: Run Behavior\BuildLiteBehavior [ RunTime:0.000015s ]
INFO: [ app_init ] --END-- [ RunTime:0.000384s ]
INFO: [ app_begin ] --START--
INFO: Run Behavior\ReadHtmlCacheBehavior [ RunTime:0.000535s ]
INFO: [ app_begin ] --END-- [ RunTime:0.000592s ]
SQL: SHOW COLUMNS FROM `admin` [ RunTime:0.0057s ]
SQL: SELECT * FROM `admin`  [ RunTime:0.0003s ]
INFO: [ app_end ] --START--
INFO: Run Behavior\ShowPageTraceBehavior [ RunTime:0.000793s ]
INFO: [ app_end ] --END-- [ RunTime:0.000907s ]

[ 2015-06-21T19:29:21+08:00 ] 127.0.0.1 /One's%20World/server/
INFO: [ app_init ] --START--
INFO: Run Behavior\BuildLiteBehavior [ RunTime:0.000015s ]
INFO: [ app_init ] --END-- [ RunTime:0.000416s ]
INFO: [ app_begin ] --START--
INFO: Run Behavior\ReadHtmlCacheBehavior [ RunTime:0.000599s ]
INFO: [ app_begin ] --END-- [ RunTime:0.000656s ]

[ 2015-06-21T19:34:36+08:00 ] 127.0.0.1 /One's%20World/server/
INFO: [ app_init ] --START--
INFO: Run Behavior\BuildLiteBehavior [ RunTime:0.000014s ]
INFO: [ app_init ] --END-- [ RunTime:0.000418s ]
INFO: [ app_begin ] --START--
INFO: Run Behavior\ReadHtmlCacheBehavior [ RunTime:0.000602s ]
INFO: [ app_begin ] --END-- [ RunTime:0.000660s ]
SQL: SHOW COLUMNS FROM `admin` [ RunTime:0.0049s ]
SQL: SELECT * FROM `admin`  [ RunTime:0.0004s ]
NOTIC: [8] Undefined variable: i D:\WampServer2.1a-x32\WampServer\wamp\www\One's World\server\Application\Home\Controller\IndexController.class.php 第 10 行.
NOTIC: [2] Invalid argument supplied for foreach() D:\WampServer2.1a-x32\WampServer\wamp\www\One's World\server\Application\Home\Controller\IndexController.class.php 第 10 行.
INFO: [ app_end ] --START--
INFO: Run Behavior\ShowPageTraceBehavior [ RunTime:0.001002s ]
INFO: [ app_end ] --END-- [ RunTime:0.001092s ]

[ 2015-06-21T19:34:37+08:00 ] 127.0.0.1 /One's%20World/server/
INFO: [ app_init ] --START--
INFO: Run Behavior\BuildLiteBehavior [ RunTime:0.000015s ]
INFO: [ app_init ] --END-- [ RunTime:0.000390s ]
INFO: [ app_begin ] --START--
INFO: Run Behavior\ReadHtmlCacheBehavior [ RunTime:0.000534s ]
INFO: [ app_begin ] --END-- [ RunTime:0.000592s ]
SQL: SHOW COLUMNS FROM `admin` [ RunTime:0.0058s ]
SQL: SELECT * FROM `admin`  [ RunTime:0.0003s ]
NOTIC: [8] Undefined variable: i D:\WampServer2.1a-x32\WampServer\wamp\www\One's World\server\Application\Home\Controller\IndexController.class.php 第 10 行.
NOTIC: [2] Invalid argument supplied for foreach() D:\WampServer2.1a-x32\WampServer\wamp\www\One's World\server\Application\Home\Controller\IndexController.class.php 第 10 行.
INFO: [ app_end ] --START--
INFO: Run Behavior\ShowPageTraceBehavior [ RunTime:0.000729s ]
INFO: [ app_end ] --END-- [ RunTime:0.000782s ]

[ 2015-06-21T19:34:54+08:00 ] 127.0.0.1 /One's%20World/server/
INFO: [ app_init ] --START--
INFO: Run Behavior\BuildLiteBehavior [ RunTime:0.000015s ]
INFO: [ app_init ] --END-- [ RunTime:0.000436s ]
INFO: [ app_begin ] --START--
INFO: Run Behavior\ReadHtmlCacheBehavior [ RunTime:0.000955s ]
INFO: [ app_begin ] --END-- [ RunTime:0.001041s ]
SQL: SHOW COLUMNS FROM `admin` [ RunTime:0.0050s ]
SQL: SELECT * FROM `admin`  [ RunTime:0.0004s ]
NOTIC: [8] Undefined variable: i D:\WampServer2.1a-x32\WampServer\wamp\www\One's World\server\Application\Home\Controller\IndexController.class.php 第 10 行.
NOTIC: [2] Invalid argument supplied for foreach() D:\WampServer2.1a-x32\WampServer\wamp\www\One's World\server\Application\Home\Controller\IndexController.class.php 第 10 行.
INFO: [ app_end ] --START--
INFO: Run Behavior\ShowPageTraceBehavior [ RunTime:0.000680s ]
INFO: [ app_end ] --END-- [ RunTime:0.000739s ]

[ 2015-06-21T19:34:55+08:00 ] 127.0.0.1 /One's%20World/server/
INFO: [ app_init ] --START--
INFO: Run Behavior\BuildLiteBehavior [ RunTime:0.000017s ]
INFO: [ app_init ] --END-- [ RunTime:0.000437s ]
INFO: [ app_begin ] --START--
INFO: Run Behavior\ReadHtmlCacheBehavior [ RunTime:0.000647s ]
INFO: [ app_begin ] --END-- [ RunTime:0.000716s ]
SQL: SHOW COLUMNS FROM `admin` [ RunTime:0.0066s ]
SQL: SELECT * FROM `admin`  [ RunTime:0.0004s ]
NOTIC: [8] Undefined variable: i D:\WampServer2.1a-x32\WampServer\wamp\www\One's World\server\Application\Home\Controller\IndexController.class.php 第 10 行.
NOTIC: [2] Invalid argument supplied for foreach() D:\WampServer2.1a-x32\WampServer\wamp\www\One's World\server\Application\Home\Controller\IndexController.class.php 第 10 行.
INFO: [ app_end ] --START--
INFO: Run Behavior\ShowPageTraceBehavior [ RunTime:0.002181s ]
INFO: [ app_end ] --END-- [ RunTime:0.002302s ]

[ 2015-06-21T19:34:55+08:00 ] 127.0.0.1 /One's%20World/server/
INFO: [ app_init ] --START--
INFO: Run Behavior\BuildLiteBehavior [ RunTime:0.000022s ]
INFO: [ app_init ] --END-- [ RunTime:0.000574s ]
INFO: [ app_begin ] --START--
INFO: Run Behavior\ReadHtmlCacheBehavior [ RunTime:0.000576s ]
INFO: [ app_begin ] --END-- [ RunTime:0.000646s ]
SQL: SHOW COLUMNS FROM `admin` [ RunTime:0.0053s ]
SQL: SELECT * FROM `admin`  [ RunTime:0.0003s ]
NOTIC: [8] Undefined variable: i D:\WampServer2.1a-x32\WampServer\wamp\www\One's World\server\Application\Home\Controller\IndexController.class.php 第 10 行.
NOTIC: [2] Invalid argument supplied for foreach() D:\WampServer2.1a-x32\WampServer\wamp\www\One's World\server\Application\Home\Controller\IndexController.class.php 第 10 行.
INFO: [ app_end ] --START--
INFO: Run Behavior\ShowPageTraceBehavior [ RunTime:0.000670s ]
INFO: [ app_end ] --END-- [ RunTime:0.000728s ]

[ 2015-06-21T19:34:56+08:00 ] 127.0.0.1 /One's%20World/server/
INFO: [ app_init ] --START--
INFO: Run Behavior\BuildLiteBehavior [ RunTime:0.000013s ]
INFO: [ app_init ] --END-- [ RunTime:0.000373s ]
INFO: [ app_begin ] --START--
INFO: Run Behavior\ReadHtmlCacheBehavior [ RunTime:0.000523s ]
INFO: [ app_begin ] --END-- [ RunTime:0.000579s ]
SQL: SHOW COLUMNS FROM `admin` [ RunTime:0.0063s ]
SQL: SELECT * FROM `admin`  [ RunTime:0.0006s ]
NOTIC: [8] Undefined variable: i D:\WampServer2.1a-x32\WampServer\wamp\www\One's World\server\Application\Home\Controller\IndexController.class.php 第 10 行.
NOTIC: [2] Invalid argument supplied for foreach() D:\WampServer2.1a-x32\WampServer\wamp\www\One's World\server\Application\Home\Controller\IndexController.class.php 第 10 行.
INFO: [ app_end ] --START--
INFO: Run Behavior\ShowPageTraceBehavior [ RunTime:0.000722s ]
INFO: [ app_end ] --END-- [ RunTime:0.000830s ]

[ 2015-06-21T19:35:09+08:00 ] 127.0.0.1 /One's%20World/server/
INFO: [ app_init ] --START--
INFO: Run Behavior\BuildLiteBehavior [ RunTime:0.000014s ]
INFO: [ app_init ] --END-- [ RunTime:0.000370s ]
INFO: [ app_begin ] --START--
INFO: Run Behavior\ReadHtmlCacheBehavior [ RunTime:0.000521s ]
INFO: [ app_begin ] --END-- [ RunTime:0.000578s ]
SQL: SHOW COLUMNS FROM `admin` [ RunTime:0.0072s ]
SQL: SELECT * FROM `admin`  [ RunTime:0.0003s ]
NOTIC: [8] Undefined variable: i D:\WampServer2.1a-x32\WampServer\wamp\www\One's World\server\Application\Home\Controller\IndexController.class.php 第 10 行.
NOTIC: [2] Invalid argument supplied for foreach() D:\WampServer2.1a-x32\WampServer\wamp\www\One's World\server\Application\Home\Controller\IndexController.class.php 第 10 行.
INFO: [ app_end ] --START--
INFO: Run Behavior\ShowPageTraceBehavior [ RunTime:0.000629s ]
INFO: [ app_end ] --END-- [ RunTime:0.000680s ]

[ 2015-06-21T19:35:31+08:00 ] 127.0.0.1 /One's%20World/server/
INFO: [ app_init ] --START--
INFO: Run Behavior\BuildLiteBehavior [ RunTime:0.000055s ]
INFO: [ app_init ] --END-- [ RunTime:0.002384s ]
INFO: [ app_begin ] --START--
INFO: Run Behavior\ReadHtmlCacheBehavior [ RunTime:0.000942s ]
INFO: [ app_begin ] --END-- [ RunTime:0.001059s ]

[ 2015-06-21T19:35:59+08:00 ] 127.0.0.1 /One's%20World/server/
INFO: [ app_init ] --START--
INFO: Run Behavior\BuildLiteBehavior [ RunTime:0.000023s ]
INFO: [ app_init ] --END-- [ RunTime:0.000444s ]
INFO: [ app_begin ] --START--
INFO: Run Behavior\ReadHtmlCacheBehavior [ RunTime:0.000558s ]
INFO: [ app_begin ] --END-- [ RunTime:0.000618s ]

[ 2015-06-21T19:36:08+08:00 ] 127.0.0.1 /One's%20World/server/
INFO: [ app_init ] --START--
INFO: Run Behavior\BuildLiteBehavior [ RunTime:0.000013s ]
INFO: [ app_init ] --END-- [ RunTime:0.000367s ]
INFO: [ app_begin ] --START--
INFO: Run Behavior\ReadHtmlCacheBehavior [ RunTime:0.000516s ]
INFO: [ app_begin ] --END-- [ RunTime:0.000573s ]
SQL: SHOW COLUMNS FROM `admin` [ RunTime:0.0057s ]
SQL: SELECT * FROM `admin`  [ RunTime:0.0006s ]
NOTIC: [2] Illegal offset type D:\WampServer2.1a-x32\WampServer\wamp\www\One's World\server\Application\Home\Controller\IndexController.class.php 第 12 行.
NOTIC: [2] Illegal offset type D:\WampServer2.1a-x32\WampServer\wamp\www\One's World\server\Application\Home\Controller\IndexController.class.php 第 12 行.
INFO: [ app_end ] --START--
INFO: Run Behavior\ShowPageTraceBehavior [ RunTime:0.000692s ]
INFO: [ app_end ] --END-- [ RunTime:0.000749s ]

[ 2015-06-21T19:36:09+08:00 ] 127.0.0.1 /One's%20World/server/
INFO: [ app_init ] --START--
INFO: Run Behavior\BuildLiteBehavior [ RunTime:0.000015s ]
INFO: [ app_init ] --END-- [ RunTime:0.000393s ]
INFO: [ app_begin ] --START--
INFO: Run Behavior\ReadHtmlCacheBehavior [ RunTime:0.000543s ]
INFO: [ app_begin ] --END-- [ RunTime:0.000607s ]
SQL: SHOW COLUMNS FROM `admin` [ RunTime:0.0053s ]
SQL: SELECT * FROM `admin`  [ RunTime:0.0004s ]
NOTIC: [2] Illegal offset type D:\WampServer2.1a-x32\WampServer\wamp\www\One's World\server\Application\Home\Controller\IndexController.class.php 第 12 行.
NOTIC: [2] Illegal offset type D:\WampServer2.1a-x32\WampServer\wamp\www\One's World\server\Application\Home\Controller\IndexController.class.php 第 12 行.
INFO: [ app_end ] --START--
INFO: Run Behavior\ShowPageTraceBehavior [ RunTime:0.000754s ]
INFO: [ app_end ] --END-- [ RunTime:0.000805s ]

[ 2015-06-21T19:36:09+08:00 ] 127.0.0.1 /One's%20World/server/
INFO: [ app_init ] --START--
INFO: Run Behavior\BuildLiteBehavior [ RunTime:0.000014s ]
INFO: [ app_init ] --END-- [ RunTime:0.000382s ]
INFO: [ app_begin ] --START--
INFO: Run Behavior\ReadHtmlCacheBehavior [ RunTime:0.000540s ]
INFO: [ app_begin ] --END-- [ RunTime:0.000599s ]
SQL: SHOW COLUMNS FROM `admin` [ RunTime:0.0049s ]
SQL: SELECT * FROM `admin`  [ RunTime:0.0034s ]
NOTIC: [2] Illegal offset type D:\WampServer2.1a-x32\WampServer\wamp\www\One's World\server\Application\Home\Controller\IndexController.class.php 第 12 行.
NOTIC: [2] Illegal offset type D:\WampServer2.1a-x32\WampServer\wamp\www\One's World\server\Application\Home\Controller\IndexController.class.php 第 12 行.
INFO: [ app_end ] --START--
INFO: Run Behavior\ShowPageTraceBehavior [ RunTime:0.000873s ]
INFO: [ app_end ] --END-- [ RunTime:0.000938s ]

[ 2015-06-21T19:36:40+08:00 ] 127.0.0.1 /One's%20World/server/
INFO: [ app_init ] --START--
INFO: Run Behavior\BuildLiteBehavior [ RunTime:0.000024s ]
INFO: [ app_init ] --END-- [ RunTime:0.000582s ]
INFO: [ app_begin ] --START--
INFO: Run Behavior\ReadHtmlCacheBehavior [ RunTime:0.000905s ]
INFO: [ app_begin ] --END-- [ RunTime:0.001007s ]
SQL: SHOW COLUMNS FROM `admin` [ RunTime:0.0055s ]
SQL: SELECT * FROM `admin`  [ RunTime:0.0004s ]
NOTIC: [2] Illegal offset type D:\WampServer2.1a-x32\WampServer\wamp\www\One's World\server\Application\Home\Controller\IndexController.class.php 第 11 行.
NOTIC: [2] Invalid argument supplied for foreach() D:\WampServer2.1a-x32\WampServer\wamp\www\One's World\server\Application\Home\Controller\IndexController.class.php 第 11 行.
NOTIC: [2] Illegal offset type D:\WampServer2.1a-x32\WampServer\wamp\www\One's World\server\Application\Home\Controller\IndexController.class.php 第 11 行.
NOTIC: [2] Invalid argument supplied for foreach() D:\WampServer2.1a-x32\WampServer\wamp\www\One's World\server\Application\Home\Controller\IndexController.class.php 第 11 行.
INFO: [ app_end ] --START--
INFO: Run Behavior\ShowPageTraceBehavior [ RunTime:0.000730s ]
INFO: [ app_end ] --END-- [ RunTime:0.000787s ]

[ 2015-06-21T19:36:54+08:00 ] 127.0.0.1 /One's%20World/server/
INFO: [ app_init ] --START--
INFO: Run Behavior\BuildLiteBehavior [ RunTime:0.000014s ]
INFO: [ app_init ] --END-- [ RunTime:0.000377s ]
INFO: [ app_begin ] --START--
INFO: Run Behavior\ReadHtmlCacheBehavior [ RunTime:0.000523s ]
INFO: [ app_begin ] --END-- [ RunTime:0.000580s ]
SQL: SHOW COLUMNS FROM `admin` [ RunTime:0.0053s ]
SQL: SELECT * FROM `admin`  [ RunTime:0.0003s ]
INFO: [ app_end ] --START--
INFO: Run Behavior\ShowPageTraceBehavior [ RunTime:0.000684s ]
INFO: [ app_end ] --END-- [ RunTime:0.000751s ]

[ 2015-06-21T19:37:02+08:00 ] 127.0.0.1 /One's%20World/server/
INFO: [ app_init ] --START--
INFO: Run Behavior\BuildLiteBehavior [ RunTime:0.000014s ]
INFO: [ app_init ] --END-- [ RunTime:0.000380s ]
INFO: [ app_begin ] --START--
INFO: Run Behavior\ReadHtmlCacheBehavior [ RunTime:0.000538s ]
INFO: [ app_begin ] --END-- [ RunTime:0.000596s ]
SQL: SHOW COLUMNS FROM `admin` [ RunTime:0.0055s ]
SQL: SELECT * FROM `admin`  [ RunTime:0.0003s ]
INFO: [ app_end ] --START--
INFO: Run Behavior\ShowPageTraceBehavior [ RunTime:0.000675s ]
INFO: [ app_end ] --END-- [ RunTime:0.000736s ]

[ 2015-06-21T19:37:10+08:00 ] 127.0.0.1 /One's%20World/server/
INFO: [ app_init ] --START--
INFO: Run Behavior\BuildLiteBehavior [ RunTime:0.000022s ]
INFO: [ app_init ] --END-- [ RunTime:0.000414s ]
INFO: [ app_begin ] --START--
INFO: Run Behavior\ReadHtmlCacheBehavior [ RunTime:0.000649s ]
INFO: [ app_begin ] --END-- [ RunTime:0.000727s ]
SQL: SHOW COLUMNS FROM `admin` [ RunTime:0.0056s ]
SQL: SELECT * FROM `admin`  [ RunTime:0.0003s ]
INFO: [ app_end ] --START--
INFO: Run Behavior\ShowPageTraceBehavior [ RunTime:0.000656s ]
INFO: [ app_end ] --END-- [ RunTime:0.000716s ]

[ 2015-06-21T19:37:21+08:00 ] 127.0.0.1 /One's%20World/server/
INFO: [ app_init ] --START--
INFO: Run Behavior\BuildLiteBehavior [ RunTime:0.000035s ]
INFO: [ app_init ] --END-- [ RunTime:0.000828s ]
INFO: [ app_begin ] --START--
INFO: Run Behavior\ReadHtmlCacheBehavior [ RunTime:0.000866s ]
INFO: [ app_begin ] --END-- [ RunTime:0.000971s ]
SQL: SHOW COLUMNS FROM `admin` [ RunTime:0.0067s ]
SQL: SELECT * FROM `admin`  [ RunTime:0.0005s ]
INFO: [ app_end ] --START--
INFO: Run Behavior\ShowPageTraceBehavior [ RunTime:0.000831s ]
INFO: [ app_end ] --END-- [ RunTime:0.000955s ]

[ 2015-06-21T19:37:27+08:00 ] 127.0.0.1 /One's%20World/server/
INFO: [ app_init ] --START--
INFO: Run Behavior\BuildLiteBehavior [ RunTime:0.000014s ]
INFO: [ app_init ] --END-- [ RunTime:0.000388s ]
INFO: [ app_begin ] --START--
INFO: Run Behavior\ReadHtmlCacheBehavior [ RunTime:0.000531s ]
INFO: [ app_begin ] --END-- [ RunTime:0.000589s ]
SQL: SHOW COLUMNS FROM `admin` [ RunTime:0.0047s ]
SQL: SELECT * FROM `admin`  [ RunTime:0.0003s ]
INFO: [ app_end ] --START--
INFO: Run Behavior\ShowPageTraceBehavior [ RunTime:0.000726s ]
INFO: [ app_end ] --END-- [ RunTime:0.000787s ]

[ 2015-06-21T19:39:09+08:00 ] 127.0.0.1 /One's%20World/server/
INFO: [ app_init ] --START--
INFO: Run Behavior\BuildLiteBehavior [ RunTime:0.000014s ]
INFO: [ app_init ] --END-- [ RunTime:0.000599s ]
INFO: [ app_begin ] --START--
INFO: Run Behavior\ReadHtmlCacheBehavior [ RunTime:0.000611s ]
INFO: [ app_begin ] --END-- [ RunTime:0.000671s ]
SQL: SHOW COLUMNS FROM `admin` [ RunTime:0.0049s ]
SQL: SELECT * FROM `admin`  [ RunTime:0.0004s ]
NOTIC: [8] Undefined offset: 0 D:\WampServer2.1a-x32\WampServer\wamp\www\One's World\server\Application\Home\Controller\IndexController.class.php 第 17 行.
NOTIC: [8] Undefined offset: 1 D:\WampServer2.1a-x32\WampServer\wamp\www\One's World\server\Application\Home\Controller\IndexController.class.php 第 17 行.
NOTIC: [8] Undefined offset: 2 D:\WampServer2.1a-x32\WampServer\wamp\www\One's World\server\Application\Home\Controller\IndexController.class.php 第 17 行.
NOTIC: [8] Undefined offset: 3 D:\WampServer2.1a-x32\WampServer\wamp\www\One's World\server\Application\Home\Controller\IndexController.class.php 第 17 行.
NOTIC: [8] Undefined offset: 4 D:\WampServer2.1a-x32\WampServer\wamp\www\One's World\server\Application\Home\Controller\IndexController.class.php 第 17 行.
NOTIC: [8] Undefined offset: 0 D:\WampServer2.1a-x32\WampServer\wamp\www\One's World\server\Application\Home\Controller\IndexController.class.php 第 17 行.
NOTIC: [8] Undefined offset: 1 D:\WampServer2.1a-x32\WampServer\wamp\www\One's World\server\Application\Home\Controller\IndexController.class.php 第 17 行.
NOTIC: [8] Undefined offset: 2 D:\WampServer2.1a-x32\WampServer\wamp\www\One's World\server\Application\Home\Controller\IndexController.class.php 第 17 行.
NOTIC: [8] Undefined offset: 3 D:\WampServer2.1a-x32\WampServer\wamp\www\One's World\server\Application\Home\Controller\IndexController.class.php 第 17 行.
NOTIC: [8] Undefined offset: 4 D:\WampServer2.1a-x32\WampServer\wamp\www\One's World\server\Application\Home\Controller\IndexController.class.php 第 17 行.
INFO: [ app_end ] --START--
INFO: Run Behavior\ShowPageTraceBehavior [ RunTime:0.000876s ]
INFO: [ app_end ] --END-- [ RunTime:0.000936s ]

[ 2015-06-21T19:39:10+08:00 ] 127.0.0.1 /One's%20World/server/
INFO: [ app_init ] --START--
INFO: Run Behavior\BuildLiteBehavior [ RunTime:0.000018s ]
INFO: [ app_init ] --END-- [ RunTime:0.000467s ]
INFO: [ app_begin ] --START--
INFO: Run Behavior\ReadHtmlCacheBehavior [ RunTime:0.000640s ]
INFO: [ app_begin ] --END-- [ RunTime:0.000709s ]
SQL: SHOW COLUMNS FROM `admin` [ RunTime:0.0053s ]
SQL: SELECT * FROM `admin`  [ RunTime:0.0004s ]
NOTIC: [8] Undefined offset: 0 D:\WampServer2.1a-x32\WampServer\wamp\www\One's World\server\Application\Home\Controller\IndexController.class.php 第 17 行.
NOTIC: [8] Undefined offset: 1 D:\WampServer2.1a-x32\WampServer\wamp\www\One's World\server\Application\Home\Controller\IndexController.class.php 第 17 行.
NOTIC: [8] Undefined offset: 2 D:\WampServer2.1a-x32\WampServer\wamp\www\One's World\server\Application\Home\Controller\IndexController.class.php 第 17 行.
NOTIC: [8] Undefined offset: 3 D:\WampServer2.1a-x32\WampServer\wamp\www\One's World\server\Application\Home\Controller\IndexController.class.php 第 17 行.
NOTIC: [8] Undefined offset: 4 D:\WampServer2.1a-x32\WampServer\wamp\www\One's World\server\Application\Home\Controller\IndexController.class.php 第 17 行.
NOTIC: [8] Undefined offset: 0 D:\WampServer2.1a-x32\WampServer\wamp\www\One's World\server\Application\Home\Controller\IndexController.class.php 第 17 行.
NOTIC: [8] Undefined offset: 1 D:\WampServer2.1a-x32\WampServer\wamp\www\One's World\server\Application\Home\Controller\IndexController.class.php 第 17 行.
NOTIC: [8] Undefined offset: 2 D:\WampServer2.1a-x32\WampServer\wamp\www\One's World\server\Application\Home\Controller\IndexController.class.php 第 17 行.
NOTIC: [8] Undefined offset: 3 D:\WampServer2.1a-x32\WampServer\wamp\www\One's World\server\Application\Home\Controller\IndexController.class.php 第 17 行.
NOTIC: [8] Undefined offset: 4 D:\WampServer2.1a-x32\WampServer\wamp\www\One's World\server\Application\Home\Controller\IndexController.class.php 第 17 行.
INFO: [ app_end ] --START--
INFO: Run Behavior\ShowPageTraceBehavior [ RunTime:0.000678s ]
INFO: [ app_end ] --END-- [ RunTime:0.000735s ]

[ 2015-06-21T19:39:11+08:00 ] 127.0.0.1 /One's%20World/server/
INFO: [ app_init ] --START--
INFO: Run Behavior\BuildLiteBehavior [ RunTime:0.000015s ]
INFO: [ app_init ] --END-- [ RunTime:0.000386s ]
INFO: [ app_begin ] --START--
INFO: Run Behavior\ReadHtmlCacheBehavior [ RunTime:0.000533s ]
INFO: [ app_begin ] --END-- [ RunTime:0.000591s ]
SQL: SHOW COLUMNS FROM `admin` [ RunTime:0.0051s ]
SQL: SELECT * FROM `admin`  [ RunTime:0.0004s ]
NOTIC: [8] Undefined offset: 0 D:\WampServer2.1a-x32\WampServer\wamp\www\One's World\server\Application\Home\Controller\IndexController.class.php 第 17 行.
NOTIC: [8] Undefined offset: 1 D:\WampServer2.1a-x32\WampServer\wamp\www\One's World\server\Application\Home\Controller\IndexController.class.php 第 17 行.
NOTIC: [8] Undefined offset: 2 D:\WampServer2.1a-x32\WampServer\wamp\www\One's World\server\Application\Home\Controller\IndexController.class.php 第 17 行.
NOTIC: [8] Undefined offset: 3 D:\WampServer2.1a-x32\WampServer\wamp\www\One's World\server\Application\Home\Controller\IndexController.class.php 第 17 行.
NOTIC: [8] Undefined offset: 4 D:\WampServer2.1a-x32\WampServer\wamp\www\One's World\server\Application\Home\Controller\IndexController.class.php 第 17 行.
NOTIC: [8] Undefined offset: 0 D:\WampServer2.1a-x32\WampServer\wamp\www\One's World\server\Application\Home\Controller\IndexController.class.php 第 17 行.
NOTIC: [8] Undefined offset: 1 D:\WampServer2.1a-x32\WampServer\wamp\www\One's World\server\Application\Home\Controller\IndexController.class.php 第 17 行.
NOTIC: [8] Undefined offset: 2 D:\WampServer2.1a-x32\WampServer\wamp\www\One's World\server\Application\Home\Controller\IndexController.class.php 第 17 行.
NOTIC: [8] Undefined offset: 3 D:\WampServer2.1a-x32\WampServer\wamp\www\One's World\server\Application\Home\Controller\IndexController.class.php 第 17 行.
NOTIC: [8] Undefined offset: 4 D:\WampServer2.1a-x32\WampServer\wamp\www\One's World\server\Application\Home\Controller\IndexController.class.php 第 17 行.
INFO: [ app_end ] --START--
INFO: Run Behavior\ShowPageTraceBehavior [ RunTime:0.000974s ]
INFO: [ app_end ] --END-- [ RunTime:0.001046s ]

[ 2015-06-21T19:39:11+08:00 ] 127.0.0.1 /One's%20World/server/
INFO: [ app_init ] --START--
INFO: Run Behavior\BuildLiteBehavior [ RunTime:0.000015s ]
INFO: [ app_init ] --END-- [ RunTime:0.000443s ]
INFO: [ app_begin ] --START--
INFO: Run Behavior\ReadHtmlCacheBehavior [ RunTime:0.000521s ]
INFO: [ app_begin ] --END-- [ RunTime:0.000578s ]
SQL: SHOW COLUMNS FROM `admin` [ RunTime:0.0056s ]
SQL: SELECT * FROM `admin`  [ RunTime:0.0004s ]
NOTIC: [8] Undefined offset: 0 D:\WampServer2.1a-x32\WampServer\wamp\www\One's World\server\Application\Home\Controller\IndexController.class.php 第 17 行.
NOTIC: [8] Undefined offset: 1 D:\WampServer2.1a-x32\WampServer\wamp\www\One's World\server\Application\Home\Controller\IndexController.class.php 第 17 行.
NOTIC: [8] Undefined offset: 2 D:\WampServer2.1a-x32\WampServer\wamp\www\One's World\server\Application\Home\Controller\IndexController.class.php 第 17 行.
NOTIC: [8] Undefined offset: 3 D:\WampServer2.1a-x32\WampServer\wamp\www\One's World\server\Application\Home\Controller\IndexController.class.php 第 17 行.
NOTIC: [8] Undefined offset: 4 D:\WampServer2.1a-x32\WampServer\wamp\www\One's World\server\Application\Home\Controller\IndexController.class.php 第 17 行.
NOTIC: [8] Undefined offset: 0 D:\WampServer2.1a-x32\WampServer\wamp\www\One's World\server\Application\Home\Controller\IndexController.class.php 第 17 行.
NOTIC: [8] Undefined offset: 1 D:\WampServer2.1a-x32\WampServer\wamp\www\One's World\server\Application\Home\Controller\IndexController.class.php 第 17 行.
NOTIC: [8] Undefined offset: 2 D:\WampServer2.1a-x32\WampServer\wamp\www\One's World\server\Application\Home\Controller\IndexController.class.php 第 17 行.
NOTIC: [8] Undefined offset: 3 D:\WampServer2.1a-x32\WampServer\wamp\www\One's World\server\Application\Home\Controller\IndexController.class.php 第 17 行.
NOTIC: [8] Undefined offset: 4 D:\WampServer2.1a-x32\WampServer\wamp\www\One's World\server\Application\Home\Controller\IndexController.class.php 第 17 行.
INFO: [ app_end ] --START--
INFO: Run Behavior\ShowPageTraceBehavior [ RunTime:0.000891s ]
INFO: [ app_end ] --END-- [ RunTime:0.000952s ]

[ 2015-06-21T19:39:11+08:00 ] 127.0.0.1 /One's%20World/server/
INFO: [ app_init ] --START--
INFO: Run Behavior\BuildLiteBehavior [ RunTime:0.000016s ]
INFO: [ app_init ] --END-- [ RunTime:0.000421s ]
INFO: [ app_begin ] --START--
INFO: Run Behavior\ReadHtmlCacheBehavior [ RunTime:0.000545s ]
INFO: [ app_begin ] --END-- [ RunTime:0.000604s ]
SQL: SHOW COLUMNS FROM `admin` [ RunTime:0.0048s ]
SQL: SELECT * FROM `admin`  [ RunTime:0.0003s ]
NOTIC: [8] Undefined offset: 0 D:\WampServer2.1a-x32\WampServer\wamp\www\One's World\server\Application\Home\Controller\IndexController.class.php 第 17 行.
NOTIC: [8] Undefined offset: 1 D:\WampServer2.1a-x32\WampServer\wamp\www\One's World\server\Application\Home\Controller\IndexController.class.php 第 17 行.
NOTIC: [8] Undefined offset: 2 D:\WampServer2.1a-x32\WampServer\wamp\www\One's World\server\Application\Home\Controller\IndexController.class.php 第 17 行.
NOTIC: [8] Undefined offset: 3 D:\WampServer2.1a-x32\WampServer\wamp\www\One's World\server\Application\Home\Controller\IndexController.class.php 第 17 行.
NOTIC: [8] Undefined offset: 4 D:\WampServer2.1a-x32\WampServer\wamp\www\One's World\server\Application\Home\Controller\IndexController.class.php 第 17 行.
NOTIC: [8] Undefined offset: 0 D:\WampServer2.1a-x32\WampServer\wamp\www\One's World\server\Application\Home\Controller\IndexController.class.php 第 17 行.
NOTIC: [8] Undefined offset: 1 D:\WampServer2.1a-x32\WampServer\wamp\www\One's World\server\Application\Home\Controller\IndexController.class.php 第 17 行.
NOTIC: [8] Undefined offset: 2 D:\WampServer2.1a-x32\WampServer\wamp\www\One's World\server\Application\Home\Controller\IndexController.class.php 第 17 行.
NOTIC: [8] Undefined offset: 3 D:\WampServer2.1a-x32\WampServer\wamp\www\One's World\server\Application\Home\Controller\IndexController.class.php 第 17 行.
NOTIC: [8] Undefined offset: 4 D:\WampServer2.1a-x32\WampServer\wamp\www\One's World\server\Application\Home\Controller\IndexController.class.php 第 17 行.
INFO: [ app_end ] --START--
INFO: Run Behavior\ShowPageTraceBehavior [ RunTime:0.000690s ]
INFO: [ app_end ] --END-- [ RunTime:0.000751s ]

[ 2015-06-21T19:39:19+08:00 ] 127.0.0.1 /One's%20World/server/
INFO: [ app_init ] --START--
INFO: Run Behavior\BuildLiteBehavior [ RunTime:0.000015s ]
INFO: [ app_init ] --END-- [ RunTime:0.000355s ]
INFO: [ app_begin ] --START--
INFO: Run Behavior\ReadHtmlCacheBehavior [ RunTime:0.001146s ]
INFO: [ app_begin ] --END-- [ RunTime:0.001210s ]
SQL: SHOW COLUMNS FROM `admin` [ RunTime:0.0070s ]
SQL: SELECT * FROM `admin`  [ RunTime:0.0005s ]
NOTIC: [8] Undefined offset: 0 D:\WampServer2.1a-x32\WampServer\wamp\www\One's World\server\Application\Home\Controller\IndexController.class.php 第 17 行.
NOTIC: [8] Undefined offset: 1 D:\WampServer2.1a-x32\WampServer\wamp\www\One's World\server\Application\Home\Controller\IndexController.class.php 第 17 行.
NOTIC: [8] Undefined offset: 2 D:\WampServer2.1a-x32\WampServer\wamp\www\One's World\server\Application\Home\Controller\IndexController.class.php 第 17 行.
NOTIC: [8] Undefined offset: 3 D:\WampServer2.1a-x32\WampServer\wamp\www\One's World\server\Application\Home\Controller\IndexController.class.php 第 17 行.
NOTIC: [8] Undefined offset: 4 D:\WampServer2.1a-x32\WampServer\wamp\www\One's World\server\Application\Home\Controller\IndexController.class.php 第 17 行.
NOTIC: [8] Undefined offset: 0 D:\WampServer2.1a-x32\WampServer\wamp\www\One's World\server\Application\Home\Controller\IndexController.class.php 第 17 行.
NOTIC: [8] Undefined offset: 1 D:\WampServer2.1a-x32\WampServer\wamp\www\One's World\server\Application\Home\Controller\IndexController.class.php 第 17 行.
NOTIC: [8] Undefined offset: 2 D:\WampServer2.1a-x32\WampServer\wamp\www\One's World\server\Application\Home\Controller\IndexController.class.php 第 17 行.
NOTIC: [8] Undefined offset: 3 D:\WampServer2.1a-x32\WampServer\wamp\www\One's World\server\Application\Home\Controller\IndexController.class.php 第 17 行.
NOTIC: [8] Undefined offset: 4 D:\WampServer2.1a-x32\WampServer\wamp\www\One's World\server\Application\Home\Controller\IndexController.class.php 第 17 行.
INFO: [ app_end ] --START--
INFO: Run Behavior\ShowPageTraceBehavior [ RunTime:0.000759s ]
INFO: [ app_end ] --END-- [ RunTime:0.000836s ]

[ 2015-06-21T19:40:19+08:00 ] 127.0.0.1 /One's%20World/server/
INFO: [ app_init ] --START--
INFO: Run Behavior\BuildLiteBehavior [ RunTime:0.000016s ]
INFO: [ app_init ] --END-- [ RunTime:0.000541s ]
INFO: [ app_begin ] --START--
INFO: Run Behavior\ReadHtmlCacheBehavior [ RunTime:0.000651s ]
INFO: [ app_begin ] --END-- [ RunTime:0.000715s ]

[ 2015-06-21T19:40:37+08:00 ] 127.0.0.1 /One's%20World/server/
INFO: [ app_init ] --START--
INFO: Run Behavior\BuildLiteBehavior [ RunTime:0.000013s ]
INFO: [ app_init ] --END-- [ RunTime:0.000346s ]
INFO: [ app_begin ] --START--
INFO: Run Behavior\ReadHtmlCacheBehavior [ RunTime:0.000501s ]
INFO: [ app_begin ] --END-- [ RunTime:0.000558s ]

[ 2015-06-21T19:40:54+08:00 ] 127.0.0.1 /One's%20World/server/
INFO: [ app_init ] --START--
INFO: Run Behavior\BuildLiteBehavior [ RunTime:0.000015s ]
INFO: [ app_init ] --END-- [ RunTime:0.000394s ]
INFO: [ app_begin ] --START--
INFO: Run Behavior\ReadHtmlCacheBehavior [ RunTime:0.000814s ]
INFO: [ app_begin ] --END-- [ RunTime:0.000882s ]
SQL: SHOW COLUMNS FROM `admin` [ RunTime:0.0060s ]
SQL: SELECT * FROM `admin`  [ RunTime:0.0004s ]
NOTIC: [8] Undefined offset: 0 D:\WampServer2.1a-x32\WampServer\wamp\www\One's World\server\Application\Home\Controller\IndexController.class.php 第 17 行.
NOTIC: [8] Undefined offset: 1 D:\WampServer2.1a-x32\WampServer\wamp\www\One's World\server\Application\Home\Controller\IndexController.class.php 第 17 行.
NOTIC: [8] Undefined offset: 2 D:\WampServer2.1a-x32\WampServer\wamp\www\One's World\server\Application\Home\Controller\IndexController.class.php 第 17 行.
NOTIC: [8] Undefined offset: 3 D:\WampServer2.1a-x32\WampServer\wamp\www\One's World\server\Application\Home\Controller\IndexController.class.php 第 17 行.
NOTIC: [8] Undefined offset: 4 D:\WampServer2.1a-x32\WampServer\wamp\www\One's World\server\Application\Home\Controller\IndexController.class.php 第 17 行.
NOTIC: [8] Undefined offset: 0 D:\WampServer2.1a-x32\WampServer\wamp\www\One's World\server\Application\Home\Controller\IndexController.class.php 第 17 行.
NOTIC: [8] Undefined offset: 1 D:\WampServer2.1a-x32\WampServer\wamp\www\One's World\server\Application\Home\Controller\IndexController.class.php 第 17 行.
NOTIC: [8] Undefined offset: 2 D:\WampServer2.1a-x32\WampServer\wamp\www\One's World\server\Application\Home\Controller\IndexController.class.php 第 17 行.
NOTIC: [8] Undefined offset: 3 D:\WampServer2.1a-x32\WampServer\wamp\www\One's World\server\Application\Home\Controller\IndexController.class.php 第 17 行.
NOTIC: [8] Undefined offset: 4 D:\WampServer2.1a-x32\WampServer\wamp\www\One's World\server\Application\Home\Controller\IndexController.class.php 第 17 行.
INFO: [ app_end ] --START--
INFO: Run Behavior\ShowPageTraceBehavior [ RunTime:0.000722s ]
INFO: [ app_end ] --END-- [ RunTime:0.000782s ]

[ 2015-06-21T19:41:21+08:00 ] 127.0.0.1 /One's%20World/server/
INFO: [ app_init ] --START--
INFO: Run Behavior\BuildLiteBehavior [ RunTime:0.000014s ]
INFO: [ app_init ] --END-- [ RunTime:0.000398s ]
INFO: [ app_begin ] --START--
INFO: Run Behavior\ReadHtmlCacheBehavior [ RunTime:0.000863s ]
INFO: [ app_begin ] --END-- [ RunTime:0.000973s ]
SQL: SHOW COLUMNS FROM `admin` [ RunTime:0.0060s ]
SQL: SELECT * FROM `admin`  [ RunTime:0.0006s ]
NOTIC: [8] Undefined offset: 0 D:\WampServer2.1a-x32\WampServer\wamp\www\One's World\server\Application\Home\Controller\IndexController.class.php 第 17 行.
NOTIC: [8] Undefined offset: 1 D:\WampServer2.1a-x32\WampServer\wamp\www\One's World\server\Application\Home\Controller\IndexController.class.php 第 17 行.
NOTIC: [8] Undefined offset: 2 D:\WampServer2.1a-x32\WampServer\wamp\www\One's World\server\Application\Home\Controller\IndexController.class.php 第 17 行.
NOTIC: [8] Undefined offset: 3 D:\WampServer2.1a-x32\WampServer\wamp\www\One's World\server\Application\Home\Controller\IndexController.class.php 第 17 行.
NOTIC: [8] Undefined offset: 4 D:\WampServer2.1a-x32\WampServer\wamp\www\One's World\server\Application\Home\Controller\IndexController.class.php 第 17 行.
INFO: [ app_end ] --START--
INFO: Run Behavior\ShowPageTraceBehavior [ RunTime:0.001003s ]
INFO: [ app_end ] --END-- [ RunTime:0.001132s ]

[ 2015-06-21T19:41:30+08:00 ] 127.0.0.1 /One's%20World/server/
INFO: [ app_init ] --START--
INFO: Run Behavior\BuildLiteBehavior [ RunTime:0.000015s ]
INFO: [ app_init ] --END-- [ RunTime:0.000404s ]
INFO: [ app_begin ] --START--
INFO: Run Behavior\ReadHtmlCacheBehavior [ RunTime:0.000704s ]
INFO: [ app_begin ] --END-- [ RunTime:0.000785s ]
SQL: SHOW COLUMNS FROM `admin` [ RunTime:0.0054s ]
SQL: SELECT * FROM `admin`  [ RunTime:0.0005s ]
INFO: [ app_end ] --START--
INFO: Run Behavior\ShowPageTraceBehavior [ RunTime:0.000958s ]
INFO: [ app_end ] --END-- [ RunTime:0.001034s ]

[ 2015-06-21T19:41:33+08:00 ] 127.0.0.1 /One's%20World/server/
INFO: [ app_init ] --START--
INFO: Run Behavior\BuildLiteBehavior [ RunTime:0.000014s ]
INFO: [ app_init ] --END-- [ RunTime:0.000420s ]
INFO: [ app_begin ] --START--
INFO: Run Behavior\ReadHtmlCacheBehavior [ RunTime:0.000608s ]
INFO: [ app_begin ] --END-- [ RunTime:0.000664s ]
SQL: SHOW COLUMNS FROM `admin` [ RunTime:0.0087s ]
SQL: SELECT * FROM `admin`  [ RunTime:0.0004s ]
INFO: [ app_end ] --START--
INFO: Run Behavior\ShowPageTraceBehavior [ RunTime:0.000659s ]
INFO: [ app_end ] --END-- [ RunTime:0.000720s ]

[ 2015-06-21T19:41:39+08:00 ] 127.0.0.1 /One's%20World/server/
INFO: [ app_init ] --START--
INFO: Run Behavior\BuildLiteBehavior [ RunTime:0.000041s ]
INFO: [ app_init ] --END-- [ RunTime:0.000795s ]
INFO: [ app_begin ] --START--
INFO: Run Behavior\ReadHtmlCacheBehavior [ RunTime:0.000547s ]
INFO: [ app_begin ] --END-- [ RunTime:0.000614s ]
SQL: SHOW COLUMNS FROM `admin` [ RunTime:0.0054s ]
SQL: SELECT * FROM `admin`  [ RunTime:0.0003s ]
INFO: [ app_end ] --START--
INFO: Run Behavior\ShowPageTraceBehavior [ RunTime:0.000663s ]
INFO: [ app_end ] --END-- [ RunTime:0.000725s ]

[ 2015-06-21T19:44:33+08:00 ] 127.0.0.1 /One's%20World/server/
INFO: [ app_init ] --START--
INFO: Run Behavior\BuildLiteBehavior [ RunTime:0.000017s ]
INFO: [ app_init ] --END-- [ RunTime:0.000451s ]
INFO: [ app_begin ] --START--
INFO: Run Behavior\ReadHtmlCacheBehavior [ RunTime:0.000904s ]
INFO: [ app_begin ] --END-- [ RunTime:0.001002s ]
SQL: SHOW COLUMNS FROM `admin` [ RunTime:0.0052s ]
SQL: SELECT * FROM `admin`  [ RunTime:0.0006s ]
INFO: [ app_end ] --START--
INFO: Run Behavior\ShowPageTraceBehavior [ RunTime:0.001045s ]
INFO: [ app_end ] --END-- [ RunTime:0.001118s ]

[ 2015-06-21T19:45:41+08:00 ] 127.0.0.1 /One's%20World/server/
INFO: [ app_init ] --START--
INFO: Run Behavior\BuildLiteBehavior [ RunTime:0.000014s ]
INFO: [ app_init ] --END-- [ RunTime:0.000394s ]
INFO: [ app_begin ] --START--
INFO: Run Behavior\ReadHtmlCacheBehavior [ RunTime:0.000538s ]
INFO: [ app_begin ] --END-- [ RunTime:0.000598s ]
SQL: SHOW COLUMNS FROM `admin` [ RunTime:0.0057s ]
SQL: SELECT * FROM `admin`  [ RunTime:0.0003s ]
INFO: [ app_end ] --START--
INFO: Run Behavior\ShowPageTraceBehavior [ RunTime:0.000689s ]
INFO: [ app_end ] --END-- [ RunTime:0.000747s ]

[ 2015-06-21T19:47:21+08:00 ] 127.0.0.1 /One's%20World/server/
INFO: [ app_init ] --START--
INFO: Run Behavior\BuildLiteBehavior [ RunTime:0.000016s ]
INFO: [ app_init ] --END-- [ RunTime:0.000436s ]
INFO: [ app_begin ] --START--
INFO: Run Behavior\ReadHtmlCacheBehavior [ RunTime:0.000595s ]
INFO: [ app_begin ] --END-- [ RunTime:0.000653s ]
SQL: SHOW COLUMNS FROM `admin` [ RunTime:0.0069s ]
SQL: SELECT * FROM `admin`  [ RunTime:0.0006s ]
INFO: [ app_end ] --START--
INFO: Run Behavior\ShowPageTraceBehavior [ RunTime:0.000952s ]
INFO: [ app_end ] --END-- [ RunTime:0.001025s ]

[ 2015-06-21T20:00:36+08:00 ] 127.0.0.1 /One's%20World/server/
INFO: [ app_init ] --START--
INFO: Run Behavior\BuildLiteBehavior [ RunTime:0.000014s ]
INFO: [ app_init ] --END-- [ RunTime:0.000416s ]
INFO: [ app_begin ] --START--
INFO: Run Behavior\ReadHtmlCacheBehavior [ RunTime:0.000622s ]
INFO: [ app_begin ] --END-- [ RunTime:0.000683s ]
SQL: SHOW COLUMNS FROM `admin` [ RunTime:0.0049s ]
SQL: INSERT INTO `admin` (`username`,`password`,`name`,`category`,`file`) VALUES ('04123149','cx112','wp','common','') [ RunTime:0.1276s ]
SQL: SELECT * FROM `admin`  [ RunTime:0.0005s ]
INFO: [ app_end ] --START--
INFO: Run Behavior\ShowPageTraceBehavior [ RunTime:0.000925s ]
INFO: [ app_end ] --END-- [ RunTime:0.000983s ]

[ 2015-06-21T20:01:22+08:00 ] 127.0.0.1 /One's%20World/server/
INFO: [ app_init ] --START--
INFO: Run Behavior\BuildLiteBehavior [ RunTime:0.000016s ]
INFO: [ app_init ] --END-- [ RunTime:0.000443s ]
INFO: [ app_begin ] --START--
INFO: Run Behavior\ReadHtmlCacheBehavior [ RunTime:0.000766s ]
INFO: [ app_begin ] --END-- [ RunTime:0.000885s ]
SQL: SHOW COLUMNS FROM `admin` [ RunTime:0.0061s ]
SQL: INSERT INTO `admin` (`username`,`password`,`name`,`category`,`file`) VALUES ('04123147','199336','zzg','common',NULL) [ RunTime:0.1114s ]
SQL: SELECT * FROM `admin`  [ RunTime:0.0005s ]
INFO: [ app_end ] --START--
INFO: Run Behavior\ShowPageTraceBehavior [ RunTime:0.001095s ]
INFO: [ app_end ] --END-- [ RunTime:0.001188s ]

[ 2015-06-21T20:26:28+08:00 ] 127.0.0.1 /One's%20World/server/
INFO: [ app_init ] --START--
INFO: Run Behavior\BuildLiteBehavior [ RunTime:0.000022s ]
INFO: [ app_init ] --END-- [ RunTime:0.000727s ]
INFO: [ app_begin ] --START--
INFO: Run Behavior\ReadHtmlCacheBehavior [ RunTime:0.000660s ]
INFO: [ app_begin ] --END-- [ RunTime:0.000735s ]
SQL: SHOW COLUMNS FROM `admin` [ RunTime:0.0046s ]
ERR: SQLSTATE[23000]: Integrity constraint violation: 1062 Duplicate entry '04123147' for key 'PRIMARY'

[ 2015-06-21T20:26:36+08:00 ] 127.0.0.1 /One's%20World/server/
INFO: [ app_init ] --START--
INFO: Run Behavior\BuildLiteBehavior [ RunTime:0.000014s ]
INFO: [ app_init ] --END-- [ RunTime:0.000381s ]
INFO: [ app_begin ] --START--
INFO: Run Behavior\ReadHtmlCacheBehavior [ RunTime:0.000529s ]
INFO: [ app_begin ] --END-- [ RunTime:0.000587s ]
SQL: SHOW COLUMNS FROM `admin` [ RunTime:0.0062s ]
ERR: SQLSTATE[23000]: Integrity constraint violation: 1062 Duplicate entry '04123147' for key 'PRIMARY'

[ 2015-06-21T20:26:38+08:00 ] 127.0.0.1 /One's%20World/server/
INFO: [ app_init ] --START--
INFO: Run Behavior\BuildLiteBehavior [ RunTime:0.000015s ]
INFO: [ app_init ] --END-- [ RunTime:0.000383s ]
INFO: [ app_begin ] --START--
INFO: Run Behavior\ReadHtmlCacheBehavior [ RunTime:0.000531s ]
INFO: [ app_begin ] --END-- [ RunTime:0.000589s ]
SQL: SHOW COLUMNS FROM `admin` [ RunTime:0.0056s ]
ERR: SQLSTATE[23000]: Integrity constraint violation: 1062 Duplicate entry '04123147' for key 'PRIMARY'

[ 2015-06-21T20:26:51+08:00 ] 127.0.0.1 /One's%20World/server/
INFO: [ app_init ] --START--
INFO: Run Behavior\BuildLiteBehavior [ RunTime:0.000015s ]
INFO: [ app_init ] --END-- [ RunTime:0.000377s ]
INFO: [ app_begin ] --START--
INFO: Run Behavior\ReadHtmlCacheBehavior [ RunTime:0.000535s ]
INFO: [ app_begin ] --END-- [ RunTime:0.000593s ]
SQL: SHOW COLUMNS FROM `admin` [ RunTime:0.0056s ]
SQL: SELECT * FROM `admin`  [ RunTime:0.0003s ]
INFO: [ app_end ] --START--
INFO: Run Behavior\ShowPageTraceBehavior [ RunTime:0.000738s ]
INFO: [ app_end ] --END-- [ RunTime:0.000796s ]

[ 2015-06-21T20:26:57+08:00 ] 127.0.0.1 /One's%20World/server/
INFO: [ app_init ] --START--
INFO: Run Behavior\BuildLiteBehavior [ RunTime:0.000014s ]
INFO: [ app_init ] --END-- [ RunTime:0.000365s ]
INFO: [ app_begin ] --START--
INFO: Run Behavior\ReadHtmlCacheBehavior [ RunTime:0.000514s ]
INFO: [ app_begin ] --END-- [ RunTime:0.000572s ]
SQL: SHOW COLUMNS FROM `admin` [ RunTime:0.0074s ]
SQL: SELECT * FROM `admin`  [ RunTime:0.0004s ]
NOTIC: [2] Illegal offset type D:\WampServer2.1a-x32\WampServer\wamp\www\One's World\server\Application\Home\Controller\IndexController.class.php 第 23 行.
NOTIC: [2] Invalid argument supplied for foreach() D:\WampServer2.1a-x32\WampServer\wamp\www\One's World\server\Application\Home\Controller\IndexController.class.php 第 23 行.
NOTIC: [2] Illegal offset type D:\WampServer2.1a-x32\WampServer\wamp\www\One's World\server\Application\Home\Controller\IndexController.class.php 第 23 行.
NOTIC: [2] Invalid argument supplied for foreach() D:\WampServer2.1a-x32\WampServer\wamp\www\One's World\server\Application\Home\Controller\IndexController.class.php 第 23 行.
NOTIC: [2] Illegal offset type D:\WampServer2.1a-x32\WampServer\wamp\www\One's World\server\Application\Home\Controller\IndexController.class.php 第 23 行.
NOTIC: [2] Invalid argument supplied for foreach() D:\WampServer2.1a-x32\WampServer\wamp\www\One's World\server\Application\Home\Controller\IndexController.class.php 第 23 行.
NOTIC: [2] Illegal offset type D:\WampServer2.1a-x32\WampServer\wamp\www\One's World\server\Application\Home\Controller\IndexController.class.php 第 23 行.
NOTIC: [2] Invalid argument supplied for foreach() D:\WampServer2.1a-x32\WampServer\wamp\www\One's World\server\Application\Home\Controller\IndexController.class.php 第 23 行.
INFO: [ app_end ] --START--
INFO: Run Behavior\ShowPageTraceBehavior [ RunTime:0.000750s ]
INFO: [ app_end ] --END-- [ RunTime:0.000806s ]

[ 2015-06-21T20:26:57+08:00 ] 127.0.0.1 /One's%20World/server/
INFO: [ app_init ] --START--
INFO: Run Behavior\BuildLiteBehavior [ RunTime:0.000015s ]
INFO: [ app_init ] --END-- [ RunTime:0.000402s ]
INFO: [ app_begin ] --START--
INFO: Run Behavior\ReadHtmlCacheBehavior [ RunTime:0.000533s ]
INFO: [ app_begin ] --END-- [ RunTime:0.000591s ]
SQL: SHOW COLUMNS FROM `admin` [ RunTime:0.0046s ]
SQL: SELECT * FROM `admin`  [ RunTime:0.0004s ]
NOTIC: [2] Illegal offset type D:\WampServer2.1a-x32\WampServer\wamp\www\One's World\server\Application\Home\Controller\IndexController.class.php 第 23 行.
NOTIC: [2] Invalid argument supplied for foreach() D:\WampServer2.1a-x32\WampServer\wamp\www\One's World\server\Application\Home\Controller\IndexController.class.php 第 23 行.
NOTIC: [2] Illegal offset type D:\WampServer2.1a-x32\WampServer\wamp\www\One's World\server\Application\Home\Controller\IndexController.class.php 第 23 行.
NOTIC: [2] Invalid argument supplied for foreach() D:\WampServer2.1a-x32\WampServer\wamp\www\One's World\server\Application\Home\Controller\IndexController.class.php 第 23 行.
NOTIC: [2] Illegal offset type D:\WampServer2.1a-x32\WampServer\wamp\www\One's World\server\Application\Home\Controller\IndexController.class.php 第 23 行.
NOTIC: [2] Invalid argument supplied for foreach() D:\WampServer2.1a-x32\WampServer\wamp\www\One's World\server\Application\Home\Controller\IndexController.class.php 第 23 行.
NOTIC: [2] Illegal offset type D:\WampServer2.1a-x32\WampServer\wamp\www\One's World\server\Application\Home\Controller\IndexController.class.php 第 23 行.
NOTIC: [2] Invalid argument supplied for foreach() D:\WampServer2.1a-x32\WampServer\wamp\www\One's World\server\Application\Home\Controller\IndexController.class.php 第 23 行.
INFO: [ app_end ] --START--
INFO: Run Behavior\ShowPageTraceBehavior [ RunTime:0.000820s ]
INFO: [ app_end ] --END-- [ RunTime:0.000888s ]

[ 2015-06-21T20:27:02+08:00 ] 127.0.0.1 /One's%20World/server/
INFO: [ app_init ] --START--
INFO: Run Behavior\BuildLiteBehavior [ RunTime:0.000015s ]
INFO: [ app_init ] --END-- [ RunTime:0.000383s ]
INFO: [ app_begin ] --START--
INFO: Run Behavior\ReadHtmlCacheBehavior [ RunTime:0.000554s ]
INFO: [ app_begin ] --END-- [ RunTime:0.000617s ]
SQL: SHOW COLUMNS FROM `admin` [ RunTime:0.0060s ]
SQL: SELECT * FROM `admin`  [ RunTime:0.0003s ]
INFO: [ app_end ] --START--
INFO: Run Behavior\ShowPageTraceBehavior [ RunTime:0.000646s ]
INFO: [ app_end ] --END-- [ RunTime:0.000701s ]

[ 2015-06-21T20:27:18+08:00 ] 127.0.0.1 /One's%20World/server/
INFO: [ app_init ] --START--
INFO: Run Behavior\BuildLiteBehavior [ RunTime:0.000014s ]
INFO: [ app_init ] --END-- [ RunTime:0.000381s ]
INFO: [ app_begin ] --START--
INFO: Run Behavior\ReadHtmlCacheBehavior [ RunTime:0.000524s ]
INFO: [ app_begin ] --END-- [ RunTime:0.000581s ]
SQL: SHOW COLUMNS FROM `admin` [ RunTime:0.0049s ]
SQL: SELECT * FROM `admin`  [ RunTime:0.0003s ]
INFO: [ app_end ] --START--
INFO: Run Behavior\ShowPageTraceBehavior [ RunTime:0.000824s ]
INFO: [ app_end ] --END-- [ RunTime:0.000904s ]

[ 2015-06-21T20:27:19+08:00 ] 127.0.0.1 /One's%20World/server/
INFO: [ app_init ] --START--
INFO: Run Behavior\BuildLiteBehavior [ RunTime:0.000013s ]
INFO: [ app_init ] --END-- [ RunTime:0.000375s ]
INFO: [ app_begin ] --START--
INFO: Run Behavior\ReadHtmlCacheBehavior [ RunTime:0.000529s ]
INFO: [ app_begin ] --END-- [ RunTime:0.000588s ]
SQL: SHOW COLUMNS FROM `admin` [ RunTime:0.0046s ]
SQL: SELECT * FROM `admin`  [ RunTime:0.0004s ]
INFO: [ app_end ] --START--
INFO: Run Behavior\ShowPageTraceBehavior [ RunTime:0.000688s ]
INFO: [ app_end ] --END-- [ RunTime:0.000753s ]

[ 2015-06-21T20:37:30+08:00 ] 127.0.0.1 /One's%20World/server/
INFO: [ app_init ] --START--
INFO: Run Behavior\BuildLiteBehavior [ RunTime:0.000017s ]
INFO: [ app_init ] --END-- [ RunTime:0.000545s ]
INFO: [ app_begin ] --START--
INFO: Run Behavior\ReadHtmlCacheBehavior [ RunTime:0.000627s ]
INFO: [ app_begin ] --END-- [ RunTime:0.000686s ]
SQL: SHOW COLUMNS FROM `admin` [ RunTime:0.0069s ]
SQL: SELECT * FROM `admin` WHERE ( username=04123148 )  [ RunTime:0.0004s ]
INFO: [ app_end ] --START--
INFO: Run Behavior\ShowPageTraceBehavior [ RunTime:0.000789s ]
INFO: [ app_end ] --END-- [ RunTime:0.000888s ]

[ 2015-06-21T21:39:53+08:00 ] 127.0.0.1 /One's%20World/server/
INFO: [ app_init ] --START--
INFO: Run Behavior\BuildLiteBehavior [ RunTime:0.000020s ]
INFO: [ app_init ] --END-- [ RunTime:0.000569s ]
INFO: [ app_begin ] --START--
INFO: Run Behavior\ReadHtmlCacheBehavior [ RunTime:0.000830s ]
INFO: [ app_begin ] --END-- [ RunTime:0.000910s ]
SQL: SHOW COLUMNS FROM `admin` [ RunTime:0.0071s ]
SQL: SELECT * FROM `admin` WHERE `username` = '04123148'  [ RunTime:0.0150s ]
INFO: [ app_end ] --START--
INFO: Run Behavior\ShowPageTraceBehavior [ RunTime:0.000752s ]
INFO: [ app_end ] --END-- [ RunTime:0.000815s ]

[ 2015-06-21T21:39:53+08:00 ] 127.0.0.1 /One's%20World/server/
INFO: [ app_init ] --START--
INFO: Run Behavior\BuildLiteBehavior [ RunTime:0.000018s ]
INFO: [ app_init ] --END-- [ RunTime:0.000497s ]
INFO: [ app_begin ] --START--
INFO: Run Behavior\ReadHtmlCacheBehavior [ RunTime:0.000693s ]
INFO: [ app_begin ] --END-- [ RunTime:0.000767s ]
SQL: SHOW COLUMNS FROM `admin` [ RunTime:0.0051s ]
SQL: SELECT * FROM `admin` WHERE `username` = '04123148'  [ RunTime:0.0006s ]
INFO: [ app_end ] --START--
INFO: Run Behavior\ShowPageTraceBehavior [ RunTime:0.000970s ]
INFO: [ app_end ] --END-- [ RunTime:0.001089s ]

[ 2015-06-21T21:39:58+08:00 ] 127.0.0.1 /One's%20World/server/
INFO: [ app_init ] --START--
INFO: Run Behavior\BuildLiteBehavior [ RunTime:0.000015s ]
INFO: [ app_init ] --END-- [ RunTime:0.000549s ]
INFO: [ app_begin ] --START--
INFO: Run Behavior\ReadHtmlCacheBehavior [ RunTime:0.000671s ]
INFO: [ app_begin ] --END-- [ RunTime:0.000747s ]
SQL: SHOW COLUMNS FROM `admin` [ RunTime:0.0050s ]
SQL: SELECT * FROM `admin` WHERE `username` = '04123147'  [ RunTime:0.0005s ]
INFO: [ app_end ] --START--
INFO: Run Behavior\ShowPageTraceBehavior [ RunTime:0.000791s ]
INFO: [ app_end ] --END-- [ RunTime:0.000847s ]

[ 2015-06-21T21:40:20+08:00 ] 127.0.0.1 /One's%20World/server/
INFO: [ app_init ] --START--
INFO: Run Behavior\BuildLiteBehavior [ RunTime:0.000016s ]
INFO: [ app_init ] --END-- [ RunTime:0.000881s ]
INFO: [ app_begin ] --START--
INFO: Run Behavior\ReadHtmlCacheBehavior [ RunTime:0.000649s ]
INFO: [ app_begin ] --END-- [ RunTime:0.000707s ]
SQL: SHOW COLUMNS FROM `admin` [ RunTime:0.0054s ]
SQL: SELECT * FROM `admin` WHERE `username` = '04123147' AND `password` = '199336'  [ RunTime:0.0362s ]
INFO: [ app_end ] --START--
INFO: Run Behavior\ShowPageTraceBehavior [ RunTime:0.000839s ]
INFO: [ app_end ] --END-- [ RunTime:0.000903s ]

[ 2015-06-21T21:40:24+08:00 ] 127.0.0.1 /One's%20World/server/
INFO: [ app_init ] --START--
INFO: Run Behavior\BuildLiteBehavior [ RunTime:0.000022s ]
INFO: [ app_init ] --END-- [ RunTime:0.000453s ]
INFO: [ app_begin ] --START--
INFO: Run Behavior\ReadHtmlCacheBehavior [ RunTime:0.000541s ]
INFO: [ app_begin ] --END-- [ RunTime:0.000601s ]
SQL: SHOW COLUMNS FROM `admin` [ RunTime:0.0055s ]
SQL: SELECT * FROM `admin` WHERE `username` = '04123147' AND `password` = '19933'  [ RunTime:0.0006s ]
INFO: [ app_end ] --START--
INFO: Run Behavior\ShowPageTraceBehavior [ RunTime:0.000687s ]
INFO: [ app_end ] --END-- [ RunTime:0.000746s ]

[ 2015-06-21T21:40:28+08:00 ] 127.0.0.1 /One's%20World/server/
INFO: [ app_init ] --START--
INFO: Run Behavior\BuildLiteBehavior [ RunTime:0.000015s ]
INFO: [ app_init ] --END-- [ RunTime:0.000431s ]
INFO: [ app_begin ] --START--
INFO: Run Behavior\ReadHtmlCacheBehavior [ RunTime:0.001602s ]
INFO: [ app_begin ] --END-- [ RunTime:0.001678s ]
SQL: SHOW COLUMNS FROM `admin` [ RunTime:0.0050s ]
SQL: SELECT * FROM `admin` WHERE `username` = '04123147' AND `password` = '199336'  [ RunTime:0.0004s ]
INFO: [ app_end ] --START--
INFO: Run Behavior\ShowPageTraceBehavior [ RunTime:0.000768s ]
INFO: [ app_end ] --END-- [ RunTime:0.000848s ]

[ 2015-06-21T21:41:11+08:00 ] 127.0.0.1 /One's%20World/server/
INFO: [ app_init ] --START--
INFO: Run Behavior\BuildLiteBehavior [ RunTime:0.000015s ]
INFO: [ app_init ] --END-- [ RunTime:0.000545s ]
INFO: [ app_begin ] --START--
INFO: Run Behavior\ReadHtmlCacheBehavior [ RunTime:0.000546s ]
INFO: [ app_begin ] --END-- [ RunTime:0.000606s ]
SQL: SHOW COLUMNS FROM `admin` [ RunTime:0.0051s ]
SQL: SELECT * FROM `admin` WHERE ( username=04123148 )  [ RunTime:0.0004s ]
INFO: [ app_end ] --START--
INFO: Run Behavior\ShowPageTraceBehavior [ RunTime:0.000658s ]
INFO: [ app_end ] --END-- [ RunTime:0.000714s ]

[ 2015-06-21T21:41:14+08:00 ] 127.0.0.1 /One's%20World/server/
INFO: [ app_init ] --START--
INFO: Run Behavior\BuildLiteBehavior [ RunTime:0.000018s ]
INFO: [ app_init ] --END-- [ RunTime:0.000493s ]
INFO: [ app_begin ] --START--
INFO: Run Behavior\ReadHtmlCacheBehavior [ RunTime:0.000691s ]
INFO: [ app_begin ] --END-- [ RunTime:0.000767s ]
SQL: SHOW COLUMNS FROM `admin` [ RunTime:0.0078s ]
SQL: SELECT * FROM `admin` WHERE ( username=04123148 )  [ RunTime:0.0004s ]
INFO: [ app_end ] --START--
INFO: Run Behavior\ShowPageTraceBehavior [ RunTime:0.000875s ]
INFO: [ app_end ] --END-- [ RunTime:0.000934s ]

[ 2015-06-21T21:41:24+08:00 ] 127.0.0.1 /One's%20World/server/
INFO: [ app_init ] --START--
INFO: Run Behavior\BuildLiteBehavior [ RunTime:0.000015s ]
INFO: [ app_init ] --END-- [ RunTime:0.000389s ]
INFO: [ app_begin ] --START--
INFO: Run Behavior\ReadHtmlCacheBehavior [ RunTime:0.000586s ]
INFO: [ app_begin ] --END-- [ RunTime:0.000649s ]
SQL: SHOW COLUMNS FROM `admin` [ RunTime:0.0062s ]
ERR: SQLSTATE[21000]: Cardinality violation: 1241 Operand should contain 1 column(s)

[ 2015-06-21T21:42:45+08:00 ] 127.0.0.1 /One's%20World/server/
INFO: [ app_init ] --START--
INFO: Run Behavior\BuildLiteBehavior [ RunTime:0.000014s ]
INFO: [ app_init ] --END-- [ RunTime:0.000376s ]
INFO: [ app_begin ] --START--
INFO: Run Behavior\ReadHtmlCacheBehavior [ RunTime:0.000554s ]
INFO: [ app_begin ] --END-- [ RunTime:0.000607s ]
SQL: SHOW COLUMNS FROM `admin` [ RunTime:0.0067s ]
SQL: SELECT * FROM `admin` WHERE `username` = '04123148'  [ RunTime:0.0007s ]
INFO: [ app_end ] --START--
INFO: Run Behavior\ShowPageTraceBehavior [ RunTime:0.000949s ]
INFO: [ app_end ] --END-- [ RunTime:0.001016s ]

[ 2015-06-21T21:42:51+08:00 ] 127.0.0.1 /One's%20World/server/
INFO: [ app_init ] --START--
INFO: Run Behavior\BuildLiteBehavior [ RunTime:0.000023s ]
INFO: [ app_init ] --END-- [ RunTime:0.000529s ]
INFO: [ app_begin ] --START--
INFO: Run Behavior\ReadHtmlCacheBehavior [ RunTime:0.000610s ]
INFO: [ app_begin ] --END-- [ RunTime:0.000669s ]
SQL: SHOW COLUMNS FROM `admin` [ RunTime:0.0050s ]
SQL: SELECT * FROM `admin` WHERE `username` = '04123147'  [ RunTime:0.0004s ]
INFO: [ app_end ] --START--
INFO: Run Behavior\ShowPageTraceBehavior [ RunTime:0.000869s ]
INFO: [ app_end ] --END-- [ RunTime:0.000944s ]

[ 2015-06-21T21:43:12+08:00 ] 127.0.0.1 /One's%20World/server/
INFO: [ app_init ] --START--
INFO: Run Behavior\BuildLiteBehavior [ RunTime:0.000015s ]
INFO: [ app_init ] --END-- [ RunTime:0.000382s ]
INFO: [ app_begin ] --START--
INFO: Run Behavior\ReadHtmlCacheBehavior [ RunTime:0.000540s ]
INFO: [ app_begin ] --END-- [ RunTime:0.000600s ]
SQL: SHOW COLUMNS FROM `admin` [ RunTime:0.0088s ]
SQL: SELECT * FROM `admin` WHERE `username` = '04123147' AND `password` = 199336  [ RunTime:0.0004s ]
INFO: [ app_end ] --START--
INFO: Run Behavior\ShowPageTraceBehavior [ RunTime:0.000686s ]
INFO: [ app_end ] --END-- [ RunTime:0.000745s ]

[ 2015-06-21T21:43:13+08:00 ] 127.0.0.1 /One's%20World/server/
INFO: [ app_init ] --START--
INFO: Run Behavior\BuildLiteBehavior [ RunTime:0.000014s ]
INFO: [ app_init ] --END-- [ RunTime:0.000383s ]
INFO: [ app_begin ] --START--
INFO: Run Behavior\ReadHtmlCacheBehavior [ RunTime:0.000532s ]
INFO: [ app_begin ] --END-- [ RunTime:0.000590s ]
SQL: SHOW COLUMNS FROM `admin` [ RunTime:0.0069s ]
SQL: SELECT * FROM `admin` WHERE `username` = '04123147' AND `password` = 199336  [ RunTime:0.0004s ]
INFO: [ app_end ] --START--
INFO: Run Behavior\ShowPageTraceBehavior [ RunTime:0.000682s ]
INFO: [ app_end ] --END-- [ RunTime:0.000735s ]

[ 2015-06-21T21:43:17+08:00 ] 127.0.0.1 /One's%20World/server/
INFO: [ app_init ] --START--
INFO: Run Behavior\BuildLiteBehavior [ RunTime:0.000014s ]
INFO: [ app_init ] --END-- [ RunTime:0.000384s ]
INFO: [ app_begin ] --START--
INFO: Run Behavior\ReadHtmlCacheBehavior [ RunTime:0.000530s ]
INFO: [ app_begin ] --END-- [ RunTime:0.000588s ]
SQL: SHOW COLUMNS FROM `admin` [ RunTime:0.0062s ]
SQL: SELECT * FROM `admin` WHERE `username` = '04123147' AND `password` = 19936  [ RunTime:0.0003s ]
INFO: [ app_end ] --START--
INFO: Run Behavior\ShowPageTraceBehavior [ RunTime:0.000641s ]
INFO: [ app_end ] --END-- [ RunTime:0.000696s ]

[ 2015-06-21T21:43:20+08:00 ] 127.0.0.1 /One's%20World/server/
INFO: [ app_init ] --START--
INFO: Run Behavior\BuildLiteBehavior [ RunTime:0.000015s ]
INFO: [ app_init ] --END-- [ RunTime:0.000388s ]
INFO: [ app_begin ] --START--
INFO: Run Behavior\ReadHtmlCacheBehavior [ RunTime:0.000511s ]
INFO: [ app_begin ] --END-- [ RunTime:0.000565s ]
SQL: SHOW COLUMNS FROM `admin` [ RunTime:0.0050s ]
SQL: SELECT * FROM `admin` WHERE `username` = '04123147' AND `password` = 199336  [ RunTime:0.0003s ]
INFO: [ app_end ] --START--
INFO: Run Behavior\ShowPageTraceBehavior [ RunTime:0.000627s ]
INFO: [ app_end ] --END-- [ RunTime:0.000682s ]

[ 2015-06-21T21:48:42+08:00 ] 127.0.0.1 /One's%20World/server/
INFO: [ app_init ] --START--
INFO: Run Behavior\BuildLiteBehavior [ RunTime:0.000015s ]
INFO: [ app_init ] --END-- [ RunTime:0.000413s ]
INFO: [ app_begin ] --START--
INFO: Run Behavior\ReadHtmlCacheBehavior [ RunTime:0.000611s ]
INFO: [ app_begin ] --END-- [ RunTime:0.000670s ]
ERR: 非法操作:index

[ 2015-06-21T21:49:24+08:00 ] 127.0.0.1 /One's%20World/server/
INFO: [ app_init ] --START--
INFO: Run Behavior\BuildLiteBehavior [ RunTime:0.000014s ]
INFO: [ app_init ] --END-- [ RunTime:0.000369s ]
INFO: [ app_begin ] --START--
INFO: Run Behavior\ReadHtmlCacheBehavior [ RunTime:0.005049s ]
INFO: [ app_begin ] --END-- [ RunTime:0.005145s ]
INFO: [ app_end ] --START--
INFO: Run Behavior\ShowPageTraceBehavior [ RunTime:0.000642s ]
INFO: [ app_end ] --END-- [ RunTime:0.000718s ]

[ 2015-06-21T21:49:41+08:00 ] 127.0.0.1 /One's%20World/server/
INFO: [ app_init ] --START--
INFO: Run Behavior\BuildLiteBehavior [ RunTime:0.000016s ]
INFO: [ app_init ] --END-- [ RunTime:0.000371s ]
INFO: [ app_begin ] --START--
INFO: Run Behavior\ReadHtmlCacheBehavior [ RunTime:0.000501s ]
INFO: [ app_begin ] --END-- [ RunTime:0.000558s ]
INFO: [ app_end ] --START--
INFO: Run Behavior\ShowPageTraceBehavior [ RunTime:0.000560s ]
INFO: [ app_end ] --END-- [ RunTime:0.000618s ]

[ 2015-06-21T21:51:02+08:00 ] 127.0.0.1 /One's%20World/server/index.php/Home/getDb
INFO: [ app_init ] --START--
INFO: Run Behavior\BuildLiteBehavior [ RunTime:0.000033s ]
INFO: [ app_init ] --END-- [ RunTime:0.000878s ]
INFO: [ app_begin ] --START--
INFO: Run Behavior\ReadHtmlCacheBehavior [ RunTime:0.001212s ]
INFO: [ app_begin ] --END-- [ RunTime:0.001357s ]
ERR: 无法加载控制器:GetDb

[ 2015-06-21T21:53:03+08:00 ] 127.0.0.1 /One's%20World/server/index.php/Home/index/getDb
INFO: [ app_init ] --START--
INFO: Run Behavior\BuildLiteBehavior [ RunTime:0.000014s ]
INFO: [ app_init ] --END-- [ RunTime:0.000405s ]
INFO: [ app_begin ] --START--
INFO: Run Behavior\ReadHtmlCacheBehavior [ RunTime:0.001211s ]
INFO: [ app_begin ] --END-- [ RunTime:0.001319s ]
SQL: SHOW COLUMNS FROM `admin` [ RunTime:0.0055s ]
SQL: SELECT * FROM `admin` WHERE `username` = '04123147' AND `password` = 199336  [ RunTime:0.0005s ]
INFO: [ app_end ] --START--
INFO: Run Behavior\ShowPageTraceBehavior [ RunTime:0.000956s ]
INFO: [ app_end ] --END-- [ RunTime:0.001020s ]

[ 2015-06-21T21:53:10+08:00 ] 127.0.0.1 /One's%20World/server/index.php/Home/Index/getDb
INFO: [ app_init ] --START--
INFO: Run Behavior\BuildLiteBehavior [ RunTime:0.000019s ]
INFO: [ app_init ] --END-- [ RunTime:0.000578s ]
INFO: [ app_begin ] --START--
INFO: Run Behavior\ReadHtmlCacheBehavior [ RunTime:0.000856s ]
INFO: [ app_begin ] --END-- [ RunTime:0.000939s ]
SQL: SHOW COLUMNS FROM `admin` [ RunTime:0.0051s ]
SQL: SELECT * FROM `admin` WHERE `username` = '04123147' AND `password` = 199336  [ RunTime:0.0004s ]
INFO: [ app_end ] --START--
INFO: Run Behavior\ShowPageTraceBehavior [ RunTime:0.000751s ]
INFO: [ app_end ] --END-- [ RunTime:0.000808s ]

[ 2015-06-21T21:53:52+08:00 ] 127.0.0.1 /One's%20World/server/index.php/Home/Index/getDb
INFO: [ app_init ] --START--
INFO: Run Behavior\BuildLiteBehavior [ RunTime:0.000016s ]
INFO: [ app_init ] --END-- [ RunTime:0.000532s ]
INFO: [ app_begin ] --START--
INFO: Run Behavior\ReadHtmlCacheBehavior [ RunTime:0.000549s ]
INFO: [ app_begin ] --END-- [ RunTime:0.000606s ]
SQL: SHOW COLUMNS FROM `admin` [ RunTime:0.0056s ]
SQL: SELECT * FROM `admin` WHERE `username` = '04123147' AND `password` = 199336  [ RunTime:0.0005s ]
INFO: [ app_end ] --START--
INFO: Run Behavior\ShowPageTraceBehavior [ RunTime:0.000890s ]
INFO: [ app_end ] --END-- [ RunTime:0.000949s ]

[ 2015-06-21T21:54:11+08:00 ] 127.0.0.1 /One's%20World/server/index.php/Home/Index/getDb
INFO: [ app_init ] --START--
INFO: Run Behavior\BuildLiteBehavior [ RunTime:0.000014s ]
INFO: [ app_init ] --END-- [ RunTime:0.000370s ]
INFO: [ app_begin ] --START--
INFO: Run Behavior\ReadHtmlCacheBehavior [ RunTime:0.000517s ]
INFO: [ app_begin ] --END-- [ RunTime:0.000574s ]
SQL: SHOW COLUMNS FROM `admin` [ RunTime:0.0050s ]
SQL: SELECT * FROM `admin` WHERE `username` = '04123147' AND `password` = 199336  [ RunTime:0.0003s ]
INFO: [ app_end ] --START--
INFO: Run Behavior\ShowPageTraceBehavior [ RunTime:0.000655s ]
INFO: [ app_end ] --END-- [ RunTime:0.000713s ]

[ 2015-06-21T21:55:11+08:00 ] 127.0.0.1 /One's%20World/server/index.php?m=Home&c=Index&a=getDb
INFO: [ app_init ] --START--
INFO: Run Behavior\BuildLiteBehavior [ RunTime:0.000017s ]
INFO: [ app_init ] --END-- [ RunTime:0.000532s ]
INFO: [ app_begin ] --START--
INFO: Run Behavior\ReadHtmlCacheBehavior [ RunTime:0.000811s ]
INFO: [ app_begin ] --END-- [ RunTime:0.000900s ]
SQL: SHOW COLUMNS FROM `admin` [ RunTime:0.0048s ]
SQL: SELECT * FROM `admin` WHERE `username` = '04123147' AND `password` = 199336  [ RunTime:0.0003s ]
INFO: [ app_end ] --START--
INFO: Run Behavior\ShowPageTraceBehavior [ RunTime:0.000739s ]
INFO: [ app_end ] --END-- [ RunTime:0.000802s ]

[ 2015-06-21T21:55:14+08:00 ] 127.0.0.1 /One's%20World/server/index.php?m=Home&c=Index&a=getDb
INFO: [ app_init ] --START--
INFO: Run Behavior\BuildLiteBehavior [ RunTime:0.000013s ]
INFO: [ app_init ] --END-- [ RunTime:0.000388s ]
INFO: [ app_begin ] --START--
INFO: Run Behavior\ReadHtmlCacheBehavior [ RunTime:0.001354s ]
INFO: [ app_begin ] --END-- [ RunTime:0.001433s ]
SQL: SHOW COLUMNS FROM `admin` [ RunTime:0.0060s ]
SQL: SELECT * FROM `admin` WHERE `username` = '04123147' AND `password` = 199336  [ RunTime:0.0006s ]
INFO: [ app_end ] --START--
INFO: Run Behavior\ShowPageTraceBehavior [ RunTime:0.000727s ]
INFO: [ app_end ] --END-- [ RunTime:0.000787s ]

[ 2015-06-21T21:55:24+08:00 ] 127.0.0.1 /One's%20World/server/index.php?m=Home&c=Index&a=getDb
INFO: [ app_init ] --START--
INFO: Run Behavior\BuildLiteBehavior [ RunTime:0.000015s ]
INFO: [ app_init ] --END-- [ RunTime:0.000378s ]
INFO: [ app_begin ] --START--
INFO: Run Behavior\ReadHtmlCacheBehavior [ RunTime:0.000548s ]
INFO: [ app_begin ] --END-- [ RunTime:0.000604s ]
SQL: SHOW COLUMNS FROM `admin` [ RunTime:0.0053s ]
SQL: SELECT * FROM `admin` WHERE `username` = '04123148' AND `password` = 199336  [ RunTime:0.0004s ]
INFO: [ app_end ] --START--
INFO: Run Behavior\ShowPageTraceBehavior [ RunTime:0.000860s ]
INFO: [ app_end ] --END-- [ RunTime:0.000936s ]

[ 2015-06-21T21:55:26+08:00 ] 127.0.0.1 /One's%20World/server/index.php?m=Home&c=Index&a=getDb
INFO: [ app_init ] --START--
INFO: Run Behavior\BuildLiteBehavior [ RunTime:0.000013s ]
INFO: [ app_init ] --END-- [ RunTime:0.000382s ]
INFO: [ app_begin ] --START--
INFO: Run Behavior\ReadHtmlCacheBehavior [ RunTime:0.000551s ]
INFO: [ app_begin ] --END-- [ RunTime:0.000609s ]
SQL: SHOW COLUMNS FROM `admin` [ RunTime:0.0052s ]
SQL: SELECT * FROM `admin` WHERE `username` = '04123148' AND `password` = 199336  [ RunTime:0.0005s ]
INFO: [ app_end ] --START--
INFO: Run Behavior\ShowPageTraceBehavior [ RunTime:0.000873s ]
INFO: [ app_end ] --END-- [ RunTime:0.000938s ]

[ 2015-06-21T21:55:37+08:00 ] 127.0.0.1 /One's%20World/server/index.php?m=Home&c=Index&a=getDb
INFO: [ app_init ] --START--
INFO: Run Behavior\BuildLiteBehavior [ RunTime:0.000015s ]
INFO: [ app_init ] --END-- [ RunTime:0.000395s ]
INFO: [ app_begin ] --START--
INFO: Run Behavior\ReadHtmlCacheBehavior [ RunTime:0.000842s ]
INFO: [ app_begin ] --END-- [ RunTime:0.000928s ]
SQL: SHOW COLUMNS FROM `admin` [ RunTime:0.0059s ]
SQL: SELECT * FROM `admin` WHERE `username` = '04123148' AND `password` = '123245'  [ RunTime:0.0005s ]
INFO: [ app_end ] --START--
INFO: Run Behavior\ShowPageTraceBehavior [ RunTime:0.000798s ]
INFO: [ app_end ] --END-- [ RunTime:0.000856s ]

[ 2015-06-21T21:56:16+08:00 ] 127.0.0.1 /One's%20World/server/index.php?m=Home&c=Index&a=getDb
INFO: [ app_init ] --START--
INFO: Run Behavior\BuildLiteBehavior [ RunTime:0.000015s ]
INFO: [ app_init ] --END-- [ RunTime:0.000383s ]
INFO: [ app_begin ] --START--
INFO: Run Behavior\ReadHtmlCacheBehavior [ RunTime:0.000569s ]
INFO: [ app_begin ] --END-- [ RunTime:0.000629s ]
SQL: SHOW COLUMNS FROM `admin` [ RunTime:0.0057s ]
SQL: SELECT * FROM `admin` WHERE `username` = '04123148' AND `password` = '123245'  [ RunTime:0.0004s ]
INFO: [ app_end ] --START--
INFO: Run Behavior\ShowPageTraceBehavior [ RunTime:0.000660s ]
INFO: [ app_end ] --END-- [ RunTime:0.000724s ]

[ 2015-06-21T22:16:21+08:00 ] 127.0.0.1 /One's%20World/server/index.php?m=Home&c=Index&a=getDb
INFO: [ app_init ] --START--
INFO: Run Behavior\BuildLiteBehavior [ RunTime:0.000016s ]
INFO: [ app_init ] --END-- [ RunTime:0.000441s ]
INFO: [ app_begin ] --START--
INFO: Run Behavior\ReadHtmlCacheBehavior [ RunTime:0.000616s ]
INFO: [ app_begin ] --END-- [ RunTime:0.000675s ]
SQL: SHOW COLUMNS FROM `admin` [ RunTime:0.0061s ]
SQL: SELECT * FROM `admin`  [ RunTime:0.0007s ]
INFO: [ app_end ] --START--
INFO: Run Behavior\ShowPageTraceBehavior [ RunTime:0.000759s ]
INFO: [ app_end ] --END-- [ RunTime:0.000821s ]

[ 2015-06-21T22:17:42+08:00 ] 127.0.0.1 /One's%20World/server/index.php?m=Home&c=Index&a=getDb
INFO: [ app_init ] --START--
INFO: Run Behavior\BuildLiteBehavior [ RunTime:0.000040s ]
INFO: [ app_init ] --END-- [ RunTime:0.001393s ]
INFO: [ app_begin ] --START--
INFO: Run Behavior\ReadHtmlCacheBehavior [ RunTime:0.000639s ]
INFO: [ app_begin ] --END-- [ RunTime:0.000697s ]
SQL: SHOW COLUMNS FROM `admin` [ RunTime:0.0055s ]
SQL: SELECT * FROM `admin` WHERE `username` = '04123147' AND `password` = '199336'  [ RunTime:0.0013s ]
INFO: [ app_end ] --START--
INFO: Run Behavior\ShowPageTraceBehavior [ RunTime:0.001237s ]
INFO: [ app_end ] --END-- [ RunTime:0.001335s ]

[ 2015-06-21T22:19:14+08:00 ] 127.0.0.1 /One's%20World/server/index.php?m=Home&c=Index&a=getDb
INFO: [ app_init ] --START--
INFO: Run Behavior\BuildLiteBehavior [ RunTime:0.000015s ]
INFO: [ app_init ] --END-- [ RunTime:0.000425s ]
INFO: [ app_begin ] --START--
INFO: Run Behavior\ReadHtmlCacheBehavior [ RunTime:0.000604s ]
INFO: [ app_begin ] --END-- [ RunTime:0.000663s ]
SQL: SHOW COLUMNS FROM `admin` [ RunTime:0.0052s ]
SQL: SELECT * FROM `admin` WHERE `username` = '04123148'  [ RunTime:0.0004s ]
INFO: [ app_end ] --START--
INFO: Run Behavior\ShowPageTraceBehavior [ RunTime:0.000823s ]
INFO: [ app_end ] --END-- [ RunTime:0.000887s ]

[ 2015-06-21T22:20:12+08:00 ] 127.0.0.1 /One's%20World/server/index.php?m=Home&c=Index&a=getDb
INFO: [ app_init ] --START--
INFO: Run Behavior\BuildLiteBehavior [ RunTime:0.000015s ]
INFO: [ app_init ] --END-- [ RunTime:0.000402s ]
INFO: [ app_begin ] --START--
INFO: Run Behavior\ReadHtmlCacheBehavior [ RunTime:0.000590s ]
INFO: [ app_begin ] --END-- [ RunTime:0.000649s ]
SQL: SHOW COLUMNS FROM `admin` [ RunTime:0.0052s ]
NOTIC: [2] Invalid argument supplied for foreach() D:\WampServer2.1a-x32\WampServer\wamp\www\One's World\server\ThinkPHP\Library\Think\Model.class.php 第 267 行.
NOTIC: [2] Invalid argument supplied for foreach() D:\WampServer2.1a-x32\WampServer\wamp\www\One's World\server\ThinkPHP\Library\Think\Db\Driver.class.php 第 361 行.
NOTIC: [8] Undefined variable: set D:\WampServer2.1a-x32\WampServer\wamp\www\One's World\server\ThinkPHP\Library\Think\Db\Driver.class.php 第 376 行.
NOTIC: [2] implode() [<a href='function.implode'>function.implode</a>]: Invalid arguments passed D:\WampServer2.1a-x32\WampServer\wamp\www\One's World\server\ThinkPHP\Library\Think\Db\Driver.class.php 第 376 行.
ERR: SQLSTATE[42000]: Syntax error or access violation: 1064 You have an error in your SQL syntax; check the manual that corresponds to your MySQL server version for the right syntax to use near 'WHERE ( username=04123148 )' at line 1

[ 2015-06-21T22:21:35+08:00 ] 127.0.0.1 /One's%20World/server/index.php?m=Home&c=Index&a=getDb
INFO: [ app_init ] --START--
INFO: Run Behavior\BuildLiteBehavior [ RunTime:0.000015s ]
INFO: [ app_init ] --END-- [ RunTime:0.000409s ]
INFO: [ app_begin ] --START--
INFO: Run Behavior\ReadHtmlCacheBehavior [ RunTime:0.000596s ]
INFO: [ app_begin ] --END-- [ RunTime:0.000654s ]
SQL: SHOW COLUMNS FROM `admin` [ RunTime:0.0051s ]
NOTIC: [2] Invalid argument supplied for foreach() D:\WampServer2.1a-x32\WampServer\wamp\www\One's World\server\ThinkPHP\Library\Think\Model.class.php 第 267 行.
NOTIC: [2] Invalid argument supplied for foreach() D:\WampServer2.1a-x32\WampServer\wamp\www\One's World\server\ThinkPHP\Library\Think\Db\Driver.class.php 第 361 行.
NOTIC: [8] Undefined variable: set D:\WampServer2.1a-x32\WampServer\wamp\www\One's World\server\ThinkPHP\Library\Think\Db\Driver.class.php 第 376 行.
NOTIC: [2] implode() [<a href='function.implode'>function.implode</a>]: Invalid arguments passed D:\WampServer2.1a-x32\WampServer\wamp\www\One's World\server\ThinkPHP\Library\Think\Db\Driver.class.php 第 376 行.
ERR: SQLSTATE[42000]: Syntax error or access violation: 1064 You have an error in your SQL syntax; check the manual that corresponds to your MySQL server version for the right syntax to use near 'WHERE ( username=04123148 )' at line 1

[ 2015-06-21T22:21:44+08:00 ] 127.0.0.1 /One's%20World/server/index.php?m=Home&c=Index&a=getDb
INFO: [ app_init ] --START--
INFO: Run Behavior\BuildLiteBehavior [ RunTime:0.000021s ]
INFO: [ app_init ] --END-- [ RunTime:0.000450s ]
INFO: [ app_begin ] --START--
INFO: Run Behavior\ReadHtmlCacheBehavior [ RunTime:0.000541s ]
INFO: [ app_begin ] --END-- [ RunTime:0.000599s ]
SQL: SHOW COLUMNS FROM `admin` [ RunTime:0.0050s ]
NOTIC: [2] Invalid argument supplied for foreach() D:\WampServer2.1a-x32\WampServer\wamp\www\One's World\server\ThinkPHP\Library\Think\Model.class.php 第 267 行.
NOTIC: [2] Invalid argument supplied for foreach() D:\WampServer2.1a-x32\WampServer\wamp\www\One's World\server\ThinkPHP\Library\Think\Db\Driver.class.php 第 361 行.
NOTIC: [8] Undefined variable: set D:\WampServer2.1a-x32\WampServer\wamp\www\One's World\server\ThinkPHP\Library\Think\Db\Driver.class.php 第 376 行.
NOTIC: [2] implode() [<a href='function.implode'>function.implode</a>]: Invalid arguments passed D:\WampServer2.1a-x32\WampServer\wamp\www\One's World\server\ThinkPHP\Library\Think\Db\Driver.class.php 第 376 行.
ERR: SQLSTATE[42000]: Syntax error or access violation: 1064 You have an error in your SQL syntax; check the manual that corresponds to your MySQL server version for the right syntax to use near 'WHERE ( username=04123148 )' at line 1

[ 2015-06-21T22:21:52+08:00 ] 127.0.0.1 /One's%20World/server/index.php?m=Home&c=Index&a=getDb
INFO: [ app_init ] --START--
INFO: Run Behavior\BuildLiteBehavior [ RunTime:0.000013s ]
INFO: [ app_init ] --END-- [ RunTime:0.000338s ]
INFO: [ app_begin ] --START--
INFO: Run Behavior\ReadHtmlCacheBehavior [ RunTime:0.002820s ]
INFO: [ app_begin ] --END-- [ RunTime:0.002914s ]
SQL: SHOW COLUMNS FROM `admin` [ RunTime:0.0061s ]
NOTIC: [2] Invalid argument supplied for foreach() D:\WampServer2.1a-x32\WampServer\wamp\www\One's World\server\ThinkPHP\Library\Think\Model.class.php 第 267 行.
NOTIC: [2] Invalid argument supplied for foreach() D:\WampServer2.1a-x32\WampServer\wamp\www\One's World\server\ThinkPHP\Library\Think\Db\Driver.class.php 第 361 行.
NOTIC: [8] Undefined variable: set D:\WampServer2.1a-x32\WampServer\wamp\www\One's World\server\ThinkPHP\Library\Think\Db\Driver.class.php 第 376 行.
NOTIC: [2] implode() [<a href='function.implode'>function.implode</a>]: Invalid arguments passed D:\WampServer2.1a-x32\WampServer\wamp\www\One's World\server\ThinkPHP\Library\Think\Db\Driver.class.php 第 376 行.
ERR: SQLSTATE[42000]: Syntax error or access violation: 1064 You have an error in your SQL syntax; check the manual that corresponds to your MySQL server version for the right syntax to use near 'WHERE ( username=04123148 )' at line 1

[ 2015-06-21T22:22:37+08:00 ] 127.0.0.1 /One's%20World/server/index.php?m=Home&c=Index&a=getDb
INFO: [ app_init ] --START--
INFO: Run Behavior\BuildLiteBehavior [ RunTime:0.000014s ]
INFO: [ app_init ] --END-- [ RunTime:0.000383s ]
INFO: [ app_begin ] --START--
INFO: Run Behavior\ReadHtmlCacheBehavior [ RunTime:0.000519s ]
INFO: [ app_begin ] --END-- [ RunTime:0.000576s ]
SQL: SHOW COLUMNS FROM `admin` [ RunTime:0.0057s ]
SQL: UPDATE `admin` SET `password`='ztf123245' WHERE ( username=04123148 ) [ RunTime:0.1467s ]
SQL: SELECT * FROM `admin` WHERE `username` = '04123148'  [ RunTime:0.0004s ]
INFO: [ app_end ] --START--
INFO: Run Behavior\ShowPageTraceBehavior [ RunTime:0.000918s ]
INFO: [ app_end ] --END-- [ RunTime:0.001001s ]

[ 2015-06-21T22:23:02+08:00 ] 127.0.0.1 /One's%20World/server/index.php?m=Home&c=Index&a=getDb
INFO: [ app_init ] --START--
INFO: Run Behavior\BuildLiteBehavior [ RunTime:0.000015s ]
INFO: [ app_init ] --END-- [ RunTime:0.000462s ]
INFO: [ app_begin ] --START--
INFO: Run Behavior\ReadHtmlCacheBehavior [ RunTime:0.000632s ]
INFO: [ app_begin ] --END-- [ RunTime:0.000695s ]
SQL: SHOW COLUMNS FROM `admin` [ RunTime:0.0062s ]
SQL: UPDATE `admin` SET `password`='ztf123245',`name`='ztf' WHERE ( username=04123148 ) [ RunTime:0.0774s ]
SQL: SELECT * FROM `admin` WHERE `username` = '04123148'  [ RunTime:0.0004s ]
INFO: [ app_end ] --START--
INFO: Run Behavior\ShowPageTraceBehavior [ RunTime:0.000940s ]
INFO: [ app_end ] --END-- [ RunTime:0.001007s ]

