[ 2015-06-26T00:48:26+08:00 ] 127.0.0.1 /Esms/server/index.php/Home/Index/loginCheck?username=xinliuruoxi&password=ztf123245
INFO: [ app_init ] --START--
INFO: Run Behavior\BuildLiteBehavior [ RunTime:0.000018s ]
INFO: [ app_init ] --END-- [ RunTime:0.000691s ]
INFO: [ app_begin ] --START--
INFO: Run Behavior\ReadHtmlCacheBehavior [ RunTime:0.001074s ]
INFO: [ app_begin ] --END-- [ RunTime:0.001156s ]
SQL: SHOW COLUMNS FROM `user` [ RunTime:0.0066s ]
SQL: SELECT * FROM `user` WHERE `username` = 'xinliuruoxi' AND `password` = 'ztf123245'  [ RunTime:0.0006s ]
SQL: UPDATE `user` SET `lasttime`='15-06-26 00:48:26' WHERE `username` = 'xinliuruoxi' AND `password` = 'ztf123245' [ RunTime:0.0768s ]

[ 2015-06-26T00:48:29+08:00 ] 127.0.0.1 /Esms/server/index.php/Home/Statistic/stockQuery?name=&col=
INFO: [ app_init ] --START--
INFO: Run Behavior\BuildLiteBehavior [ RunTime:0.000016s ]
INFO: [ app_init ] --END-- [ RunTime:0.000414s ]
INFO: [ app_begin ] --START--
INFO: Run Behavior\ReadHtmlCacheBehavior [ RunTime:0.000868s ]
INFO: [ app_begin ] --END-- [ RunTime:0.000966s ]
SQL: SHOW COLUMNS FROM `stock` [ RunTime:0.0051s ]
SQL: SELECT * FROM `stock`  [ RunTime:0.0004s ]

[ 2015-06-26T00:48:31+08:00 ] 127.0.0.1 /Esms/server/index.php/Home/Statistic/stockQuery?name=%E5%B0%8F%E7%B1%B3+note&col=%E8%B4%A7%E6%9E%B62
INFO: [ app_init ] --START--
INFO: Run Behavior\BuildLiteBehavior [ RunTime:0.000014s ]
INFO: [ app_init ] --END-- [ RunTime:0.000516s ]
INFO: [ app_begin ] --START--
INFO: Run Behavior\ReadHtmlCacheBehavior [ RunTime:0.000711s ]
INFO: [ app_begin ] --END-- [ RunTime:0.000786s ]
SQL: SHOW COLUMNS FROM `stock` [ RunTime:0.0051s ]
SQL: SELECT * FROM `stock` WHERE `name` = '小米 note' AND `col` = '货架2'  [ RunTime:0.0004s ]

[ 2015-06-26T00:48:34+08:00 ] 127.0.0.1 /Esms/server/index.php/Home/Statistic/stockQuery?name=%E5%B0%8F%E7%B1%B3+note&col=%E8%B4%A7%E6%9E%B61
INFO: [ app_init ] --START--
INFO: Run Behavior\BuildLiteBehavior [ RunTime:0.000023s ]
INFO: [ app_init ] --END-- [ RunTime:0.000803s ]
INFO: [ app_begin ] --START--
INFO: Run Behavior\ReadHtmlCacheBehavior [ RunTime:0.000801s ]
INFO: [ app_begin ] --END-- [ RunTime:0.000857s ]
SQL: SHOW COLUMNS FROM `stock` [ RunTime:0.0052s ]
SQL: SELECT * FROM `stock` WHERE `name` = '小米 note' AND `col` = '货架1'  [ RunTime:0.0005s ]

[ 2015-06-26T00:49:27+08:00 ] 127.0.0.1 /Esms/server/index.php/Home/Statistic/stockQuery?name=&col=
INFO: [ app_init ] --START--
INFO: Run Behavior\BuildLiteBehavior [ RunTime:0.000016s ]
INFO: [ app_init ] --END-- [ RunTime:0.000454s ]
INFO: [ app_begin ] --START--
INFO: Run Behavior\ReadHtmlCacheBehavior [ RunTime:0.001735s ]
INFO: [ app_begin ] --END-- [ RunTime:0.001865s ]
SQL: SHOW COLUMNS FROM `stock` [ RunTime:0.0069s ]
SQL: SELECT * FROM `stock`  [ RunTime:0.0004s ]

[ 2015-06-26T00:49:30+08:00 ] 127.0.0.1 /Esms/server/index.php/Home/Statistic/stockQuery?name=%E5%B0%8F%E7%B1%B3+note&col=%E8%B4%A7%E6%9E%B63
INFO: [ app_init ] --START--
INFO: Run Behavior\BuildLiteBehavior [ RunTime:0.000033s ]
INFO: [ app_init ] --END-- [ RunTime:0.001143s ]
INFO: [ app_begin ] --START--
INFO: Run Behavior\ReadHtmlCacheBehavior [ RunTime:0.000851s ]
INFO: [ app_begin ] --END-- [ RunTime:0.000922s ]
SQL: SHOW COLUMNS FROM `stock` [ RunTime:0.0056s ]
SQL: SELECT * FROM `stock` WHERE `name` = '小米 note' AND `col` = '货架3'  [ RunTime:0.0004s ]

[ 2015-06-26T00:50:09+08:00 ] 127.0.0.1 /Esms/server/index.php/Home/Statistic/stockQuery?name=&col=
INFO: [ app_init ] --START--
INFO: Run Behavior\BuildLiteBehavior [ RunTime:0.000016s ]
INFO: [ app_init ] --END-- [ RunTime:0.000507s ]
INFO: [ app_begin ] --START--
INFO: Run Behavior\ReadHtmlCacheBehavior [ RunTime:0.000706s ]
INFO: [ app_begin ] --END-- [ RunTime:0.000774s ]
SQL: SHOW COLUMNS FROM `stock` [ RunTime:0.0050s ]
SQL: SELECT * FROM `stock`  [ RunTime:0.0006s ]

[ 2015-06-26T00:50:11+08:00 ] 127.0.0.1 /Esms/server/index.php/Home/Statistic/stockQuery?name=%E5%B0%8F%E7%B1%B3+note&col=%E8%B4%A7%E6%9E%B62
INFO: [ app_init ] --START--
INFO: Run Behavior\BuildLiteBehavior [ RunTime:0.000033s ]
INFO: [ app_init ] --END-- [ RunTime:0.001133s ]
INFO: [ app_begin ] --START--
INFO: Run Behavior\ReadHtmlCacheBehavior [ RunTime:0.001760s ]
INFO: [ app_begin ] --END-- [ RunTime:0.001921s ]
SQL: SHOW COLUMNS FROM `stock` [ RunTime:0.0051s ]
SQL: SELECT * FROM `stock` WHERE `name` = '小米 note' AND `col` = '货架2'  [ RunTime:0.0004s ]

[ 2015-06-26T00:50:27+08:00 ] 127.0.0.1 /Esms/server/index.php/Home/Statistic/stockQuery?name=%E5%B0%8F%E7%B1%B3+note&col=%E8%B4%A7%E6%9E%B61
INFO: [ app_init ] --START--
INFO: Run Behavior\BuildLiteBehavior [ RunTime:0.000020s ]
INFO: [ app_init ] --END-- [ RunTime:0.000607s ]
INFO: [ app_begin ] --START--
INFO: Run Behavior\ReadHtmlCacheBehavior [ RunTime:0.000990s ]
INFO: [ app_begin ] --END-- [ RunTime:0.001133s ]
SQL: SHOW COLUMNS FROM `stock` [ RunTime:0.0051s ]
SQL: SELECT * FROM `stock` WHERE `name` = '小米 note' AND `col` = '货架1'  [ RunTime:0.0004s ]

[ 2015-06-26T00:50:52+08:00 ] 127.0.0.1 /Esms/server/index.php/Home/Statistic/stockQuery?name=&col=
INFO: [ app_init ] --START--
INFO: Run Behavior\BuildLiteBehavior [ RunTime:0.000016s ]
INFO: [ app_init ] --END-- [ RunTime:0.000518s ]
INFO: [ app_begin ] --START--
INFO: Run Behavior\ReadHtmlCacheBehavior [ RunTime:0.000882s ]
INFO: [ app_begin ] --END-- [ RunTime:0.000976s ]
SQL: SHOW COLUMNS FROM `stock` [ RunTime:0.0096s ]
SQL: SELECT * FROM `stock`  [ RunTime:0.0005s ]

[ 2015-06-26T00:50:54+08:00 ] 127.0.0.1 /Esms/server/index.php/Home/Statistic/stockQuery?name=%E5%B0%8F%E7%B1%B3+note&col=%E8%B4%A7%E6%9E%B62
INFO: [ app_init ] --START--
INFO: Run Behavior\BuildLiteBehavior [ RunTime:0.000015s ]
INFO: [ app_init ] --END-- [ RunTime:0.000392s ]
INFO: [ app_begin ] --START--
INFO: Run Behavior\ReadHtmlCacheBehavior [ RunTime:0.000637s ]
INFO: [ app_begin ] --END-- [ RunTime:0.000692s ]
SQL: SHOW COLUMNS FROM `stock` [ RunTime:0.0056s ]
SQL: SELECT * FROM `stock` WHERE `name` = '小米 note' AND `col` = '货架2'  [ RunTime:0.0005s ]

[ 2015-06-26T00:50:56+08:00 ] 127.0.0.1 /Esms/server/index.php/Home/Statistic/stockQuery?name=%E5%B0%8F%E7%B1%B3+note&col=%E8%B4%A7%E6%9E%B61
INFO: [ app_init ] --START--
INFO: Run Behavior\BuildLiteBehavior [ RunTime:0.000014s ]
INFO: [ app_init ] --END-- [ RunTime:0.000411s ]
INFO: [ app_begin ] --START--
INFO: Run Behavior\ReadHtmlCacheBehavior [ RunTime:0.000645s ]
INFO: [ app_begin ] --END-- [ RunTime:0.000701s ]
SQL: SHOW COLUMNS FROM `stock` [ RunTime:0.0052s ]
SQL: SELECT * FROM `stock` WHERE `name` = '小米 note' AND `col` = '货架1'  [ RunTime:0.0004s ]

[ 2015-06-26T00:51:02+08:00 ] 127.0.0.1 /Esms/server/index.php/Home/Statistic/storageQuery?remark=2
INFO: [ app_init ] --START--
INFO: Run Behavior\BuildLiteBehavior [ RunTime:0.000016s ]
INFO: [ app_init ] --END-- [ RunTime:0.000424s ]
INFO: [ app_begin ] --START--
INFO: Run Behavior\ReadHtmlCacheBehavior [ RunTime:0.000677s ]
INFO: [ app_begin ] --END-- [ RunTime:0.000728s ]
SQL: SHOW COLUMNS FROM `storage` [ RunTime:0.0064s ]
SQL: SELECT * FROM `storage` WHERE `remark` = 2  [ RunTime:0.0005s ]

[ 2015-06-26T00:51:03+08:00 ] 127.0.0.1 /Esms/server/index.php/Home/Statistic/storageQuery?remark=1
INFO: [ app_init ] --START--
INFO: Run Behavior\BuildLiteBehavior [ RunTime:0.000024s ]
INFO: [ app_init ] --END-- [ RunTime:0.000652s ]
INFO: [ app_begin ] --START--
INFO: Run Behavior\ReadHtmlCacheBehavior [ RunTime:0.001109s ]
INFO: [ app_begin ] --END-- [ RunTime:0.001210s ]
SQL: SHOW COLUMNS FROM `storage` [ RunTime:0.0128s ]
SQL: SELECT * FROM `storage` WHERE `remark` = 1  [ RunTime:0.0012s ]

[ 2015-06-26T00:51:05+08:00 ] 127.0.0.1 /Esms/server/index.php/Home/Statistic/storageQuery?col_3=%E6%9C%BA%E6%A2%B0%E5%B7%A5%E4%B8%9A%E5%87%BA%E7%89%88%E7%A4%BE&remark=1
INFO: [ app_init ] --START--
INFO: Run Behavior\BuildLiteBehavior [ RunTime:0.000017s ]
INFO: [ app_init ] --END-- [ RunTime:0.000410s ]
INFO: [ app_begin ] --START--
INFO: Run Behavior\ReadHtmlCacheBehavior [ RunTime:0.000644s ]
INFO: [ app_begin ] --END-- [ RunTime:0.000698s ]
SQL: SHOW COLUMNS FROM `storage` [ RunTime:0.0055s ]
SQL: SELECT * FROM `storage` WHERE `col_3` = '机械工业出版社' AND `remark` = 1  [ RunTime:0.0005s ]

[ 2015-06-26T00:51:06+08:00 ] 127.0.0.1 /Esms/server/index.php/Home/Statistic/storageQuery?remark=3
INFO: [ app_init ] --START--
INFO: Run Behavior\BuildLiteBehavior [ RunTime:0.000022s ]
INFO: [ app_init ] --END-- [ RunTime:0.000651s ]
INFO: [ app_begin ] --START--
INFO: Run Behavior\ReadHtmlCacheBehavior [ RunTime:0.001445s ]
INFO: [ app_begin ] --END-- [ RunTime:0.001575s ]
SQL: SHOW COLUMNS FROM `storage` [ RunTime:0.0083s ]
SQL: SELECT * FROM `storage` WHERE `remark` = 3  [ RunTime:0.0005s ]

[ 2015-06-26T00:51:08+08:00 ] 127.0.0.1 /Esms/server/index.php/Home/Statistic/storageQuery?remark=4
INFO: [ app_init ] --START--
INFO: Run Behavior\BuildLiteBehavior [ RunTime:0.000027s ]
INFO: [ app_init ] --END-- [ RunTime:0.000662s ]
INFO: [ app_begin ] --START--
INFO: Run Behavior\ReadHtmlCacheBehavior [ RunTime:0.001165s ]
INFO: [ app_begin ] --END-- [ RunTime:0.001322s ]
SQL: SHOW COLUMNS FROM `storage` [ RunTime:0.0069s ]
SQL: SELECT * FROM `storage` WHERE `remark` = 4  [ RunTime:0.0005s ]

[ 2015-06-26T00:51:09+08:00 ] 127.0.0.1 /Esms/server/index.php/Home/Statistic/storageQuery?remark=3
INFO: [ app_init ] --START--
INFO: Run Behavior\BuildLiteBehavior [ RunTime:0.000023s ]
INFO: [ app_init ] --END-- [ RunTime:0.000706s ]
INFO: [ app_begin ] --START--
INFO: Run Behavior\ReadHtmlCacheBehavior [ RunTime:0.001186s ]
INFO: [ app_begin ] --END-- [ RunTime:0.001338s ]
SQL: SHOW COLUMNS FROM `storage` [ RunTime:0.0073s ]
SQL: SELECT * FROM `storage` WHERE `remark` = 3  [ RunTime:0.0005s ]

[ 2015-06-26T00:51:10+08:00 ] 127.0.0.1 /Esms/server/index.php/Home/Statistic/storageQuery?remark=2
INFO: [ app_init ] --START--
INFO: Run Behavior\BuildLiteBehavior [ RunTime:0.000017s ]
INFO: [ app_init ] --END-- [ RunTime:0.000455s ]
INFO: [ app_begin ] --START--
INFO: Run Behavior\ReadHtmlCacheBehavior [ RunTime:0.001489s ]
INFO: [ app_begin ] --END-- [ RunTime:0.001602s ]
SQL: SHOW COLUMNS FROM `storage` [ RunTime:0.0068s ]
SQL: SELECT * FROM `storage` WHERE `remark` = 2  [ RunTime:0.0006s ]

[ 2015-06-26T00:51:13+08:00 ] 127.0.0.1 /Esms/server/index.php/Home/User/getUser?userid=1
INFO: [ app_init ] --START--
INFO: Run Behavior\BuildLiteBehavior [ RunTime:0.000015s ]
INFO: [ app_init ] --END-- [ RunTime:0.000420s ]
INFO: [ app_begin ] --START--
INFO: Run Behavior\ReadHtmlCacheBehavior [ RunTime:0.000646s ]
INFO: [ app_begin ] --END-- [ RunTime:0.000700s ]
SQL: SHOW COLUMNS FROM `user` [ RunTime:0.0062s ]
SQL: SELECT `u_id`,`username`,`usertype`,`type`,`createtime`,`lasttime` FROM `user` `u`,`department` `d` WHERE ( u.d_id=d.d_id )  [ RunTime:0.0389s ]

[ 2015-06-26T00:51:21+08:00 ] 127.0.0.1 /Esms/server/index.php/Home/User/getResource
INFO: [ app_init ] --START--
INFO: Run Behavior\BuildLiteBehavior [ RunTime:0.000042s ]
INFO: [ app_init ] --END-- [ RunTime:0.000819s ]
INFO: [ app_begin ] --START--
INFO: Run Behavior\ReadHtmlCacheBehavior [ RunTime:0.001101s ]
INFO: [ app_begin ] --END-- [ RunTime:0.001215s ]
SQL: SHOW COLUMNS FROM `resource` [ RunTime:0.0081s ]
SQL: SELECT * FROM `resource`  [ RunTime:0.0005s ]

[ 2015-06-26T00:51:22+08:00 ] 127.0.0.1 /Esms/server/index.php/Home/User/getDepartment?userid=1
INFO: [ app_init ] --START--
INFO: Run Behavior\BuildLiteBehavior [ RunTime:0.000029s ]
INFO: [ app_init ] --END-- [ RunTime:0.000814s ]
INFO: [ app_begin ] --START--
INFO: Run Behavior\ReadHtmlCacheBehavior [ RunTime:0.000865s ]
INFO: [ app_begin ] --END-- [ RunTime:0.000944s ]
SQL: SHOW COLUMNS FROM `department` [ RunTime:0.0065s ]
SQL: SELECT * FROM `department`  [ RunTime:0.0008s ]

[ 2015-06-26T00:51:25+08:00 ] 127.0.0.1 /Esms/server/index.php/Home/User/getUser?userid=1
INFO: [ app_init ] --START--
INFO: Run Behavior\BuildLiteBehavior [ RunTime:0.000017s ]
INFO: [ app_init ] --END-- [ RunTime:0.000513s ]
INFO: [ app_begin ] --START--
INFO: Run Behavior\ReadHtmlCacheBehavior [ RunTime:0.000631s ]
INFO: [ app_begin ] --END-- [ RunTime:0.000694s ]
SQL: SHOW COLUMNS FROM `user` [ RunTime:0.0055s ]
SQL: SELECT `u_id`,`username`,`usertype`,`type`,`createtime`,`lasttime` FROM `user` `u`,`department` `d` WHERE ( u.d_id=d.d_id )  [ RunTime:0.0004s ]

[ 2015-06-26T00:51:25+08:00 ] 127.0.0.1 /Esms/server/index.php/Home/User/getResource
INFO: [ app_init ] --START--
INFO: Run Behavior\BuildLiteBehavior [ RunTime:0.000028s ]
INFO: [ app_init ] --END-- [ RunTime:0.001033s ]
INFO: [ app_begin ] --START--
INFO: Run Behavior\ReadHtmlCacheBehavior [ RunTime:0.001129s ]
INFO: [ app_begin ] --END-- [ RunTime:0.001293s ]
SQL: SHOW COLUMNS FROM `resource` [ RunTime:0.0058s ]
SQL: SELECT * FROM `resource`  [ RunTime:0.0004s ]

[ 2015-06-26T00:51:26+08:00 ] 127.0.0.1 /Esms/server/index.php/Home/User/getDepartment?userid=1
INFO: [ app_init ] --START--
INFO: Run Behavior\BuildLiteBehavior [ RunTime:0.000016s ]
INFO: [ app_init ] --END-- [ RunTime:0.000414s ]
INFO: [ app_begin ] --START--
INFO: Run Behavior\ReadHtmlCacheBehavior [ RunTime:0.000639s ]
INFO: [ app_begin ] --END-- [ RunTime:0.000693s ]
SQL: SHOW COLUMNS FROM `department` [ RunTime:0.0053s ]
SQL: SELECT * FROM `department`  [ RunTime:0.0004s ]

[ 2015-06-26T08:59:02+08:00 ] 127.0.0.1 /Esms/server/index.php/Home/Index/loginCheck?username=xinliuruoxi&password=ztf123245
INFO: [ app_init ] --START--
INFO: Run Behavior\BuildLiteBehavior [ RunTime:0.000035s ]
INFO: [ app_init ] --END-- [ RunTime:0.001623s ]
INFO: [ app_begin ] --START--
INFO: Run Behavior\ReadHtmlCacheBehavior [ RunTime:0.002173s ]
INFO: [ app_begin ] --END-- [ RunTime:0.002328s ]
SQL: SHOW COLUMNS FROM `user` [ RunTime:0.0623s ]
SQL: SELECT * FROM `user` WHERE `username` = 'xinliuruoxi' AND `password` = 'ztf123245'  [ RunTime:0.0143s ]
SQL: UPDATE `user` SET `lasttime`='15-06-26 08:59:02' WHERE `username` = 'xinliuruoxi' AND `password` = 'ztf123245' [ RunTime:0.0976s ]

[ 2015-06-26T08:59:05+08:00 ] 127.0.0.1 /Esms/server/index.php/Home/User/getUser?userid=1
INFO: [ app_init ] --START--
INFO: Run Behavior\BuildLiteBehavior [ RunTime:0.000014s ]
INFO: [ app_init ] --END-- [ RunTime:0.000425s ]
INFO: [ app_begin ] --START--
INFO: Run Behavior\ReadHtmlCacheBehavior [ RunTime:0.000585s ]
INFO: [ app_begin ] --END-- [ RunTime:0.000637s ]
SQL: SHOW COLUMNS FROM `user` [ RunTime:0.0038s ]
SQL: SELECT `u_id`,`username`,`usertype`,`type`,`createtime`,`lasttime` FROM `user` `u`,`department` `d` WHERE ( u.d_id=d.d_id )  [ RunTime:0.0321s ]

[ 2015-06-26T08:59:12+08:00 ] 127.0.0.1 /Esms/server/index.php/Home/User/getDepartment?userid=1
INFO: [ app_init ] --START--
INFO: Run Behavior\BuildLiteBehavior [ RunTime:0.000032s ]
INFO: [ app_init ] --END-- [ RunTime:0.001246s ]
INFO: [ app_begin ] --START--
INFO: Run Behavior\ReadHtmlCacheBehavior [ RunTime:0.001577s ]
INFO: [ app_begin ] --END-- [ RunTime:0.001719s ]
SQL: SHOW COLUMNS FROM `department` [ RunTime:0.0090s ]
SQL: SELECT * FROM `department`  [ RunTime:0.0010s ]

[ 2015-06-26T08:59:15+08:00 ] 127.0.0.1 /Esms/server/index.php/Home/User/getResource
INFO: [ app_init ] --START--
INFO: Run Behavior\BuildLiteBehavior [ RunTime:0.000015s ]
INFO: [ app_init ] --END-- [ RunTime:0.000364s ]
INFO: [ app_begin ] --START--
INFO: Run Behavior\ReadHtmlCacheBehavior [ RunTime:0.000518s ]
INFO: [ app_begin ] --END-- [ RunTime:0.000572s ]
SQL: SHOW COLUMNS FROM `resource` [ RunTime:0.0429s ]
SQL: SELECT * FROM `resource`  [ RunTime:0.0008s ]

[ 2015-06-26T08:59:18+08:00 ] 127.0.0.1 /Esms/server/index.php/Home/User/getUser?userid=1
INFO: [ app_init ] --START--
INFO: Run Behavior\BuildLiteBehavior [ RunTime:0.000021s ]
INFO: [ app_init ] --END-- [ RunTime:0.000602s ]
INFO: [ app_begin ] --START--
INFO: Run Behavior\ReadHtmlCacheBehavior [ RunTime:0.000827s ]
INFO: [ app_begin ] --END-- [ RunTime:0.000904s ]
SQL: SHOW COLUMNS FROM `user` [ RunTime:0.0055s ]
SQL: SELECT `u_id`,`username`,`usertype`,`type`,`createtime`,`lasttime` FROM `user` `u`,`department` `d` WHERE ( u.d_id=d.d_id )  [ RunTime:0.0007s ]

[ 2015-06-26T08:59:20+08:00 ] 127.0.0.1 /Esms/server/index.php/Home/Statistic/storageQuery?remark=1
INFO: [ app_init ] --START--
INFO: Run Behavior\BuildLiteBehavior [ RunTime:0.000033s ]
INFO: [ app_init ] --END-- [ RunTime:0.000999s ]
INFO: [ app_begin ] --START--
INFO: Run Behavior\ReadHtmlCacheBehavior [ RunTime:0.001739s ]
INFO: [ app_begin ] --END-- [ RunTime:0.001868s ]
SQL: SHOW COLUMNS FROM `storage` [ RunTime:0.0612s ]
SQL: SELECT * FROM `storage` WHERE `remark` = 1  [ RunTime:0.0011s ]

[ 2015-06-26T08:59:23+08:00 ] 127.0.0.1 /Esms/server/index.php/Home/Statistic/storageQuery?remark=2
INFO: [ app_init ] --START--
INFO: Run Behavior\BuildLiteBehavior [ RunTime:0.000020s ]
INFO: [ app_init ] --END-- [ RunTime:0.000540s ]
INFO: [ app_begin ] --START--
INFO: Run Behavior\ReadHtmlCacheBehavior [ RunTime:0.000770s ]
INFO: [ app_begin ] --END-- [ RunTime:0.000848s ]
SQL: SHOW COLUMNS FROM `storage` [ RunTime:0.0045s ]
SQL: SELECT * FROM `storage` WHERE `remark` = 2  [ RunTime:0.0004s ]

[ 2015-06-26T08:59:26+08:00 ] 127.0.0.1 /Esms/server/index.php/Home/Statistic/storageQuery?remark=3
INFO: [ app_init ] --START--
INFO: Run Behavior\BuildLiteBehavior [ RunTime:0.000023s ]
INFO: [ app_init ] --END-- [ RunTime:0.000839s ]
INFO: [ app_begin ] --START--
INFO: Run Behavior\ReadHtmlCacheBehavior [ RunTime:0.001028s ]
INFO: [ app_begin ] --END-- [ RunTime:0.001124s ]
SQL: SHOW COLUMNS FROM `storage` [ RunTime:0.0051s ]
SQL: SELECT * FROM `storage` WHERE `remark` = 3  [ RunTime:0.0004s ]

[ 2015-06-26T08:59:27+08:00 ] 127.0.0.1 /Esms/server/index.php/Home/Statistic/storageQuery?remark=4
INFO: [ app_init ] --START--
INFO: Run Behavior\BuildLiteBehavior [ RunTime:0.000025s ]
INFO: [ app_init ] --END-- [ RunTime:0.000858s ]
INFO: [ app_begin ] --START--
INFO: Run Behavior\ReadHtmlCacheBehavior [ RunTime:0.000673s ]
INFO: [ app_begin ] --END-- [ RunTime:0.000760s ]
SQL: SHOW COLUMNS FROM `storage` [ RunTime:0.0041s ]
SQL: SELECT * FROM `storage` WHERE `remark` = 4  [ RunTime:0.0005s ]

[ 2015-06-26T08:59:31+08:00 ] 127.0.0.1 /Esms/server/index.php/Home/Statistic/stockQuery?name=&col=
INFO: [ app_init ] --START--
INFO: Run Behavior\BuildLiteBehavior [ RunTime:0.000026s ]
INFO: [ app_init ] --END-- [ RunTime:0.000731s ]
INFO: [ app_begin ] --START--
INFO: Run Behavior\ReadHtmlCacheBehavior [ RunTime:0.000880s ]
INFO: [ app_begin ] --END-- [ RunTime:0.000961s ]
SQL: SHOW COLUMNS FROM `stock` [ RunTime:0.0372s ]
SQL: SELECT * FROM `stock`  [ RunTime:0.0010s ]

[ 2015-06-26T08:59:34+08:00 ] 127.0.0.1 /Esms/server/index.php/Home/Statistic/stockQuery?name=%E5%B0%8F%E7%B1%B3+note&col=%E8%B4%A7%E6%9E%B62
INFO: [ app_init ] --START--
INFO: Run Behavior\BuildLiteBehavior [ RunTime:0.000033s ]
INFO: [ app_init ] --END-- [ RunTime:0.000999s ]
INFO: [ app_begin ] --START--
INFO: Run Behavior\ReadHtmlCacheBehavior [ RunTime:0.001348s ]
INFO: [ app_begin ] --END-- [ RunTime:0.001475s ]
SQL: SHOW COLUMNS FROM `stock` [ RunTime:0.0058s ]
SQL: SELECT * FROM `stock` WHERE `name` = '小米 note' AND `col` = '货架2'  [ RunTime:0.0007s ]

[ 2015-06-26T08:59:37+08:00 ] 127.0.0.1 /Esms/server/index.php/Home/Statistic/stockQuery?name=%E5%B0%8F%E7%B1%B3+note&col=%E8%B4%A7%E6%9E%B61
INFO: [ app_init ] --START--
INFO: Run Behavior\BuildLiteBehavior [ RunTime:0.000032s ]
INFO: [ app_init ] --END-- [ RunTime:0.000986s ]
INFO: [ app_begin ] --START--
INFO: Run Behavior\ReadHtmlCacheBehavior [ RunTime:0.001347s ]
INFO: [ app_begin ] --END-- [ RunTime:0.001475s ]
SQL: SHOW COLUMNS FROM `stock` [ RunTime:0.0057s ]
SQL: SELECT * FROM `stock` WHERE `name` = '小米 note' AND `col` = '货架1'  [ RunTime:0.0006s ]

[ 2015-06-26T08:59:40+08:00 ] 127.0.0.1 /Esms/server/index.php/Home/Statistic/stockQuery?name=%E7%BA%A2%E7%B1%B3+note&col=%E8%B4%A7%E6%9E%B62
INFO: [ app_init ] --START--
INFO: Run Behavior\BuildLiteBehavior [ RunTime:0.000033s ]
INFO: [ app_init ] --END-- [ RunTime:0.000986s ]
INFO: [ app_begin ] --START--
INFO: Run Behavior\ReadHtmlCacheBehavior [ RunTime:0.001157s ]
INFO: [ app_begin ] --END-- [ RunTime:0.001257s ]
SQL: SHOW COLUMNS FROM `stock` [ RunTime:0.0058s ]
SQL: SELECT * FROM `stock` WHERE `name` = '红米 note' AND `col` = '货架2'  [ RunTime:0.0007s ]

[ 2015-06-26T08:59:45+08:00 ] 127.0.0.1 /Esms/server/index.php/Home/Statistic/stockQuery?name=%E7%BA%A2%E7%B1%B3+note&col=%E8%B4%A7%E6%9E%B61
INFO: [ app_init ] --START--
INFO: Run Behavior\BuildLiteBehavior [ RunTime:0.000033s ]
INFO: [ app_init ] --END-- [ RunTime:0.000986s ]
INFO: [ app_begin ] --START--
INFO: Run Behavior\ReadHtmlCacheBehavior [ RunTime:0.001345s ]
INFO: [ app_begin ] --END-- [ RunTime:0.001473s ]
SQL: SHOW COLUMNS FROM `stock` [ RunTime:0.0057s ]
SQL: SELECT * FROM `stock` WHERE `name` = '红米 note' AND `col` = '货架1'  [ RunTime:0.0007s ]

[ 2015-06-26T08:59:47+08:00 ] 127.0.0.1 /Esms/server/index.php/Home/Statistic/stockQuery?name=%E7%BA%A2%E7%B1%B3+note&col=%E8%B4%A7%E6%9E%B62
INFO: [ app_init ] --START--
INFO: Run Behavior\BuildLiteBehavior [ RunTime:0.000033s ]
INFO: [ app_init ] --END-- [ RunTime:0.000984s ]
INFO: [ app_begin ] --START--
INFO: Run Behavior\ReadHtmlCacheBehavior [ RunTime:0.001348s ]
INFO: [ app_begin ] --END-- [ RunTime:0.001475s ]
SQL: SHOW COLUMNS FROM `stock` [ RunTime:0.0061s ]
SQL: SELECT * FROM `stock` WHERE `name` = '红米 note' AND `col` = '货架2'  [ RunTime:0.0007s ]

[ 2015-06-26T09:00:11+08:00 ] 127.0.0.1 /Esms/server/index.php/Home/User/getUser?userid=1
INFO: [ app_init ] --START--
INFO: Run Behavior\BuildLiteBehavior [ RunTime:0.000021s ]
INFO: [ app_init ] --END-- [ RunTime:0.000670s ]
INFO: [ app_begin ] --START--
INFO: Run Behavior\ReadHtmlCacheBehavior [ RunTime:0.000828s ]
INFO: [ app_begin ] --END-- [ RunTime:0.000906s ]
SQL: SHOW COLUMNS FROM `user` [ RunTime:0.0050s ]
SQL: SELECT `u_id`,`username`,`usertype`,`type`,`createtime`,`lasttime` FROM `user` `u`,`department` `d` WHERE ( u.d_id=d.d_id )  [ RunTime:0.0007s ]

[ 2015-06-26T09:00:12+08:00 ] 127.0.0.1 /Esms/server/index.php/Home/User/getResource
INFO: [ app_init ] --START--
INFO: Run Behavior\BuildLiteBehavior [ RunTime:0.000029s ]
INFO: [ app_init ] --END-- [ RunTime:0.000658s ]
INFO: [ app_begin ] --START--
INFO: Run Behavior\ReadHtmlCacheBehavior [ RunTime:0.000784s ]
INFO: [ app_begin ] --END-- [ RunTime:0.000856s ]
SQL: SHOW COLUMNS FROM `resource` [ RunTime:0.0051s ]
SQL: SELECT * FROM `resource`  [ RunTime:0.0005s ]

[ 2015-06-26T09:00:13+08:00 ] 127.0.0.1 /Esms/server/index.php/Home/User/getDepartment?userid=1
INFO: [ app_init ] --START--
INFO: Run Behavior\BuildLiteBehavior [ RunTime:0.000022s ]
INFO: [ app_init ] --END-- [ RunTime:0.000549s ]
INFO: [ app_begin ] --START--
INFO: Run Behavior\ReadHtmlCacheBehavior [ RunTime:0.001024s ]
INFO: [ app_begin ] --END-- [ RunTime:0.001132s ]
SQL: SHOW COLUMNS FROM `department` [ RunTime:0.0033s ]
SQL: SELECT * FROM `department`  [ RunTime:0.0005s ]

[ 2015-06-26T09:00:16+08:00 ] 127.0.0.1 /Esms/server/index.php/Home/User/getResource
INFO: [ app_init ] --START--
INFO: Run Behavior\BuildLiteBehavior [ RunTime:0.000028s ]
INFO: [ app_init ] --END-- [ RunTime:0.000730s ]
INFO: [ app_begin ] --START--
INFO: Run Behavior\ReadHtmlCacheBehavior [ RunTime:0.000569s ]
INFO: [ app_begin ] --END-- [ RunTime:0.000623s ]
SQL: SHOW COLUMNS FROM `resource` [ RunTime:0.0033s ]
SQL: SELECT * FROM `resource`  [ RunTime:0.0004s ]

[ 2015-06-26T09:00:18+08:00 ] 127.0.0.1 /Esms/server/index.php/Home/User/getUser?userid=1
INFO: [ app_init ] --START--
INFO: Run Behavior\BuildLiteBehavior [ RunTime:0.000021s ]
INFO: [ app_init ] --END-- [ RunTime:0.000638s ]
INFO: [ app_begin ] --START--
INFO: Run Behavior\ReadHtmlCacheBehavior [ RunTime:0.000874s ]
INFO: [ app_begin ] --END-- [ RunTime:0.000955s ]
SQL: SHOW COLUMNS FROM `user` [ RunTime:0.0052s ]
SQL: SELECT `u_id`,`username`,`usertype`,`type`,`createtime`,`lasttime` FROM `user` `u`,`department` `d` WHERE ( u.d_id=d.d_id )  [ RunTime:0.0007s ]

[ 2015-06-26T09:21:07+08:00 ] 127.0.0.1 /Esms/server/index.php/Home/Index/loginCheck?username=xinliuruoxi&password=ztf123245
INFO: [ app_init ] --START--
INFO: Run Behavior\BuildLiteBehavior [ RunTime:0.000021s ]
INFO: [ app_init ] --END-- [ RunTime:0.000724s ]
INFO: [ app_begin ] --START--
INFO: Run Behavior\ReadHtmlCacheBehavior [ RunTime:0.001024s ]
INFO: [ app_begin ] --END-- [ RunTime:0.001106s ]
SQL: SHOW COLUMNS FROM `user` [ RunTime:0.0041s ]
SQL: SELECT * FROM `user` WHERE `username` = 'xinliuruoxi' AND `password` = 'ztf123245'  [ RunTime:0.0005s ]
SQL: UPDATE `user` SET `lasttime`='15-06-26 09:21:07' WHERE `username` = 'xinliuruoxi' AND `password` = 'ztf123245' [ RunTime:0.0784s ]

[ 2015-06-26T09:21:14+08:00 ] 127.0.0.1 /Esms/server/index.php/Home/Statistic/storageQuery?remark=1
INFO: [ app_init ] --START--
INFO: Run Behavior\BuildLiteBehavior [ RunTime:0.000021s ]
INFO: [ app_init ] --END-- [ RunTime:0.000553s ]
INFO: [ app_begin ] --START--
INFO: Run Behavior\ReadHtmlCacheBehavior [ RunTime:0.000819s ]
INFO: [ app_begin ] --END-- [ RunTime:0.000899s ]
SQL: SHOW COLUMNS FROM `storage` [ RunTime:0.0044s ]
SQL: SELECT * FROM `storage` WHERE `remark` = 1  [ RunTime:0.0006s ]

[ 2015-06-26T09:21:20+08:00 ] 127.0.0.1 /Esms/server/index.php/Home/Statistic/storageQuery?col_3=%E6%9C%BA%E6%A2%B0%E5%B7%A5%E4%B8%9A%E5%87%BA%E7%89%88%E7%A4%BE&remark=1
INFO: [ app_init ] --START--
INFO: Run Behavior\BuildLiteBehavior [ RunTime:0.000019s ]
INFO: [ app_init ] --END-- [ RunTime:0.000500s ]
INFO: [ app_begin ] --START--
INFO: Run Behavior\ReadHtmlCacheBehavior [ RunTime:0.000720s ]
INFO: [ app_begin ] --END-- [ RunTime:0.000793s ]
SQL: SHOW COLUMNS FROM `storage` [ RunTime:0.0062s ]
SQL: SELECT * FROM `storage` WHERE `col_3` = '机械工业出版社' AND `remark` = 1  [ RunTime:0.0007s ]

[ 2015-06-26T09:21:27+08:00 ] 127.0.0.1 /Esms/server/index.php/Home/Statistic/storageQuery?remark=2
INFO: [ app_init ] --START--
INFO: Run Behavior\BuildLiteBehavior [ RunTime:0.000024s ]
INFO: [ app_init ] --END-- [ RunTime:0.000502s ]
INFO: [ app_begin ] --START--
INFO: Run Behavior\ReadHtmlCacheBehavior [ RunTime:0.000598s ]
INFO: [ app_begin ] --END-- [ RunTime:0.000668s ]
SQL: SHOW COLUMNS FROM `storage` [ RunTime:0.0042s ]
SQL: SELECT * FROM `storage` WHERE `remark` = 2  [ RunTime:0.0005s ]

[ 2015-06-26T09:22:07+08:00 ] 127.0.0.1 /Esms/server/index.php/Home/Statistic/storageQuery?col_3=%E5%88%98%E7%A3%8A&remark=2
INFO: [ app_init ] --START--
INFO: Run Behavior\BuildLiteBehavior [ RunTime:0.000035s ]
INFO: [ app_init ] --END-- [ RunTime:0.000998s ]
INFO: [ app_begin ] --START--
INFO: Run Behavior\ReadHtmlCacheBehavior [ RunTime:0.001338s ]
INFO: [ app_begin ] --END-- [ RunTime:0.001465s ]
SQL: SHOW COLUMNS FROM `storage` [ RunTime:0.0101s ]
SQL: SELECT * FROM `storage` WHERE `col_3` = '刘磊' AND `remark` = 2  [ RunTime:0.0011s ]

[ 2015-06-26T09:22:10+08:00 ] 127.0.0.1 /Esms/server/index.php/Home/Statistic/stockQuery?name=&col=
INFO: [ app_init ] --START--
INFO: Run Behavior\BuildLiteBehavior [ RunTime:0.000017s ]
INFO: [ app_init ] --END-- [ RunTime:0.000495s ]
INFO: [ app_begin ] --START--
INFO: Run Behavior\ReadHtmlCacheBehavior [ RunTime:0.000663s ]
INFO: [ app_begin ] --END-- [ RunTime:0.000724s ]
SQL: SHOW COLUMNS FROM `stock` [ RunTime:0.0049s ]
SQL: SELECT * FROM `stock`  [ RunTime:0.0005s ]

[ 2015-06-26T09:22:11+08:00 ] 127.0.0.1 /Esms/server/index.php/Home/Statistic/stockQuery?name=%E5%B0%8F%E7%B1%B3+note&col=%E8%B4%A7%E6%9E%B61
INFO: [ app_init ] --START--
INFO: Run Behavior\BuildLiteBehavior [ RunTime:0.000034s ]
INFO: [ app_init ] --END-- [ RunTime:0.000975s ]
INFO: [ app_begin ] --START--
INFO: Run Behavior\ReadHtmlCacheBehavior [ RunTime:0.001337s ]
INFO: [ app_begin ] --END-- [ RunTime:0.001465s ]
SQL: SHOW COLUMNS FROM `stock` [ RunTime:0.0099s ]
SQL: SELECT * FROM `stock` WHERE `name` = '小米 note' AND `col` = '货架1'  [ RunTime:0.0009s ]

[ 2015-06-26T09:22:12+08:00 ] 127.0.0.1 /Esms/server/index.php/Home/Statistic/storageQuery?remark=4
INFO: [ app_init ] --START--
INFO: Run Behavior\BuildLiteBehavior [ RunTime:0.000021s ]
INFO: [ app_init ] --END-- [ RunTime:0.000524s ]
INFO: [ app_begin ] --START--
INFO: Run Behavior\ReadHtmlCacheBehavior [ RunTime:0.000751s ]
INFO: [ app_begin ] --END-- [ RunTime:0.000830s ]
SQL: SHOW COLUMNS FROM `storage` [ RunTime:0.0041s ]
SQL: SELECT * FROM `storage` WHERE `remark` = 4  [ RunTime:0.0004s ]

[ 2015-06-26T09:22:14+08:00 ] 127.0.0.1 /Esms/server/index.php/Home/Statistic/storageQuery?col_3=%E8%B4%A7%E6%9E%B62&remark=4
INFO: [ app_init ] --START--
INFO: Run Behavior\BuildLiteBehavior [ RunTime:0.000031s ]
INFO: [ app_init ] --END-- [ RunTime:0.000968s ]
INFO: [ app_begin ] --START--
INFO: Run Behavior\ReadHtmlCacheBehavior [ RunTime:0.001325s ]
INFO: [ app_begin ] --END-- [ RunTime:0.001451s ]
SQL: SHOW COLUMNS FROM `storage` [ RunTime:0.0096s ]
SQL: SELECT * FROM `storage` WHERE `col_3` = '货架2' AND `remark` = 4  [ RunTime:0.0010s ]

[ 2015-06-26T09:23:18+08:00 ] 127.0.0.1 /Esms/server/index.php/Home/User/getResource
INFO: [ app_init ] --START--
INFO: Run Behavior\BuildLiteBehavior [ RunTime:0.000014s ]
INFO: [ app_init ] --END-- [ RunTime:0.000446s ]
INFO: [ app_begin ] --START--
INFO: Run Behavior\ReadHtmlCacheBehavior [ RunTime:0.000645s ]
INFO: [ app_begin ] --END-- [ RunTime:0.000697s ]
SQL: SHOW COLUMNS FROM `resource` [ RunTime:0.0040s ]
SQL: SELECT * FROM `resource`  [ RunTime:0.0005s ]

[ 2015-06-26T09:23:23+08:00 ] 127.0.0.1 /Esms/server/index.php/Home/User/getAResource?r_id=4
INFO: [ app_init ] --START--
INFO: Run Behavior\BuildLiteBehavior [ RunTime:0.000030s ]
INFO: [ app_init ] --END-- [ RunTime:0.001030s ]
INFO: [ app_begin ] --START--
INFO: Run Behavior\ReadHtmlCacheBehavior [ RunTime:0.001603s ]
INFO: [ app_begin ] --END-- [ RunTime:0.001720s ]
SQL: SHOW COLUMNS FROM `resource` [ RunTime:0.0077s ]
SQL: SELECT * FROM `resource` WHERE ( r_id=4 )  [ RunTime:0.0009s ]

[ 2015-06-26T09:23:26+08:00 ] 127.0.0.1 /Esms/server/index.php/Home/User/updateResource
INFO: [ app_init ] --START--
INFO: Run Behavior\BuildLiteBehavior [ RunTime:0.000034s ]
INFO: [ app_init ] --END-- [ RunTime:0.001045s ]
INFO: [ app_begin ] --START--
INFO: Run Behavior\ReadHtmlCacheBehavior [ RunTime:0.001730s ]
INFO: [ app_begin ] --END-- [ RunTime:0.001862s ]
SQL: SHOW COLUMNS FROM `resource` [ RunTime:0.0061s ]
SQL: UPDATE `resource` SET `info`='资源000',`status`='正常' WHERE `r_id` = 4 [ RunTime:0.1490s ]

[ 2015-06-26T09:23:26+08:00 ] 127.0.0.1 /Esms/server/index.php/Home/User/getResource
INFO: [ app_init ] --START--
INFO: Run Behavior\BuildLiteBehavior [ RunTime:0.000015s ]
INFO: [ app_init ] --END-- [ RunTime:0.000388s ]
INFO: [ app_begin ] --START--
INFO: Run Behavior\ReadHtmlCacheBehavior [ RunTime:0.000646s ]
INFO: [ app_begin ] --END-- [ RunTime:0.000694s ]
SQL: SHOW COLUMNS FROM `resource` [ RunTime:0.0040s ]
SQL: SELECT * FROM `resource`  [ RunTime:0.0005s ]

[ 2015-06-26T09:23:29+08:00 ] 127.0.0.1 /Esms/server/index.php/Home/User/getUser?userid=1
INFO: [ app_init ] --START--
INFO: Run Behavior\BuildLiteBehavior [ RunTime:0.000016s ]
INFO: [ app_init ] --END-- [ RunTime:0.000563s ]
INFO: [ app_begin ] --START--
INFO: Run Behavior\ReadHtmlCacheBehavior [ RunTime:0.000789s ]
INFO: [ app_begin ] --END-- [ RunTime:0.000854s ]
SQL: SHOW COLUMNS FROM `user` [ RunTime:0.0046s ]
SQL: SELECT `u_id`,`username`,`usertype`,`type`,`createtime`,`lasttime` FROM `user` `u`,`department` `d` WHERE ( u.d_id=d.d_id )  [ RunTime:0.0005s ]

[ 2015-06-26T09:23:42+08:00 ] 127.0.0.1 /Esms/server/index.php/Home/User/getUser?userid=1
INFO: [ app_init ] --START--
INFO: Run Behavior\BuildLiteBehavior [ RunTime:0.000015s ]
INFO: [ app_init ] --END-- [ RunTime:0.000369s ]
INFO: [ app_begin ] --START--
INFO: Run Behavior\ReadHtmlCacheBehavior [ RunTime:0.000735s ]
INFO: [ app_begin ] --END-- [ RunTime:0.000785s ]
SQL: SHOW COLUMNS FROM `user` [ RunTime:0.0046s ]
SQL: SELECT `u_id`,`username`,`usertype`,`type`,`createtime`,`lasttime` FROM `user` `u`,`department` `d` WHERE ( u.d_id=d.d_id )  [ RunTime:0.0006s ]

[ 2015-06-26T09:25:11+08:00 ] 127.0.0.1 /Esms/server/index.php/Home/Index/loginCheck?username=xinliuruoxi&password=ztf123245
INFO: [ app_init ] --START--
INFO: Run Behavior\BuildLiteBehavior [ RunTime:0.000032s ]
INFO: [ app_init ] --END-- [ RunTime:0.001059s ]
INFO: [ app_begin ] --START--
INFO: Run Behavior\ReadHtmlCacheBehavior [ RunTime:0.001547s ]
INFO: [ app_begin ] --END-- [ RunTime:0.001677s ]
SQL: SHOW COLUMNS FROM `user` [ RunTime:0.0058s ]
SQL: SELECT * FROM `user` WHERE `username` = 'xinliuruoxi' AND `password` = 'ztf123245'  [ RunTime:0.0007s ]
SQL: UPDATE `user` SET `lasttime`='15-06-26 09:25:11' WHERE `username` = 'xinliuruoxi' AND `password` = 'ztf123245' [ RunTime:0.1239s ]

[ 2015-06-26T09:25:13+08:00 ] 127.0.0.1 /Esms/server/index.php/Home/User/getResource
INFO: [ app_init ] --START--
INFO: Run Behavior\BuildLiteBehavior [ RunTime:0.000018s ]
INFO: [ app_init ] --END-- [ RunTime:0.000697s ]
INFO: [ app_begin ] --START--
INFO: Run Behavior\ReadHtmlCacheBehavior [ RunTime:0.000605s ]
INFO: [ app_begin ] --END-- [ RunTime:0.000693s ]
SQL: SHOW COLUMNS FROM `resource` [ RunTime:0.0040s ]
SQL: SELECT * FROM `resource`  [ RunTime:0.0005s ]

[ 2015-06-26T09:25:18+08:00 ] 127.0.0.1 /Esms/server/index.php/Home/User/getResource
INFO: [ app_init ] --START--
INFO: Run Behavior\BuildLiteBehavior [ RunTime:0.000025s ]
INFO: [ app_init ] --END-- [ RunTime:0.000591s ]
INFO: [ app_begin ] --START--
INFO: Run Behavior\ReadHtmlCacheBehavior [ RunTime:0.001587s ]
INFO: [ app_begin ] --END-- [ RunTime:0.001721s ]
SQL: SHOW COLUMNS FROM `resource` [ RunTime:0.0040s ]
SQL: SELECT * FROM `resource`  [ RunTime:0.0004s ]

[ 2015-06-26T09:25:18+08:00 ] 127.0.0.1 /Esms/server/index.php/Home/User/getUser?userid=1
INFO: [ app_init ] --START--
INFO: Run Behavior\BuildLiteBehavior [ RunTime:0.000016s ]
INFO: [ app_init ] --END-- [ RunTime:0.000530s ]
INFO: [ app_begin ] --START--
INFO: Run Behavior\ReadHtmlCacheBehavior [ RunTime:0.000551s ]
INFO: [ app_begin ] --END-- [ RunTime:0.000603s ]
SQL: SHOW COLUMNS FROM `user` [ RunTime:0.0038s ]
SQL: SELECT `u_id`,`username`,`usertype`,`type`,`createtime`,`lasttime` FROM `user` `u`,`department` `d` WHERE ( u.d_id=d.d_id )  [ RunTime:0.0005s ]

[ 2015-06-26T09:25:20+08:00 ] 127.0.0.1 /Esms/server/index.php/Home/User/getDepartment?userid=1
INFO: [ app_init ] --START--
INFO: Run Behavior\BuildLiteBehavior [ RunTime:0.000022s ]
INFO: [ app_init ] --END-- [ RunTime:0.000634s ]
INFO: [ app_begin ] --START--
INFO: Run Behavior\ReadHtmlCacheBehavior [ RunTime:0.000870s ]
INFO: [ app_begin ] --END-- [ RunTime:0.000949s ]
SQL: SHOW COLUMNS FROM `department` [ RunTime:0.0055s ]
SQL: SELECT * FROM `department`  [ RunTime:0.0006s ]

[ 2015-06-26T09:25:24+08:00 ] 127.0.0.1 /Esms/server/index.php/Home/User/getUser?userid=1
INFO: [ app_init ] --START--
INFO: Run Behavior\BuildLiteBehavior [ RunTime:0.000021s ]
INFO: [ app_init ] --END-- [ RunTime:0.000743s ]
INFO: [ app_begin ] --START--
INFO: Run Behavior\ReadHtmlCacheBehavior [ RunTime:0.000939s ]
INFO: [ app_begin ] --END-- [ RunTime:0.001029s ]
SQL: SHOW COLUMNS FROM `user` [ RunTime:0.0061s ]
SQL: SELECT `u_id`,`username`,`usertype`,`type`,`createtime`,`lasttime` FROM `user` `u`,`department` `d` WHERE ( u.d_id=d.d_id )  [ RunTime:0.0007s ]

[ 2015-06-26T09:25:26+08:00 ] 127.0.0.1 /Esms/server/index.php/Home/User/getDepartment
INFO: [ app_init ] --START--
INFO: Run Behavior\BuildLiteBehavior [ RunTime:0.000033s ]
INFO: [ app_init ] --END-- [ RunTime:0.000785s ]
INFO: [ app_begin ] --START--
INFO: Run Behavior\ReadHtmlCacheBehavior [ RunTime:0.001246s ]
INFO: [ app_begin ] --END-- [ RunTime:0.001458s ]
SQL: SHOW COLUMNS FROM `department` [ RunTime:0.0045s ]
SQL: SELECT * FROM `department`  [ RunTime:0.0008s ]

[ 2015-06-26T09:25:26+08:00 ] 127.0.0.1 /Esms/server/index.php/Home/User/getOne?userid=1
INFO: [ app_init ] --START--
INFO: Run Behavior\BuildLiteBehavior [ RunTime:0.000024s ]
INFO: [ app_init ] --END-- [ RunTime:0.000575s ]
INFO: [ app_begin ] --START--
INFO: Run Behavior\ReadHtmlCacheBehavior [ RunTime:0.000889s ]
INFO: [ app_begin ] --END-- [ RunTime:0.000983s ]
SQL: SHOW COLUMNS FROM `user` [ RunTime:0.0041s ]
SQL: SELECT * FROM `user` WHERE ( u_id=1 )  [ RunTime:0.0004s ]
SQL: SHOW COLUMNS FROM `department` [ RunTime:0.0056s ]
SQL: SELECT * FROM `department`  [ RunTime:0.0003s ]

[ 2015-06-26T09:25:30+08:00 ] 127.0.0.1 /Esms/server/index.php/Home/User/getUser?userid=1
INFO: [ app_init ] --START--
INFO: Run Behavior\BuildLiteBehavior [ RunTime:0.000020s ]
INFO: [ app_init ] --END-- [ RunTime:0.000505s ]
INFO: [ app_begin ] --START--
INFO: Run Behavior\ReadHtmlCacheBehavior [ RunTime:0.000724s ]
INFO: [ app_begin ] --END-- [ RunTime:0.000796s ]
SQL: SHOW COLUMNS FROM `user` [ RunTime:0.0144s ]
SQL: SELECT `u_id`,`username`,`usertype`,`type`,`createtime`,`lasttime` FROM `user` `u`,`department` `d` WHERE ( u.d_id=d.d_id )  [ RunTime:0.0011s ]

[ 2015-06-26T09:25:36+08:00 ] 127.0.0.1 /Esms/server/index.php/Home/User/getDepartment
INFO: [ app_init ] --START--
INFO: Run Behavior\BuildLiteBehavior [ RunTime:0.000020s ]
INFO: [ app_init ] --END-- [ RunTime:0.000600s ]
INFO: [ app_begin ] --START--
INFO: Run Behavior\ReadHtmlCacheBehavior [ RunTime:0.000909s ]
INFO: [ app_begin ] --END-- [ RunTime:0.000997s ]
SQL: SHOW COLUMNS FROM `department` [ RunTime:0.0052s ]
SQL: SELECT * FROM `department`  [ RunTime:0.0005s ]

[ 2015-06-26T09:25:39+08:00 ] 127.0.0.1 /Esms/server/index.php/Home/User/getUser?userid=1
INFO: [ app_init ] --START--
INFO: Run Behavior\BuildLiteBehavior [ RunTime:0.000022s ]
INFO: [ app_init ] --END-- [ RunTime:0.000857s ]
INFO: [ app_begin ] --START--
INFO: Run Behavior\ReadHtmlCacheBehavior [ RunTime:0.001145s ]
INFO: [ app_begin ] --END-- [ RunTime:0.001249s ]
SQL: SHOW COLUMNS FROM `user` [ RunTime:0.0064s ]
SQL: SELECT `u_id`,`username`,`usertype`,`type`,`createtime`,`lasttime` FROM `user` `u`,`department` `d` WHERE ( u.d_id=d.d_id )  [ RunTime:0.0008s ]

[ 2015-06-26T09:54:13+08:00 ] 127.0.0.1 /Esms/server/index.php/Home/Index/loginCheck?username=xinliuruoxi&password=ztf123245
INFO: [ app_init ] --START--
INFO: Run Behavior\BuildLiteBehavior [ RunTime:0.000035s ]
INFO: [ app_init ] --END-- [ RunTime:0.001145s ]
INFO: [ app_begin ] --START--
INFO: Run Behavior\ReadHtmlCacheBehavior [ RunTime:0.001558s ]
INFO: [ app_begin ] --END-- [ RunTime:0.001688s ]
SQL: SHOW COLUMNS FROM `user` [ RunTime:0.0068s ]
SQL: SELECT * FROM `user` WHERE `username` = 'xinliuruoxi' AND `password` = 'ztf123245'  [ RunTime:0.0007s ]
SQL: UPDATE `user` SET `lasttime`='15-06-26 09:54:13' WHERE `username` = 'xinliuruoxi' AND `password` = 'ztf123245' [ RunTime:0.0725s ]

[ 2015-06-26T09:54:17+08:00 ] 127.0.0.1 /Esms/server/index.php/Home/Statistic/storageQuery?remark=1
INFO: [ app_init ] --START--
INFO: Run Behavior\BuildLiteBehavior [ RunTime:0.000023s ]
INFO: [ app_init ] --END-- [ RunTime:0.000578s ]
INFO: [ app_begin ] --START--
INFO: Run Behavior\ReadHtmlCacheBehavior [ RunTime:0.000795s ]
INFO: [ app_begin ] --END-- [ RunTime:0.000877s ]
SQL: SHOW COLUMNS FROM `storage` [ RunTime:0.0058s ]
SQL: SELECT * FROM `storage` WHERE `remark` = 1  [ RunTime:0.0004s ]

[ 2015-06-26T09:54:18+08:00 ] 127.0.0.1 /Esms/server/index.php/Home/Statistic/storageQuery?col_3=%E6%9C%BA%E6%A2%B0%E5%B7%A5%E4%B8%9A%E5%87%BA%E7%89%88%E7%A4%BE&remark=1
INFO: [ app_init ] --START--
INFO: Run Behavior\BuildLiteBehavior [ RunTime:0.000019s ]
INFO: [ app_init ] --END-- [ RunTime:0.000625s ]
INFO: [ app_begin ] --START--
INFO: Run Behavior\ReadHtmlCacheBehavior [ RunTime:0.000763s ]
INFO: [ app_begin ] --END-- [ RunTime:0.000832s ]
SQL: SHOW COLUMNS FROM `storage` [ RunTime:0.0053s ]
SQL: SELECT * FROM `storage` WHERE `col_3` = '机械工业出版社' AND `remark` = 1  [ RunTime:0.0007s ]

[ 2015-06-26T09:54:19+08:00 ] 127.0.0.1 /Esms/server/index.php/Home/Statistic/storageQuery?remark=2
INFO: [ app_init ] --START--
INFO: Run Behavior\BuildLiteBehavior [ RunTime:0.000046s ]
INFO: [ app_init ] --END-- [ RunTime:0.000803s ]
INFO: [ app_begin ] --START--
INFO: Run Behavior\ReadHtmlCacheBehavior [ RunTime:0.000907s ]
INFO: [ app_begin ] --END-- [ RunTime:0.001010s ]
SQL: SHOW COLUMNS FROM `storage` [ RunTime:0.0038s ]
SQL: SELECT * FROM `storage` WHERE `remark` = 2  [ RunTime:0.0004s ]

[ 2015-06-26T09:54:21+08:00 ] 127.0.0.1 /Esms/server/index.php/Home/User/getUser?userid=1
INFO: [ app_init ] --START--
INFO: Run Behavior\BuildLiteBehavior [ RunTime:0.000024s ]
INFO: [ app_init ] --END-- [ RunTime:0.000575s ]
INFO: [ app_begin ] --START--
INFO: Run Behavior\ReadHtmlCacheBehavior [ RunTime:0.000672s ]
INFO: [ app_begin ] --END-- [ RunTime:0.000747s ]
SQL: SHOW COLUMNS FROM `user` [ RunTime:0.0039s ]
SQL: SELECT `u_id`,`username`,`usertype`,`type`,`createtime`,`lasttime` FROM `user` `u`,`department` `d` WHERE ( u.d_id=d.d_id )  [ RunTime:0.0005s ]

[ 2015-06-26T09:54:22+08:00 ] 127.0.0.1 /Esms/server/index.php/Home/User/getResource
INFO: [ app_init ] --START--
INFO: Run Behavior\BuildLiteBehavior [ RunTime:0.000021s ]
INFO: [ app_init ] --END-- [ RunTime:0.000680s ]
INFO: [ app_begin ] --START--
INFO: Run Behavior\ReadHtmlCacheBehavior [ RunTime:0.000975s ]
INFO: [ app_begin ] --END-- [ RunTime:0.001078s ]
SQL: SHOW COLUMNS FROM `resource` [ RunTime:0.0043s ]
SQL: SELECT * FROM `resource`  [ RunTime:0.0005s ]

[ 2015-06-26T09:54:22+08:00 ] 127.0.0.1 /Esms/server/index.php/Home/User/getDepartment?userid=1
INFO: [ app_init ] --START--
INFO: Run Behavior\BuildLiteBehavior [ RunTime:0.000022s ]
INFO: [ app_init ] --END-- [ RunTime:0.000610s ]
INFO: [ app_begin ] --START--
INFO: Run Behavior\ReadHtmlCacheBehavior [ RunTime:0.000856s ]
INFO: [ app_begin ] --END-- [ RunTime:0.000938s ]
SQL: SHOW COLUMNS FROM `department` [ RunTime:0.0040s ]
SQL: SELECT * FROM `department`  [ RunTime:0.0004s ]

